                              1 ;--------------------------------------------------------
                              2 ; File Created by SDCC : free open source ANSI-C Compiler
                              3 ; Version 3.1.0 #7066 (Nov 22 2011) (Linux)
                              4 ; This file was generated Sat Feb 18 15:32:43 2012
                              5 ;--------------------------------------------------------
                              6 	.module acomp_configure
                              7 	.optsdcc -mmcs51 --model-large
                              8 	
                              9 ;--------------------------------------------------------
                             10 ; Public variables in this module
                             11 ;--------------------------------------------------------
                             12 	.globl _adc_set_input_channel
                             13 	.globl _FSR_SB_ENDBG
                             14 	.globl _FSR_SB_STP
                             15 	.globl _FSR_SB_WEN
                             16 	.globl _FSR_SB_RDYN
                             17 	.globl _FSR_SB_INFEN
                             18 	.globl _FSR_SB_RDISMB
                             19 	.globl _RFCON_SB_RFCKEN
                             20 	.globl _RFCON_SB_RFCSN
                             21 	.globl _RFCON_SB_RFCE
                             22 	.globl _ADCON_SB_BD
                             23 	.globl _PSW_SB_P
                             24 	.globl _PSW_SB_F1
                             25 	.globl _PSW_SB_OV
                             26 	.globl _PSW_SB_RS0
                             27 	.globl _PSW_SB_RS1
                             28 	.globl _PSW_SB_F0
                             29 	.globl _PSW_SB_AC
                             30 	.globl _PSW_SB_CY
                             31 	.globl _T2CON_SB_T2PS
                             32 	.globl _T2CON_SB_I3FR
                             33 	.globl _T2CON_SB_I2FR
                             34 	.globl _T2CON_SB_T2R1
                             35 	.globl _T2CON_SB_T2R0
                             36 	.globl _T2CON_SB_T2CM
                             37 	.globl _T2CON_SB_T2I1
                             38 	.globl _T2CON_SB_T2I0
                             39 	.globl _IRCON_SB_EXF2
                             40 	.globl _IRCON_SB_TF2
                             41 	.globl _IRCON_SB_TICK
                             42 	.globl _IRCON_SB_MISCIRQ
                             43 	.globl _IRCON_SB_WUOPIRQ
                             44 	.globl _IRCON_SB_SPI_2WIRE
                             45 	.globl _IRCON_SB_RFIRQ
                             46 	.globl _IRCON_SB_RFRDY
                             47 	.globl _IEN1_SB_T2EXTRLD
                             48 	.globl _IEN1_SB_TICK
                             49 	.globl _IEN1_SB_MISCIRQ
                             50 	.globl _IEN1_SB_WUOPIRQ
                             51 	.globl _IEN1_SB_SPI_2WIRE
                             52 	.globl _IEN1_SB_RFIRQ
                             53 	.globl _IEN1_SB_RFRDY
                             54 	.globl _P3_SB_D7
                             55 	.globl _P3_SB_D6
                             56 	.globl _P3_SB_D5
                             57 	.globl _P3_SB_D4
                             58 	.globl _P3_SB_D3
                             59 	.globl _P3_SB_D2
                             60 	.globl _P3_SB_D1
                             61 	.globl _P3_SB_D0
                             62 	.globl _IEN0_SB_GLOBAL
                             63 	.globl _IEN0_SB_T2
                             64 	.globl _IEN0_SB_UART
                             65 	.globl _IEN0_SB_T1
                             66 	.globl _IEN0_SB_POFIRQ
                             67 	.globl _IEN0_SB_T0
                             68 	.globl _IEN0_SB_IFP
                             69 	.globl _P2_SB_D7
                             70 	.globl _P2_SB_D6
                             71 	.globl _P2_SB_D5
                             72 	.globl _P2_SB_D4
                             73 	.globl _P2_SB_D3
                             74 	.globl _P2_SB_D2
                             75 	.globl _P2_SB_D1
                             76 	.globl _P2_SB_D0
                             77 	.globl _S0CON_SB_SM0
                             78 	.globl _S0CON_SB_SM1
                             79 	.globl _S0CON_SB_SM20
                             80 	.globl _S0CON_SB_REN0
                             81 	.globl _S0CON_SB_TB80
                             82 	.globl _S0CON_SB_RB80
                             83 	.globl _S0CON_SB_TI0
                             84 	.globl _S0CON_SB_RI0
                             85 	.globl _P1_SB_D7
                             86 	.globl _P1_SB_D6
                             87 	.globl _P1_SB_D5
                             88 	.globl _P1_SB_D4
                             89 	.globl _P1_SB_D3
                             90 	.globl _P1_SB_D2
                             91 	.globl _P1_SB_D1
                             92 	.globl _P1_SB_D0
                             93 	.globl _TCON_SB_TF1
                             94 	.globl _TCON_SB_TR1
                             95 	.globl _TCON_SB_TF0
                             96 	.globl _TCON_SB_TR0
                             97 	.globl _TCON_SB_IE1
                             98 	.globl _TCON_SB_IT1
                             99 	.globl _TCON_SB_IE0
                            100 	.globl _TCON_SB_IT0
                            101 	.globl _P0_SB_D7
                            102 	.globl _P0_SB_D6
                            103 	.globl _P0_SB_D5
                            104 	.globl _P0_SB_D4
                            105 	.globl _P0_SB_D3
                            106 	.globl _P0_SB_D2
                            107 	.globl _P0_SB_D1
                            108 	.globl _P0_SB_D0
                            109 	.globl _ADCDAT
                            110 	.globl _S0REL
                            111 	.globl _T2
                            112 	.globl _T1
                            113 	.globl _T0
                            114 	.globl _CRC
                            115 	.globl _CC3
                            116 	.globl _CC2
                            117 	.globl _CC1
                            118 	.globl _SPIMDAT
                            119 	.globl _SPIMSTAT
                            120 	.globl _SPIMCON1
                            121 	.globl _SPIMCON0
                            122 	.globl _FCR
                            123 	.globl _FPCR
                            124 	.globl _FSR
                            125 	.globl _B
                            126 	.globl _ARCON
                            127 	.globl _MD5
                            128 	.globl _MD4
                            129 	.globl _MD3
                            130 	.globl _MD2
                            131 	.globl _MD1
                            132 	.globl _MD0
                            133 	.globl _RFCON
                            134 	.globl _SPIRDAT
                            135 	.globl _SPIRSTAT
                            136 	.globl _SPIRCON1
                            137 	.globl _SPIRCON0
                            138 	.globl _W2CON0
                            139 	.globl _W2CON1
                            140 	.globl _ACC
                            141 	.globl _CCPDATO
                            142 	.globl _CCPDATIB
                            143 	.globl _CCPDATIA
                            144 	.globl _POFCON
                            145 	.globl _COMPCON
                            146 	.globl _W2DAT
                            147 	.globl _W2SADR
                            148 	.globl _ADCON
                            149 	.globl _RNGDAT
                            150 	.globl _RNGCTL
                            151 	.globl _ADCDATL
                            152 	.globl _ADCDATH
                            153 	.globl _ADCCON1
                            154 	.globl _ADCCON2
                            155 	.globl _ADCCON3
                            156 	.globl _PSW
                            157 	.globl _WUOPC0
                            158 	.globl _WUOPC1
                            159 	.globl _TH2
                            160 	.globl _TL2
                            161 	.globl _CRCH
                            162 	.globl _CRCL
                            163 	.globl __XPAGE
                            164 	.globl _MPAGE
                            165 	.globl _T2CON
                            166 	.globl _CCH3
                            167 	.globl _CCL3
                            168 	.globl _CCH2
                            169 	.globl _CCL2
                            170 	.globl _CCH1
                            171 	.globl _CCL1
                            172 	.globl _CCEN
                            173 	.globl _IRCON
                            174 	.globl _SPISDAT
                            175 	.globl _SPISSTAT
                            176 	.globl _SPISCON1
                            177 	.globl _SPISCON0
                            178 	.globl _S0RELH
                            179 	.globl _IP1
                            180 	.globl _IEN1
                            181 	.globl _SPISRDSZ
                            182 	.globl _RTC2CPT00
                            183 	.globl _RTC2CMP1
                            184 	.globl _RTC2CMP0
                            185 	.globl _RTC2CON
                            186 	.globl _PWMCON
                            187 	.globl _RSTREAS
                            188 	.globl _P3
                            189 	.globl _WDSV
                            190 	.globl _OPMCON
                            191 	.globl _CLKLFCTRL
                            192 	.globl _RTC2CPT10
                            193 	.globl _RTC2CPT01
                            194 	.globl _S0RELL
                            195 	.globl _IP0
                            196 	.globl _IEN0
                            197 	.globl _MEMCON
                            198 	.globl _INTEXP
                            199 	.globl _WUCON
                            200 	.globl _PWRDWN
                            201 	.globl _CLKCTRL
                            202 	.globl _PWMDC1
                            203 	.globl _PWMDC0
                            204 	.globl _P2
                            205 	.globl _P1CON
                            206 	.globl _P0CON
                            207 	.globl _S0BUF
                            208 	.globl _S0CON
                            209 	.globl _P2CON
                            210 	.globl _P3DIR
                            211 	.globl _P2DIR
                            212 	.globl _P1DIR
                            213 	.globl _P0DIR
                            214 	.globl _DPS
                            215 	.globl _P1
                            216 	.globl _P3CON
                            217 	.globl _TH1
                            218 	.globl _TH0
                            219 	.globl _TL1
                            220 	.globl _TL0
                            221 	.globl _TMOD
                            222 	.globl _TCON
                            223 	.globl _PCON
                            224 	.globl _DPH1
                            225 	.globl _DPL1
                            226 	.globl _DPH
                            227 	.globl _DPL
                            228 	.globl _SP
                            229 	.globl _P0
                            230 	.globl _acomp_configure_PARM_2
                            231 	.globl _acomp_configure
                            232 ;--------------------------------------------------------
                            233 ; special function registers
                            234 ;--------------------------------------------------------
                            235 	.area RSEG    (ABS,DATA)
   0000                     236 	.org 0x0000
                    0080    237 _P0	=	0x0080
                    0081    238 _SP	=	0x0081
                    0082    239 _DPL	=	0x0082
                    0083    240 _DPH	=	0x0083
                    0084    241 _DPL1	=	0x0084
                    0085    242 _DPH1	=	0x0085
                    0087    243 _PCON	=	0x0087
                    0088    244 _TCON	=	0x0088
                    0089    245 _TMOD	=	0x0089
                    008A    246 _TL0	=	0x008a
                    008B    247 _TL1	=	0x008b
                    008C    248 _TH0	=	0x008c
                    008D    249 _TH1	=	0x008d
                    008F    250 _P3CON	=	0x008f
                    0090    251 _P1	=	0x0090
                    0092    252 _DPS	=	0x0092
                    0093    253 _P0DIR	=	0x0093
                    0094    254 _P1DIR	=	0x0094
                    0095    255 _P2DIR	=	0x0095
                    0096    256 _P3DIR	=	0x0096
                    0097    257 _P2CON	=	0x0097
                    0098    258 _S0CON	=	0x0098
                    0099    259 _S0BUF	=	0x0099
                    009E    260 _P0CON	=	0x009e
                    009F    261 _P1CON	=	0x009f
                    00A0    262 _P2	=	0x00a0
                    00A1    263 _PWMDC0	=	0x00a1
                    00A2    264 _PWMDC1	=	0x00a2
                    00A3    265 _CLKCTRL	=	0x00a3
                    00A4    266 _PWRDWN	=	0x00a4
                    00A5    267 _WUCON	=	0x00a5
                    00A6    268 _INTEXP	=	0x00a6
                    00A7    269 _MEMCON	=	0x00a7
                    00A8    270 _IEN0	=	0x00a8
                    00A9    271 _IP0	=	0x00a9
                    00AA    272 _S0RELL	=	0x00aa
                    00AB    273 _RTC2CPT01	=	0x00ab
                    00AC    274 _RTC2CPT10	=	0x00ac
                    00AD    275 _CLKLFCTRL	=	0x00ad
                    00AE    276 _OPMCON	=	0x00ae
                    00AF    277 _WDSV	=	0x00af
                    00B0    278 _P3	=	0x00b0
                    00B1    279 _RSTREAS	=	0x00b1
                    00B2    280 _PWMCON	=	0x00b2
                    00B3    281 _RTC2CON	=	0x00b3
                    00B4    282 _RTC2CMP0	=	0x00b4
                    00B5    283 _RTC2CMP1	=	0x00b5
                    00B6    284 _RTC2CPT00	=	0x00b6
                    00B7    285 _SPISRDSZ	=	0x00b7
                    00B8    286 _IEN1	=	0x00b8
                    00B9    287 _IP1	=	0x00b9
                    00BA    288 _S0RELH	=	0x00ba
                    00BC    289 _SPISCON0	=	0x00bc
                    00BD    290 _SPISCON1	=	0x00bd
                    00BE    291 _SPISSTAT	=	0x00be
                    00BF    292 _SPISDAT	=	0x00bf
                    00C0    293 _IRCON	=	0x00c0
                    00C1    294 _CCEN	=	0x00c1
                    00C2    295 _CCL1	=	0x00c2
                    00C3    296 _CCH1	=	0x00c3
                    00C4    297 _CCL2	=	0x00c4
                    00C5    298 _CCH2	=	0x00c5
                    00C6    299 _CCL3	=	0x00c6
                    00C7    300 _CCH3	=	0x00c7
                    00C8    301 _T2CON	=	0x00c8
                    00C9    302 _MPAGE	=	0x00c9
                    00C9    303 __XPAGE	=	0x00c9
                    00CA    304 _CRCL	=	0x00ca
                    00CB    305 _CRCH	=	0x00cb
                    00CC    306 _TL2	=	0x00cc
                    00CD    307 _TH2	=	0x00cd
                    00CE    308 _WUOPC1	=	0x00ce
                    00CF    309 _WUOPC0	=	0x00cf
                    00D0    310 _PSW	=	0x00d0
                    00D1    311 _ADCCON3	=	0x00d1
                    00D2    312 _ADCCON2	=	0x00d2
                    00D3    313 _ADCCON1	=	0x00d3
                    00D4    314 _ADCDATH	=	0x00d4
                    00D5    315 _ADCDATL	=	0x00d5
                    00D6    316 _RNGCTL	=	0x00d6
                    00D7    317 _RNGDAT	=	0x00d7
                    00D8    318 _ADCON	=	0x00d8
                    00D9    319 _W2SADR	=	0x00d9
                    00DA    320 _W2DAT	=	0x00da
                    00DB    321 _COMPCON	=	0x00db
                    00DC    322 _POFCON	=	0x00dc
                    00DD    323 _CCPDATIA	=	0x00dd
                    00DE    324 _CCPDATIB	=	0x00de
                    00DF    325 _CCPDATO	=	0x00df
                    00E0    326 _ACC	=	0x00e0
                    00E1    327 _W2CON1	=	0x00e1
                    00E2    328 _W2CON0	=	0x00e2
                    00E4    329 _SPIRCON0	=	0x00e4
                    00E5    330 _SPIRCON1	=	0x00e5
                    00E6    331 _SPIRSTAT	=	0x00e6
                    00E7    332 _SPIRDAT	=	0x00e7
                    00E8    333 _RFCON	=	0x00e8
                    00E9    334 _MD0	=	0x00e9
                    00EA    335 _MD1	=	0x00ea
                    00EB    336 _MD2	=	0x00eb
                    00EC    337 _MD3	=	0x00ec
                    00ED    338 _MD4	=	0x00ed
                    00EE    339 _MD5	=	0x00ee
                    00EF    340 _ARCON	=	0x00ef
                    00F0    341 _B	=	0x00f0
                    00F8    342 _FSR	=	0x00f8
                    00F9    343 _FPCR	=	0x00f9
                    00FA    344 _FCR	=	0x00fa
                    00FC    345 _SPIMCON0	=	0x00fc
                    00FD    346 _SPIMCON1	=	0x00fd
                    00FE    347 _SPIMSTAT	=	0x00fe
                    00FF    348 _SPIMDAT	=	0x00ff
                    C3C2    349 _CC1	=	0xc3c2
                    C5C4    350 _CC2	=	0xc5c4
                    C7C6    351 _CC3	=	0xc7c6
                    CBCA    352 _CRC	=	0xcbca
                    8C8A    353 _T0	=	0x8c8a
                    8D8B    354 _T1	=	0x8d8b
                    CDCC    355 _T2	=	0xcdcc
                    BAAA    356 _S0REL	=	0xbaaa
                    D4D5    357 _ADCDAT	=	0xd4d5
                            358 ;--------------------------------------------------------
                            359 ; special function bits
                            360 ;--------------------------------------------------------
                            361 	.area RSEG    (ABS,DATA)
   0000                     362 	.org 0x0000
                    0080    363 _P0_SB_D0	=	0x0080
                    0081    364 _P0_SB_D1	=	0x0081
                    0082    365 _P0_SB_D2	=	0x0082
                    0083    366 _P0_SB_D3	=	0x0083
                    0084    367 _P0_SB_D4	=	0x0084
                    0085    368 _P0_SB_D5	=	0x0085
                    0086    369 _P0_SB_D6	=	0x0086
                    0087    370 _P0_SB_D7	=	0x0087
                    0088    371 _TCON_SB_IT0	=	0x0088
                    0089    372 _TCON_SB_IE0	=	0x0089
                    008A    373 _TCON_SB_IT1	=	0x008a
                    008B    374 _TCON_SB_IE1	=	0x008b
                    008C    375 _TCON_SB_TR0	=	0x008c
                    008D    376 _TCON_SB_TF0	=	0x008d
                    008E    377 _TCON_SB_TR1	=	0x008e
                    008F    378 _TCON_SB_TF1	=	0x008f
                    0090    379 _P1_SB_D0	=	0x0090
                    0091    380 _P1_SB_D1	=	0x0091
                    0092    381 _P1_SB_D2	=	0x0092
                    0093    382 _P1_SB_D3	=	0x0093
                    0094    383 _P1_SB_D4	=	0x0094
                    0095    384 _P1_SB_D5	=	0x0095
                    0096    385 _P1_SB_D6	=	0x0096
                    0097    386 _P1_SB_D7	=	0x0097
                    0098    387 _S0CON_SB_RI0	=	0x0098
                    0099    388 _S0CON_SB_TI0	=	0x0099
                    009A    389 _S0CON_SB_RB80	=	0x009a
                    009B    390 _S0CON_SB_TB80	=	0x009b
                    009C    391 _S0CON_SB_REN0	=	0x009c
                    009D    392 _S0CON_SB_SM20	=	0x009d
                    009E    393 _S0CON_SB_SM1	=	0x009e
                    009F    394 _S0CON_SB_SM0	=	0x009f
                    00A0    395 _P2_SB_D0	=	0x00a0
                    00A1    396 _P2_SB_D1	=	0x00a1
                    00A2    397 _P2_SB_D2	=	0x00a2
                    00A3    398 _P2_SB_D3	=	0x00a3
                    00A4    399 _P2_SB_D4	=	0x00a4
                    00A5    400 _P2_SB_D5	=	0x00a5
                    00A6    401 _P2_SB_D6	=	0x00a6
                    00A7    402 _P2_SB_D7	=	0x00a7
                    00A8    403 _IEN0_SB_IFP	=	0x00a8
                    00A9    404 _IEN0_SB_T0	=	0x00a9
                    00AA    405 _IEN0_SB_POFIRQ	=	0x00aa
                    00AB    406 _IEN0_SB_T1	=	0x00ab
                    00AC    407 _IEN0_SB_UART	=	0x00ac
                    00AD    408 _IEN0_SB_T2	=	0x00ad
                    00AF    409 _IEN0_SB_GLOBAL	=	0x00af
                    00B0    410 _P3_SB_D0	=	0x00b0
                    00B1    411 _P3_SB_D1	=	0x00b1
                    00B2    412 _P3_SB_D2	=	0x00b2
                    00B3    413 _P3_SB_D3	=	0x00b3
                    00B4    414 _P3_SB_D4	=	0x00b4
                    00B5    415 _P3_SB_D5	=	0x00b5
                    00B6    416 _P3_SB_D6	=	0x00b6
                    00B7    417 _P3_SB_D7	=	0x00b7
                    00B8    418 _IEN1_SB_RFRDY	=	0x00b8
                    00B9    419 _IEN1_SB_RFIRQ	=	0x00b9
                    00BA    420 _IEN1_SB_SPI_2WIRE	=	0x00ba
                    00BB    421 _IEN1_SB_WUOPIRQ	=	0x00bb
                    00BC    422 _IEN1_SB_MISCIRQ	=	0x00bc
                    00BD    423 _IEN1_SB_TICK	=	0x00bd
                    00BF    424 _IEN1_SB_T2EXTRLD	=	0x00bf
                    00C0    425 _IRCON_SB_RFRDY	=	0x00c0
                    00C1    426 _IRCON_SB_RFIRQ	=	0x00c1
                    00C2    427 _IRCON_SB_SPI_2WIRE	=	0x00c2
                    00C3    428 _IRCON_SB_WUOPIRQ	=	0x00c3
                    00C4    429 _IRCON_SB_MISCIRQ	=	0x00c4
                    00C5    430 _IRCON_SB_TICK	=	0x00c5
                    00C6    431 _IRCON_SB_TF2	=	0x00c6
                    00C7    432 _IRCON_SB_EXF2	=	0x00c7
                    00C8    433 _T2CON_SB_T2I0	=	0x00c8
                    00C9    434 _T2CON_SB_T2I1	=	0x00c9
                    00CA    435 _T2CON_SB_T2CM	=	0x00ca
                    00CB    436 _T2CON_SB_T2R0	=	0x00cb
                    00CC    437 _T2CON_SB_T2R1	=	0x00cc
                    00CD    438 _T2CON_SB_I2FR	=	0x00cd
                    00CE    439 _T2CON_SB_I3FR	=	0x00ce
                    00CF    440 _T2CON_SB_T2PS	=	0x00cf
                    00D7    441 _PSW_SB_CY	=	0x00d7
                    00D6    442 _PSW_SB_AC	=	0x00d6
                    00D5    443 _PSW_SB_F0	=	0x00d5
                    00D4    444 _PSW_SB_RS1	=	0x00d4
                    00D3    445 _PSW_SB_RS0	=	0x00d3
                    00D2    446 _PSW_SB_OV	=	0x00d2
                    00D1    447 _PSW_SB_F1	=	0x00d1
                    00D0    448 _PSW_SB_P	=	0x00d0
                    00DF    449 _ADCON_SB_BD	=	0x00df
                    00E8    450 _RFCON_SB_RFCE	=	0x00e8
                    00E9    451 _RFCON_SB_RFCSN	=	0x00e9
                    00EA    452 _RFCON_SB_RFCKEN	=	0x00ea
                    00FA    453 _FSR_SB_RDISMB	=	0x00fa
                    00FB    454 _FSR_SB_INFEN	=	0x00fb
                    00FC    455 _FSR_SB_RDYN	=	0x00fc
                    00FD    456 _FSR_SB_WEN	=	0x00fd
                    00FE    457 _FSR_SB_STP	=	0x00fe
                    00FF    458 _FSR_SB_ENDBG	=	0x00ff
                            459 ;--------------------------------------------------------
                            460 ; overlayable register banks
                            461 ;--------------------------------------------------------
                            462 	.area REG_BANK_0	(REL,OVR,DATA)
   0000                     463 	.ds 8
                            464 ;--------------------------------------------------------
                            465 ; internal ram data
                            466 ;--------------------------------------------------------
                            467 	.area DSEG    (DATA)
                            468 ;--------------------------------------------------------
                            469 ; overlayable items in internal ram 
                            470 ;--------------------------------------------------------
                            471 	.area OSEG    (OVR,DATA)
                            472 ;--------------------------------------------------------
                            473 ; indirectly addressable internal ram data
                            474 ;--------------------------------------------------------
                            475 	.area ISEG    (DATA)
                            476 ;--------------------------------------------------------
                            477 ; absolute internal ram data
                            478 ;--------------------------------------------------------
                            479 	.area IABS    (ABS,DATA)
                            480 	.area IABS    (ABS,DATA)
                            481 ;--------------------------------------------------------
                            482 ; bit data
                            483 ;--------------------------------------------------------
                            484 	.area BSEG    (BIT)
                            485 ;--------------------------------------------------------
                            486 ; paged external ram data
                            487 ;--------------------------------------------------------
                            488 	.area PSEG    (PAG,XDATA)
                            489 ;--------------------------------------------------------
                            490 ; external ram data
                            491 ;--------------------------------------------------------
                            492 	.area XSEG    (XDATA)
   0000                     493 _acomp_configure_PARM_2:
   0000                     494 	.ds 1
   0001                     495 _acomp_configure_acomp_config_options_1_1:
   0001                     496 	.ds 1
                            497 ;--------------------------------------------------------
                            498 ; absolute external ram data
                            499 ;--------------------------------------------------------
                            500 	.area XABS    (ABS,XDATA)
                            501 ;--------------------------------------------------------
                            502 ; external initialized ram data
                            503 ;--------------------------------------------------------
                            504 	.area XISEG   (XDATA)
                            505 	.area HOME    (CODE)
                            506 	.area GSINIT0 (CODE)
                            507 	.area GSINIT1 (CODE)
                            508 	.area GSINIT2 (CODE)
                            509 	.area GSINIT3 (CODE)
                            510 	.area GSINIT4 (CODE)
                            511 	.area GSINIT5 (CODE)
                            512 	.area GSINIT  (CODE)
                            513 	.area GSFINAL (CODE)
                            514 	.area CSEG    (CODE)
                            515 ;--------------------------------------------------------
                            516 ; global & static initialisations
                            517 ;--------------------------------------------------------
                            518 	.area HOME    (CODE)
                            519 	.area GSINIT  (CODE)
                            520 	.area GSFINAL (CODE)
                            521 	.area GSINIT  (CODE)
                            522 ;--------------------------------------------------------
                            523 ; Home
                            524 ;--------------------------------------------------------
                            525 	.area HOME    (CODE)
                            526 	.area HOME    (CODE)
                            527 ;--------------------------------------------------------
                            528 ; code
                            529 ;--------------------------------------------------------
                            530 	.area CSEG    (CODE)
                            531 ;------------------------------------------------------------
                            532 ;Allocation info for local variables in function 'acomp_configure'
                            533 ;------------------------------------------------------------
                            534 ;adc_channel               Allocated with name '_acomp_configure_PARM_2'
                            535 ;acomp_config_options      Allocated with name '_acomp_configure_acomp_config_options_1_1'
                            536 ;------------------------------------------------------------
                            537 ;	src/acomp_configure.c:54: void acomp_configure(uint8_t acomp_config_options, adc_channel_t adc_channel)
                            538 ;	-----------------------------------------
                            539 ;	 function acomp_configure
                            540 ;	-----------------------------------------
   0000                     541 _acomp_configure:
                    0007    542 	ar7 = 0x07
                    0006    543 	ar6 = 0x06
                    0005    544 	ar5 = 0x05
                    0004    545 	ar4 = 0x04
                    0003    546 	ar3 = 0x03
                    0002    547 	ar2 = 0x02
                    0001    548 	ar1 = 0x01
                    0000    549 	ar0 = 0x00
   0000 E5 82               550 	mov	a,dpl
   0002 90s00r01            551 	mov	dptr,#_acomp_configure_acomp_config_options_1_1
   0005 F0                  552 	movx	@dptr,a
                            553 ;	src/acomp_configure.c:56: adc_set_input_channel(adc_channel);
   0006 90s00r00            554 	mov	dptr,#_acomp_configure_PARM_2
   0009 E0                  555 	movx	a,@dptr
   000A F5 82               556 	mov	dpl,a
   000C 12s00r00            557 	lcall	_adc_set_input_channel
                            558 ;	src/acomp_configure.c:59: if((acomp_config_options & (COMPCON_REF_SEL << ACOMP_CONFIG_OPTION_COMPCON_OFFSET_SHIFT)) != ACOMP_CONFIG_OPTION_REF_VDD)
   000F 90s00r01            559 	mov	dptr,#_acomp_configure_acomp_config_options_1_1
   0012 E0                  560 	movx	a,@dptr
   0013 FF                  561 	mov	r7,a
   0014 30 E1 0F            562 	jnb	acc.1,00102$
                            563 ;	src/acomp_configure.c:61: ADCCON1 = (ADCCON1 & ~ACOMP_CONFIG_OPTION_ADCCON1_WRITE_MASK) | ((acomp_config_options >> ACOMP_CONFIG_OPTION_ADCCON1_OFFSET_SHIFT) & ACOMP_CONFIG_OPTION_ADCCON1_WRITE_MASK);
   0017 AE D3               564 	mov	r6,_ADCCON1
   0019 53 06 FC            565 	anl	ar6,#0xFC
   001C EF                  566 	mov	a,r7
   001D C4                  567 	swap	a
   001E 03                  568 	rr	a
   001F 54 03               569 	anl	a,#(0x07&0x03)
   0021 FD                  570 	mov	r5,a
   0022 42 06               571 	orl	ar6,a
   0024 8E D3               572 	mov	_ADCCON1,r6
   0026                     573 00102$:
                            574 ;	src/acomp_configure.c:65: COMPCON = (COMPCON & ~ACOMP_CONFIG_OPTION_COMPCON_WRITE_MASK) | ((acomp_config_options >> ACOMP_CONFIG_OPTION_COMPCON_OFFSET_SHIFT) & ACOMP_CONFIG_OPTION_COMPCON_WRITE_MASK);
   0026 AE DB               575 	mov	r6,_COMPCON
   0028 53 06 E0            576 	anl	ar6,#0xE0
   002B 53 07 1F            577 	anl	ar7,#0x1F
   002E EF                  578 	mov	a,r7
   002F 42 06               579 	orl	ar6,a
   0031 8E DB               580 	mov	_COMPCON,r6
   0033 22                  581 	ret
                            582 	.area CSEG    (CODE)
                            583 	.area CONST   (CODE)
                            584 	.area XINIT   (CODE)
                            585 	.area CABS    (ABS,CODE)
