                              1 ;--------------------------------------------------------
                              2 ; File Created by SDCC : free open source ANSI-C Compiler
                              3 ; Version 2.9.0 #5416 (Feb  3 2010) (UNIX)
                              4 ; This file was generated Tue Jun 19 17:33:23 2012
                              5 ;--------------------------------------------------------
                              6 	.module rf_power_up_param
                              7 	.optsdcc -mmcs51 --model-large
                              8 	
                              9 ;--------------------------------------------------------
                             10 ; Public variables in this module
                             11 ;--------------------------------------------------------
                             12 	.globl _FSR_SB_ENDBG
                             13 	.globl _FSR_SB_STP
                             14 	.globl _FSR_SB_WEN
                             15 	.globl _FSR_SB_RDYN
                             16 	.globl _FSR_SB_INFEN
                             17 	.globl _FSR_SB_RDISMB
                             18 	.globl _RFCON_SB_RFCKEN
                             19 	.globl _RFCON_SB_RFCSN
                             20 	.globl _RFCON_SB_RFCE
                             21 	.globl _ADCON_SB_BD
                             22 	.globl _PSW_SB_P
                             23 	.globl _PSW_SB_F1
                             24 	.globl _PSW_SB_OV
                             25 	.globl _PSW_SB_RS0
                             26 	.globl _PSW_SB_RS1
                             27 	.globl _PSW_SB_F0
                             28 	.globl _PSW_SB_AC
                             29 	.globl _PSW_SB_CY
                             30 	.globl _T2CON_SB_T2PS
                             31 	.globl _T2CON_SB_I3FR
                             32 	.globl _T2CON_SB_I2FR
                             33 	.globl _T2CON_SB_T2R1
                             34 	.globl _T2CON_SB_T2R0
                             35 	.globl _T2CON_SB_T2CM
                             36 	.globl _T2CON_SB_T2I1
                             37 	.globl _T2CON_SB_T2I0
                             38 	.globl _IRCON_SB_EXF2
                             39 	.globl _IRCON_SB_TF2
                             40 	.globl _IRCON_SB_TICK
                             41 	.globl _IRCON_SB_MISCIRQ
                             42 	.globl _IRCON_SB_WUOPIRQ
                             43 	.globl _IRCON_SB_SPI_2WIRE
                             44 	.globl _IRCON_SB_RFIRQ
                             45 	.globl _IRCON_SB_RFRDY
                             46 	.globl _IEN1_SB_T2EXTRLD
                             47 	.globl _IEN1_SB_TICK
                             48 	.globl _IEN1_SB_MISCIRQ
                             49 	.globl _IEN1_SB_WUOPIRQ
                             50 	.globl _IEN1_SB_SPI_2WIRE
                             51 	.globl _IEN1_SB_RFIRQ
                             52 	.globl _IEN1_SB_RFRDY
                             53 	.globl _P3_SB_D7
                             54 	.globl _P3_SB_D6
                             55 	.globl _P3_SB_D5
                             56 	.globl _P3_SB_D4
                             57 	.globl _P3_SB_D3
                             58 	.globl _P3_SB_D2
                             59 	.globl _P3_SB_D1
                             60 	.globl _P3_SB_D0
                             61 	.globl _IEN0_SB_GLOBAL
                             62 	.globl _IEN0_SB_T2
                             63 	.globl _IEN0_SB_UART
                             64 	.globl _IEN0_SB_T1
                             65 	.globl _IEN0_SB_POFIRQ
                             66 	.globl _IEN0_SB_T0
                             67 	.globl _IEN0_SB_IFP
                             68 	.globl _P2_SB_D7
                             69 	.globl _P2_SB_D6
                             70 	.globl _P2_SB_D5
                             71 	.globl _P2_SB_D4
                             72 	.globl _P2_SB_D3
                             73 	.globl _P2_SB_D2
                             74 	.globl _P2_SB_D1
                             75 	.globl _P2_SB_D0
                             76 	.globl _S0CON_SB_SM0
                             77 	.globl _S0CON_SB_SM1
                             78 	.globl _S0CON_SB_SM20
                             79 	.globl _S0CON_SB_REN0
                             80 	.globl _S0CON_SB_TB80
                             81 	.globl _S0CON_SB_RB80
                             82 	.globl _S0CON_SB_TI0
                             83 	.globl _S0CON_SB_RI0
                             84 	.globl _P1_SB_D7
                             85 	.globl _P1_SB_D6
                             86 	.globl _P1_SB_D5
                             87 	.globl _P1_SB_D4
                             88 	.globl _P1_SB_D3
                             89 	.globl _P1_SB_D2
                             90 	.globl _P1_SB_D1
                             91 	.globl _P1_SB_D0
                             92 	.globl _TCON_SB_TF1
                             93 	.globl _TCON_SB_TR1
                             94 	.globl _TCON_SB_TF0
                             95 	.globl _TCON_SB_TR0
                             96 	.globl _TCON_SB_IE1
                             97 	.globl _TCON_SB_IT1
                             98 	.globl _TCON_SB_IE0
                             99 	.globl _TCON_SB_IT0
                            100 	.globl _P0_SB_D7
                            101 	.globl _P0_SB_D6
                            102 	.globl _P0_SB_D5
                            103 	.globl _P0_SB_D4
                            104 	.globl _P0_SB_D3
                            105 	.globl _P0_SB_D2
                            106 	.globl _P0_SB_D1
                            107 	.globl _P0_SB_D0
                            108 	.globl _ADCDAT
                            109 	.globl _S0REL
                            110 	.globl _T2
                            111 	.globl _T1
                            112 	.globl _T0
                            113 	.globl _CRC
                            114 	.globl _CC3
                            115 	.globl _CC2
                            116 	.globl _CC1
                            117 	.globl _SPIMDAT
                            118 	.globl _SPIMSTAT
                            119 	.globl _SPIMCON1
                            120 	.globl _SPIMCON0
                            121 	.globl _FCR
                            122 	.globl _FPCR
                            123 	.globl _FSR
                            124 	.globl _B
                            125 	.globl _ARCON
                            126 	.globl _MD5
                            127 	.globl _MD4
                            128 	.globl _MD3
                            129 	.globl _MD2
                            130 	.globl _MD1
                            131 	.globl _MD0
                            132 	.globl _RFCON
                            133 	.globl _SPIRDAT
                            134 	.globl _SPIRSTAT
                            135 	.globl _SPIRCON1
                            136 	.globl _SPIRCON0
                            137 	.globl _W2CON0
                            138 	.globl _W2CON1
                            139 	.globl _ACC
                            140 	.globl _CCPDATO
                            141 	.globl _CCPDATIB
                            142 	.globl _CCPDATIA
                            143 	.globl _POFCON
                            144 	.globl _COMPCON
                            145 	.globl _W2DAT
                            146 	.globl _W2SADR
                            147 	.globl _ADCON
                            148 	.globl _RNGDAT
                            149 	.globl _RNGCTL
                            150 	.globl _ADCDATL
                            151 	.globl _ADCDATH
                            152 	.globl _ADCCON1
                            153 	.globl _ADCCON2
                            154 	.globl _ADCCON3
                            155 	.globl _PSW
                            156 	.globl _WUOPC0
                            157 	.globl _WUOPC1
                            158 	.globl _TH2
                            159 	.globl _TL2
                            160 	.globl _CRCH
                            161 	.globl _CRCL
                            162 	.globl __XPAGE
                            163 	.globl _MPAGE
                            164 	.globl _T2CON
                            165 	.globl _CCH3
                            166 	.globl _CCL3
                            167 	.globl _CCH2
                            168 	.globl _CCL2
                            169 	.globl _CCH1
                            170 	.globl _CCL1
                            171 	.globl _CCEN
                            172 	.globl _IRCON
                            173 	.globl _SPISDAT
                            174 	.globl _SPISSTAT
                            175 	.globl _SPISCON1
                            176 	.globl _SPISCON0
                            177 	.globl _S0RELH
                            178 	.globl _IP1
                            179 	.globl _IEN1
                            180 	.globl _SPISRDSZ
                            181 	.globl _RTC2CPT00
                            182 	.globl _RTC2CMP1
                            183 	.globl _RTC2CMP0
                            184 	.globl _RTC2CON
                            185 	.globl _PWMCON
                            186 	.globl _RSTREAS
                            187 	.globl _P3
                            188 	.globl _WDSV
                            189 	.globl _OPMCON
                            190 	.globl _CLKLFCTRL
                            191 	.globl _RTC2CPT10
                            192 	.globl _RTC2CPT01
                            193 	.globl _S0RELL
                            194 	.globl _IP0
                            195 	.globl _IEN0
                            196 	.globl _MEMCON
                            197 	.globl _INTEXP
                            198 	.globl _WUCON
                            199 	.globl _PWRDWN
                            200 	.globl _CLKCTRL
                            201 	.globl _PWMDC1
                            202 	.globl _PWMDC0
                            203 	.globl _P2
                            204 	.globl _P1CON
                            205 	.globl _P0CON
                            206 	.globl _S0BUF
                            207 	.globl _S0CON
                            208 	.globl _P2CON
                            209 	.globl _P3DIR
                            210 	.globl _P2DIR
                            211 	.globl _P1DIR
                            212 	.globl _P0DIR
                            213 	.globl _DPS
                            214 	.globl _P1
                            215 	.globl _P3CON
                            216 	.globl _TH1
                            217 	.globl _TH0
                            218 	.globl _TL1
                            219 	.globl _TL0
                            220 	.globl _TMOD
                            221 	.globl _TCON
                            222 	.globl _PCON
                            223 	.globl _DPH1
                            224 	.globl _DPL1
                            225 	.globl _DPH
                            226 	.globl _DPL
                            227 	.globl _SP
                            228 	.globl _P0
                            229 	.globl _rf_power_up_param_PARM_2
                            230 	.globl _rf_power_up_param
                            231 ;--------------------------------------------------------
                            232 ; special function registers
                            233 ;--------------------------------------------------------
                            234 	.area RSEG    (DATA)
                    0080    235 _P0	=	0x0080
                    0081    236 _SP	=	0x0081
                    0082    237 _DPL	=	0x0082
                    0083    238 _DPH	=	0x0083
                    0084    239 _DPL1	=	0x0084
                    0085    240 _DPH1	=	0x0085
                    0087    241 _PCON	=	0x0087
                    0088    242 _TCON	=	0x0088
                    0089    243 _TMOD	=	0x0089
                    008A    244 _TL0	=	0x008a
                    008B    245 _TL1	=	0x008b
                    008C    246 _TH0	=	0x008c
                    008D    247 _TH1	=	0x008d
                    008F    248 _P3CON	=	0x008f
                    0090    249 _P1	=	0x0090
                    0092    250 _DPS	=	0x0092
                    0093    251 _P0DIR	=	0x0093
                    0094    252 _P1DIR	=	0x0094
                    0095    253 _P2DIR	=	0x0095
                    0096    254 _P3DIR	=	0x0096
                    0097    255 _P2CON	=	0x0097
                    0098    256 _S0CON	=	0x0098
                    0099    257 _S0BUF	=	0x0099
                    009E    258 _P0CON	=	0x009e
                    009F    259 _P1CON	=	0x009f
                    00A0    260 _P2	=	0x00a0
                    00A1    261 _PWMDC0	=	0x00a1
                    00A2    262 _PWMDC1	=	0x00a2
                    00A3    263 _CLKCTRL	=	0x00a3
                    00A4    264 _PWRDWN	=	0x00a4
                    00A5    265 _WUCON	=	0x00a5
                    00A6    266 _INTEXP	=	0x00a6
                    00A7    267 _MEMCON	=	0x00a7
                    00A8    268 _IEN0	=	0x00a8
                    00A9    269 _IP0	=	0x00a9
                    00AA    270 _S0RELL	=	0x00aa
                    00AB    271 _RTC2CPT01	=	0x00ab
                    00AC    272 _RTC2CPT10	=	0x00ac
                    00AD    273 _CLKLFCTRL	=	0x00ad
                    00AE    274 _OPMCON	=	0x00ae
                    00AF    275 _WDSV	=	0x00af
                    00B0    276 _P3	=	0x00b0
                    00B1    277 _RSTREAS	=	0x00b1
                    00B2    278 _PWMCON	=	0x00b2
                    00B3    279 _RTC2CON	=	0x00b3
                    00B4    280 _RTC2CMP0	=	0x00b4
                    00B5    281 _RTC2CMP1	=	0x00b5
                    00B6    282 _RTC2CPT00	=	0x00b6
                    00B7    283 _SPISRDSZ	=	0x00b7
                    00B8    284 _IEN1	=	0x00b8
                    00B9    285 _IP1	=	0x00b9
                    00BA    286 _S0RELH	=	0x00ba
                    00BC    287 _SPISCON0	=	0x00bc
                    00BD    288 _SPISCON1	=	0x00bd
                    00BE    289 _SPISSTAT	=	0x00be
                    00BF    290 _SPISDAT	=	0x00bf
                    00C0    291 _IRCON	=	0x00c0
                    00C1    292 _CCEN	=	0x00c1
                    00C2    293 _CCL1	=	0x00c2
                    00C3    294 _CCH1	=	0x00c3
                    00C4    295 _CCL2	=	0x00c4
                    00C5    296 _CCH2	=	0x00c5
                    00C6    297 _CCL3	=	0x00c6
                    00C7    298 _CCH3	=	0x00c7
                    00C8    299 _T2CON	=	0x00c8
                    00C9    300 _MPAGE	=	0x00c9
                    00C9    301 __XPAGE	=	0x00c9
                    00CA    302 _CRCL	=	0x00ca
                    00CB    303 _CRCH	=	0x00cb
                    00CC    304 _TL2	=	0x00cc
                    00CD    305 _TH2	=	0x00cd
                    00CE    306 _WUOPC1	=	0x00ce
                    00CF    307 _WUOPC0	=	0x00cf
                    00D0    308 _PSW	=	0x00d0
                    00D1    309 _ADCCON3	=	0x00d1
                    00D2    310 _ADCCON2	=	0x00d2
                    00D3    311 _ADCCON1	=	0x00d3
                    00D4    312 _ADCDATH	=	0x00d4
                    00D5    313 _ADCDATL	=	0x00d5
                    00D6    314 _RNGCTL	=	0x00d6
                    00D7    315 _RNGDAT	=	0x00d7
                    00D8    316 _ADCON	=	0x00d8
                    00D9    317 _W2SADR	=	0x00d9
                    00DA    318 _W2DAT	=	0x00da
                    00DB    319 _COMPCON	=	0x00db
                    00DC    320 _POFCON	=	0x00dc
                    00DD    321 _CCPDATIA	=	0x00dd
                    00DE    322 _CCPDATIB	=	0x00de
                    00DF    323 _CCPDATO	=	0x00df
                    00E0    324 _ACC	=	0x00e0
                    00E1    325 _W2CON1	=	0x00e1
                    00E2    326 _W2CON0	=	0x00e2
                    00E4    327 _SPIRCON0	=	0x00e4
                    00E5    328 _SPIRCON1	=	0x00e5
                    00E6    329 _SPIRSTAT	=	0x00e6
                    00E7    330 _SPIRDAT	=	0x00e7
                    00E8    331 _RFCON	=	0x00e8
                    00E9    332 _MD0	=	0x00e9
                    00EA    333 _MD1	=	0x00ea
                    00EB    334 _MD2	=	0x00eb
                    00EC    335 _MD3	=	0x00ec
                    00ED    336 _MD4	=	0x00ed
                    00EE    337 _MD5	=	0x00ee
                    00EF    338 _ARCON	=	0x00ef
                    00F0    339 _B	=	0x00f0
                    00F8    340 _FSR	=	0x00f8
                    00F9    341 _FPCR	=	0x00f9
                    00FA    342 _FCR	=	0x00fa
                    00FC    343 _SPIMCON0	=	0x00fc
                    00FD    344 _SPIMCON1	=	0x00fd
                    00FE    345 _SPIMSTAT	=	0x00fe
                    00FF    346 _SPIMDAT	=	0x00ff
                    C3C2    347 _CC1	=	0xc3c2
                    C5C4    348 _CC2	=	0xc5c4
                    C7C6    349 _CC3	=	0xc7c6
                    CBCA    350 _CRC	=	0xcbca
                    8C8A    351 _T0	=	0x8c8a
                    8D8B    352 _T1	=	0x8d8b
                    CDCC    353 _T2	=	0xcdcc
                    BAAA    354 _S0REL	=	0xbaaa
                    D4D5    355 _ADCDAT	=	0xd4d5
                            356 ;--------------------------------------------------------
                            357 ; special function bits
                            358 ;--------------------------------------------------------
                            359 	.area RSEG    (DATA)
                    0080    360 _P0_SB_D0	=	0x0080
                    0081    361 _P0_SB_D1	=	0x0081
                    0082    362 _P0_SB_D2	=	0x0082
                    0083    363 _P0_SB_D3	=	0x0083
                    0084    364 _P0_SB_D4	=	0x0084
                    0085    365 _P0_SB_D5	=	0x0085
                    0086    366 _P0_SB_D6	=	0x0086
                    0087    367 _P0_SB_D7	=	0x0087
                    0088    368 _TCON_SB_IT0	=	0x0088
                    0089    369 _TCON_SB_IE0	=	0x0089
                    008A    370 _TCON_SB_IT1	=	0x008a
                    008B    371 _TCON_SB_IE1	=	0x008b
                    008C    372 _TCON_SB_TR0	=	0x008c
                    008D    373 _TCON_SB_TF0	=	0x008d
                    008E    374 _TCON_SB_TR1	=	0x008e
                    008F    375 _TCON_SB_TF1	=	0x008f
                    0090    376 _P1_SB_D0	=	0x0090
                    0091    377 _P1_SB_D1	=	0x0091
                    0092    378 _P1_SB_D2	=	0x0092
                    0093    379 _P1_SB_D3	=	0x0093
                    0094    380 _P1_SB_D4	=	0x0094
                    0095    381 _P1_SB_D5	=	0x0095
                    0096    382 _P1_SB_D6	=	0x0096
                    0097    383 _P1_SB_D7	=	0x0097
                    0098    384 _S0CON_SB_RI0	=	0x0098
                    0099    385 _S0CON_SB_TI0	=	0x0099
                    009A    386 _S0CON_SB_RB80	=	0x009a
                    009B    387 _S0CON_SB_TB80	=	0x009b
                    009C    388 _S0CON_SB_REN0	=	0x009c
                    009D    389 _S0CON_SB_SM20	=	0x009d
                    009E    390 _S0CON_SB_SM1	=	0x009e
                    009F    391 _S0CON_SB_SM0	=	0x009f
                    00A0    392 _P2_SB_D0	=	0x00a0
                    00A1    393 _P2_SB_D1	=	0x00a1
                    00A2    394 _P2_SB_D2	=	0x00a2
                    00A3    395 _P2_SB_D3	=	0x00a3
                    00A4    396 _P2_SB_D4	=	0x00a4
                    00A5    397 _P2_SB_D5	=	0x00a5
                    00A6    398 _P2_SB_D6	=	0x00a6
                    00A7    399 _P2_SB_D7	=	0x00a7
                    00A8    400 _IEN0_SB_IFP	=	0x00a8
                    00A9    401 _IEN0_SB_T0	=	0x00a9
                    00AA    402 _IEN0_SB_POFIRQ	=	0x00aa
                    00AB    403 _IEN0_SB_T1	=	0x00ab
                    00AC    404 _IEN0_SB_UART	=	0x00ac
                    00AD    405 _IEN0_SB_T2	=	0x00ad
                    00AF    406 _IEN0_SB_GLOBAL	=	0x00af
                    00B0    407 _P3_SB_D0	=	0x00b0
                    00B1    408 _P3_SB_D1	=	0x00b1
                    00B2    409 _P3_SB_D2	=	0x00b2
                    00B3    410 _P3_SB_D3	=	0x00b3
                    00B4    411 _P3_SB_D4	=	0x00b4
                    00B5    412 _P3_SB_D5	=	0x00b5
                    00B6    413 _P3_SB_D6	=	0x00b6
                    00B7    414 _P3_SB_D7	=	0x00b7
                    00B8    415 _IEN1_SB_RFRDY	=	0x00b8
                    00B9    416 _IEN1_SB_RFIRQ	=	0x00b9
                    00BA    417 _IEN1_SB_SPI_2WIRE	=	0x00ba
                    00BB    418 _IEN1_SB_WUOPIRQ	=	0x00bb
                    00BC    419 _IEN1_SB_MISCIRQ	=	0x00bc
                    00BD    420 _IEN1_SB_TICK	=	0x00bd
                    00BF    421 _IEN1_SB_T2EXTRLD	=	0x00bf
                    00C0    422 _IRCON_SB_RFRDY	=	0x00c0
                    00C1    423 _IRCON_SB_RFIRQ	=	0x00c1
                    00C2    424 _IRCON_SB_SPI_2WIRE	=	0x00c2
                    00C3    425 _IRCON_SB_WUOPIRQ	=	0x00c3
                    00C4    426 _IRCON_SB_MISCIRQ	=	0x00c4
                    00C5    427 _IRCON_SB_TICK	=	0x00c5
                    00C6    428 _IRCON_SB_TF2	=	0x00c6
                    00C7    429 _IRCON_SB_EXF2	=	0x00c7
                    00C8    430 _T2CON_SB_T2I0	=	0x00c8
                    00C9    431 _T2CON_SB_T2I1	=	0x00c9
                    00CA    432 _T2CON_SB_T2CM	=	0x00ca
                    00CB    433 _T2CON_SB_T2R0	=	0x00cb
                    00CC    434 _T2CON_SB_T2R1	=	0x00cc
                    00CD    435 _T2CON_SB_I2FR	=	0x00cd
                    00CE    436 _T2CON_SB_I3FR	=	0x00ce
                    00CF    437 _T2CON_SB_T2PS	=	0x00cf
                    00D7    438 _PSW_SB_CY	=	0x00d7
                    00D6    439 _PSW_SB_AC	=	0x00d6
                    00D5    440 _PSW_SB_F0	=	0x00d5
                    00D4    441 _PSW_SB_RS1	=	0x00d4
                    00D3    442 _PSW_SB_RS0	=	0x00d3
                    00D2    443 _PSW_SB_OV	=	0x00d2
                    00D1    444 _PSW_SB_F1	=	0x00d1
                    00D0    445 _PSW_SB_P	=	0x00d0
                    00DF    446 _ADCON_SB_BD	=	0x00df
                    00E8    447 _RFCON_SB_RFCE	=	0x00e8
                    00E9    448 _RFCON_SB_RFCSN	=	0x00e9
                    00EA    449 _RFCON_SB_RFCKEN	=	0x00ea
                    00FA    450 _FSR_SB_RDISMB	=	0x00fa
                    00FB    451 _FSR_SB_INFEN	=	0x00fb
                    00FC    452 _FSR_SB_RDYN	=	0x00fc
                    00FD    453 _FSR_SB_WEN	=	0x00fd
                    00FE    454 _FSR_SB_STP	=	0x00fe
                    00FF    455 _FSR_SB_ENDBG	=	0x00ff
                            456 ;--------------------------------------------------------
                            457 ; overlayable register banks
                            458 ;--------------------------------------------------------
                            459 	.area REG_BANK_0	(REL,OVR,DATA)
   0000                     460 	.ds 8
                            461 ;--------------------------------------------------------
                            462 ; internal ram data
                            463 ;--------------------------------------------------------
                            464 	.area DSEG    (DATA)
                            465 ;--------------------------------------------------------
                            466 ; overlayable items in internal ram 
                            467 ;--------------------------------------------------------
                            468 	.area OSEG    (OVR,DATA)
                            469 ;--------------------------------------------------------
                            470 ; indirectly addressable internal ram data
                            471 ;--------------------------------------------------------
                            472 	.area ISEG    (DATA)
                            473 ;--------------------------------------------------------
                            474 ; absolute internal ram data
                            475 ;--------------------------------------------------------
                            476 	.area IABS    (ABS,DATA)
                            477 	.area IABS    (ABS,DATA)
                            478 ;--------------------------------------------------------
                            479 ; bit data
                            480 ;--------------------------------------------------------
                            481 	.area BSEG    (BIT)
                            482 ;--------------------------------------------------------
                            483 ; paged external ram data
                            484 ;--------------------------------------------------------
                            485 	.area PSEG    (PAG,XDATA)
                            486 ;--------------------------------------------------------
                            487 ; external ram data
                            488 ;--------------------------------------------------------
                            489 	.area XSEG    (XDATA)
   0000                     490 _rf_power_up_param_PARM_2:
   0000                     491 	.ds 1
   0001                     492 _rf_power_up_param_rx_active_mode_1_1:
   0001                     493 	.ds 1
                            494 ;--------------------------------------------------------
                            495 ; absolute external ram data
                            496 ;--------------------------------------------------------
                            497 	.area XABS    (ABS,XDATA)
                            498 ;--------------------------------------------------------
                            499 ; external initialized ram data
                            500 ;--------------------------------------------------------
                            501 	.area XISEG   (XDATA)
                            502 	.area HOME    (CODE)
                            503 	.area GSINIT0 (CODE)
                            504 	.area GSINIT1 (CODE)
                            505 	.area GSINIT2 (CODE)
                            506 	.area GSINIT3 (CODE)
                            507 	.area GSINIT4 (CODE)
                            508 	.area GSINIT5 (CODE)
                            509 	.area GSINIT  (CODE)
                            510 	.area GSFINAL (CODE)
                            511 	.area CSEG    (CODE)
                            512 ;--------------------------------------------------------
                            513 ; global & static initialisations
                            514 ;--------------------------------------------------------
                            515 	.area HOME    (CODE)
                            516 	.area GSINIT  (CODE)
                            517 	.area GSFINAL (CODE)
                            518 	.area GSINIT  (CODE)
                            519 ;--------------------------------------------------------
                            520 ; Home
                            521 ;--------------------------------------------------------
                            522 	.area HOME    (CODE)
                            523 	.area HOME    (CODE)
                            524 ;--------------------------------------------------------
                            525 ; code
                            526 ;--------------------------------------------------------
                            527 	.area CSEG    (CODE)
                            528 ;------------------------------------------------------------
                            529 ;Allocation info for local variables in function 'rf_power_up_param'
                            530 ;------------------------------------------------------------
                            531 ;config                    Allocated with name '_rf_power_up_param_PARM_2'
                            532 ;rx_active_mode            Allocated with name '_rf_power_up_param_rx_active_mode_1_1'
                            533 ;------------------------------------------------------------
                            534 ;	src/rf_power_up_param.c:50: void rf_power_up_param(bool rx_active_mode, uint8_t config)
                            535 ;	-----------------------------------------
                            536 ;	 function rf_power_up_param
                            537 ;	-----------------------------------------
   0000                     538 _rf_power_up_param:
                    0002    539 	ar2 = 0x02
                    0003    540 	ar3 = 0x03
                    0004    541 	ar4 = 0x04
                    0005    542 	ar5 = 0x05
                    0006    543 	ar6 = 0x06
                    0007    544 	ar7 = 0x07
                    0000    545 	ar0 = 0x00
                    0001    546 	ar1 = 0x01
   0000 E5 82               547 	mov	a,dpl
   0002 90s00r01            548 	mov	dptr,#_rf_power_up_param_rx_active_mode_1_1
   0005 F0                  549 	movx	@dptr,a
                            550 ;	src/rf_power_up_param.c:53: config |= RF_CONFIG_PWR_UP;
   0006 90s00r00            551 	mov	dptr,#_rf_power_up_param_PARM_2
   0009 E0                  552 	movx	a,@dptr
   000A 44 02               553 	orl	a,#0x02
   000C F0                  554 	movx	@dptr,a
                            555 ;	src/rf_power_up_param.c:54: rf_write_register(RF_CONFIG, &config, 1);
   000D 90s00r00            556 	mov	dptr,#_rf_write_register_PARM_2
   0010 74r00               557 	mov	a,#_rf_power_up_param_PARM_2
   0012 F0                  558 	movx	@dptr,a
   0013 A3                  559 	inc	dptr
   0014 74s00               560 	mov	a,#(_rf_power_up_param_PARM_2 >> 8)
   0016 F0                  561 	movx	@dptr,a
   0017 A3                  562 	inc	dptr
   0018 E4                  563 	clr	a
   0019 F0                  564 	movx	@dptr,a
   001A 90s00r00            565 	mov	dptr,#_rf_write_register_PARM_3
   001D 74 01               566 	mov	a,#0x01
   001F F0                  567 	movx	@dptr,a
   0020 E4                  568 	clr	a
   0021 A3                  569 	inc	dptr
   0022 F0                  570 	movx	@dptr,a
   0023 75 82 00            571 	mov	dpl,#0x00
   0026 12s00r00            572 	lcall	_rf_write_register
                            573 ;	src/rf_power_up_param.c:57: if((config & RF_CONFIG_PRIM_RX) == 0)
   0029 90s00r00            574 	mov	dptr,#_rf_power_up_param_PARM_2
   002C E0                  575 	movx	a,@dptr
   002D FA                  576 	mov	r2,a
   002E 20 E0 04            577 	jb	acc.0,00105$
                            578 ;	src/rf_power_up_param.c:59: rf_clear_ce(); //Clear CE for TX mode
   0031 C2 E8               579 	 clr _RFCON_SB_RFCE 
   0033 80 13               580 	sjmp	00107$
   0035                     581 00105$:
                            582 ;	src/rf_power_up_param.c:64: if(rx_active_mode != false)
   0035 90s00r01            583 	mov	dptr,#_rf_power_up_param_rx_active_mode_1_1
   0038 E0                  584 	movx	a,@dptr
   0039 FA                  585 	mov	r2,a
   003A 60 0A               586 	jz	00102$
                            587 ;	src/rf_power_up_param.c:66: rf_set_ce();
   003C D2 E8               588 	 setb _RFCON_SB_RFCE 
   003E 90 00 04            589 	mov	dptr,#0x0004
   0041 12s00r00            590 	lcall	_delay_us
   0044 80 02               591 	sjmp	00107$
   0046                     592 00102$:
                            593 ;	src/rf_power_up_param.c:70: rf_clear_ce();
   0046 C2 E8               594 	 clr _RFCON_SB_RFCE 
                            595 ;	src/rf_power_up_param.c:74: while(!pwr_clk_mgmt_is_cclk_src_xosc16m()); //wait for the clock to get switched to the 16 MHz crystal, otherwise the RF can't be run
   0048                     596 00107$:
   0048 E5 AD               597 	mov	a,_CLKLFCTRL
   004A 30 E3 FB            598 	jnb	acc.3,00107$
                            599 ;	src/rf_power_up_param.c:76: delay_us(1); //Delay for power up
   004D 90 00 01            600 	mov	dptr,#0x0001
   0050 02s00r00            601 	ljmp	_delay_us
                            602 	.area CSEG    (CODE)
                            603 	.area CONST   (CODE)
                            604 	.area XINIT   (CODE)
                            605 	.area CABS    (ABS,CODE)
