                              1 ;--------------------------------------------------------
                              2 ; File Created by SDCC : free open source ANSI-C Compiler
                              3 ; Version 2.9.0 #5416 (Feb  3 2010) (UNIX)
                              4 ; This file was generated Tue Jun 19 17:33:23 2012
                              5 ;--------------------------------------------------------
                              6 	.module rf_spi_execute_command
                              7 	.optsdcc -mmcs51 --model-large
                              8 	
                              9 ;--------------------------------------------------------
                             10 ; Public variables in this module
                             11 ;--------------------------------------------------------
                             12 	.globl _FSR_SB_ENDBG
                             13 	.globl _FSR_SB_STP
                             14 	.globl _FSR_SB_WEN
                             15 	.globl _FSR_SB_RDYN
                             16 	.globl _FSR_SB_INFEN
                             17 	.globl _FSR_SB_RDISMB
                             18 	.globl _RFCON_SB_RFCKEN
                             19 	.globl _RFCON_SB_RFCSN
                             20 	.globl _RFCON_SB_RFCE
                             21 	.globl _ADCON_SB_BD
                             22 	.globl _PSW_SB_P
                             23 	.globl _PSW_SB_F1
                             24 	.globl _PSW_SB_OV
                             25 	.globl _PSW_SB_RS0
                             26 	.globl _PSW_SB_RS1
                             27 	.globl _PSW_SB_F0
                             28 	.globl _PSW_SB_AC
                             29 	.globl _PSW_SB_CY
                             30 	.globl _T2CON_SB_T2PS
                             31 	.globl _T2CON_SB_I3FR
                             32 	.globl _T2CON_SB_I2FR
                             33 	.globl _T2CON_SB_T2R1
                             34 	.globl _T2CON_SB_T2R0
                             35 	.globl _T2CON_SB_T2CM
                             36 	.globl _T2CON_SB_T2I1
                             37 	.globl _T2CON_SB_T2I0
                             38 	.globl _IRCON_SB_EXF2
                             39 	.globl _IRCON_SB_TF2
                             40 	.globl _IRCON_SB_TICK
                             41 	.globl _IRCON_SB_MISCIRQ
                             42 	.globl _IRCON_SB_WUOPIRQ
                             43 	.globl _IRCON_SB_SPI_2WIRE
                             44 	.globl _IRCON_SB_RFIRQ
                             45 	.globl _IRCON_SB_RFRDY
                             46 	.globl _IEN1_SB_T2EXTRLD
                             47 	.globl _IEN1_SB_TICK
                             48 	.globl _IEN1_SB_MISCIRQ
                             49 	.globl _IEN1_SB_WUOPIRQ
                             50 	.globl _IEN1_SB_SPI_2WIRE
                             51 	.globl _IEN1_SB_RFIRQ
                             52 	.globl _IEN1_SB_RFRDY
                             53 	.globl _P3_SB_D7
                             54 	.globl _P3_SB_D6
                             55 	.globl _P3_SB_D5
                             56 	.globl _P3_SB_D4
                             57 	.globl _P3_SB_D3
                             58 	.globl _P3_SB_D2
                             59 	.globl _P3_SB_D1
                             60 	.globl _P3_SB_D0
                             61 	.globl _IEN0_SB_GLOBAL
                             62 	.globl _IEN0_SB_T2
                             63 	.globl _IEN0_SB_UART
                             64 	.globl _IEN0_SB_T1
                             65 	.globl _IEN0_SB_POFIRQ
                             66 	.globl _IEN0_SB_T0
                             67 	.globl _IEN0_SB_IFP
                             68 	.globl _P2_SB_D7
                             69 	.globl _P2_SB_D6
                             70 	.globl _P2_SB_D5
                             71 	.globl _P2_SB_D4
                             72 	.globl _P2_SB_D3
                             73 	.globl _P2_SB_D2
                             74 	.globl _P2_SB_D1
                             75 	.globl _P2_SB_D0
                             76 	.globl _S0CON_SB_SM0
                             77 	.globl _S0CON_SB_SM1
                             78 	.globl _S0CON_SB_SM20
                             79 	.globl _S0CON_SB_REN0
                             80 	.globl _S0CON_SB_TB80
                             81 	.globl _S0CON_SB_RB80
                             82 	.globl _S0CON_SB_TI0
                             83 	.globl _S0CON_SB_RI0
                             84 	.globl _P1_SB_D7
                             85 	.globl _P1_SB_D6
                             86 	.globl _P1_SB_D5
                             87 	.globl _P1_SB_D4
                             88 	.globl _P1_SB_D3
                             89 	.globl _P1_SB_D2
                             90 	.globl _P1_SB_D1
                             91 	.globl _P1_SB_D0
                             92 	.globl _TCON_SB_TF1
                             93 	.globl _TCON_SB_TR1
                             94 	.globl _TCON_SB_TF0
                             95 	.globl _TCON_SB_TR0
                             96 	.globl _TCON_SB_IE1
                             97 	.globl _TCON_SB_IT1
                             98 	.globl _TCON_SB_IE0
                             99 	.globl _TCON_SB_IT0
                            100 	.globl _P0_SB_D7
                            101 	.globl _P0_SB_D6
                            102 	.globl _P0_SB_D5
                            103 	.globl _P0_SB_D4
                            104 	.globl _P0_SB_D3
                            105 	.globl _P0_SB_D2
                            106 	.globl _P0_SB_D1
                            107 	.globl _P0_SB_D0
                            108 	.globl _ADCDAT
                            109 	.globl _S0REL
                            110 	.globl _T2
                            111 	.globl _T1
                            112 	.globl _T0
                            113 	.globl _CRC
                            114 	.globl _CC3
                            115 	.globl _CC2
                            116 	.globl _CC1
                            117 	.globl _SPIMDAT
                            118 	.globl _SPIMSTAT
                            119 	.globl _SPIMCON1
                            120 	.globl _SPIMCON0
                            121 	.globl _FCR
                            122 	.globl _FPCR
                            123 	.globl _FSR
                            124 	.globl _B
                            125 	.globl _ARCON
                            126 	.globl _MD5
                            127 	.globl _MD4
                            128 	.globl _MD3
                            129 	.globl _MD2
                            130 	.globl _MD1
                            131 	.globl _MD0
                            132 	.globl _RFCON
                            133 	.globl _SPIRDAT
                            134 	.globl _SPIRSTAT
                            135 	.globl _SPIRCON1
                            136 	.globl _SPIRCON0
                            137 	.globl _W2CON0
                            138 	.globl _W2CON1
                            139 	.globl _ACC
                            140 	.globl _CCPDATO
                            141 	.globl _CCPDATIB
                            142 	.globl _CCPDATIA
                            143 	.globl _POFCON
                            144 	.globl _COMPCON
                            145 	.globl _W2DAT
                            146 	.globl _W2SADR
                            147 	.globl _ADCON
                            148 	.globl _RNGDAT
                            149 	.globl _RNGCTL
                            150 	.globl _ADCDATL
                            151 	.globl _ADCDATH
                            152 	.globl _ADCCON1
                            153 	.globl _ADCCON2
                            154 	.globl _ADCCON3
                            155 	.globl _PSW
                            156 	.globl _WUOPC0
                            157 	.globl _WUOPC1
                            158 	.globl _TH2
                            159 	.globl _TL2
                            160 	.globl _CRCH
                            161 	.globl _CRCL
                            162 	.globl __XPAGE
                            163 	.globl _MPAGE
                            164 	.globl _T2CON
                            165 	.globl _CCH3
                            166 	.globl _CCL3
                            167 	.globl _CCH2
                            168 	.globl _CCL2
                            169 	.globl _CCH1
                            170 	.globl _CCL1
                            171 	.globl _CCEN
                            172 	.globl _IRCON
                            173 	.globl _SPISDAT
                            174 	.globl _SPISSTAT
                            175 	.globl _SPISCON1
                            176 	.globl _SPISCON0
                            177 	.globl _S0RELH
                            178 	.globl _IP1
                            179 	.globl _IEN1
                            180 	.globl _SPISRDSZ
                            181 	.globl _RTC2CPT00
                            182 	.globl _RTC2CMP1
                            183 	.globl _RTC2CMP0
                            184 	.globl _RTC2CON
                            185 	.globl _PWMCON
                            186 	.globl _RSTREAS
                            187 	.globl _P3
                            188 	.globl _WDSV
                            189 	.globl _OPMCON
                            190 	.globl _CLKLFCTRL
                            191 	.globl _RTC2CPT10
                            192 	.globl _RTC2CPT01
                            193 	.globl _S0RELL
                            194 	.globl _IP0
                            195 	.globl _IEN0
                            196 	.globl _MEMCON
                            197 	.globl _INTEXP
                            198 	.globl _WUCON
                            199 	.globl _PWRDWN
                            200 	.globl _CLKCTRL
                            201 	.globl _PWMDC1
                            202 	.globl _PWMDC0
                            203 	.globl _P2
                            204 	.globl _P1CON
                            205 	.globl _P0CON
                            206 	.globl _S0BUF
                            207 	.globl _S0CON
                            208 	.globl _P2CON
                            209 	.globl _P3DIR
                            210 	.globl _P2DIR
                            211 	.globl _P1DIR
                            212 	.globl _P0DIR
                            213 	.globl _DPS
                            214 	.globl _P1
                            215 	.globl _P3CON
                            216 	.globl _TH1
                            217 	.globl _TH0
                            218 	.globl _TL1
                            219 	.globl _TL0
                            220 	.globl _TMOD
                            221 	.globl _TCON
                            222 	.globl _PCON
                            223 	.globl _DPH1
                            224 	.globl _DPL1
                            225 	.globl _DPH
                            226 	.globl _DPL
                            227 	.globl _SP
                            228 	.globl _P0
                            229 	.globl _rf_spi_execute_command_PARM_4
                            230 	.globl _rf_spi_execute_command_PARM_3
                            231 	.globl _rf_spi_execute_command_PARM_2
                            232 	.globl _rf_spi_execute_command
                            233 ;--------------------------------------------------------
                            234 ; special function registers
                            235 ;--------------------------------------------------------
                            236 	.area RSEG    (DATA)
                    0080    237 _P0	=	0x0080
                    0081    238 _SP	=	0x0081
                    0082    239 _DPL	=	0x0082
                    0083    240 _DPH	=	0x0083
                    0084    241 _DPL1	=	0x0084
                    0085    242 _DPH1	=	0x0085
                    0087    243 _PCON	=	0x0087
                    0088    244 _TCON	=	0x0088
                    0089    245 _TMOD	=	0x0089
                    008A    246 _TL0	=	0x008a
                    008B    247 _TL1	=	0x008b
                    008C    248 _TH0	=	0x008c
                    008D    249 _TH1	=	0x008d
                    008F    250 _P3CON	=	0x008f
                    0090    251 _P1	=	0x0090
                    0092    252 _DPS	=	0x0092
                    0093    253 _P0DIR	=	0x0093
                    0094    254 _P1DIR	=	0x0094
                    0095    255 _P2DIR	=	0x0095
                    0096    256 _P3DIR	=	0x0096
                    0097    257 _P2CON	=	0x0097
                    0098    258 _S0CON	=	0x0098
                    0099    259 _S0BUF	=	0x0099
                    009E    260 _P0CON	=	0x009e
                    009F    261 _P1CON	=	0x009f
                    00A0    262 _P2	=	0x00a0
                    00A1    263 _PWMDC0	=	0x00a1
                    00A2    264 _PWMDC1	=	0x00a2
                    00A3    265 _CLKCTRL	=	0x00a3
                    00A4    266 _PWRDWN	=	0x00a4
                    00A5    267 _WUCON	=	0x00a5
                    00A6    268 _INTEXP	=	0x00a6
                    00A7    269 _MEMCON	=	0x00a7
                    00A8    270 _IEN0	=	0x00a8
                    00A9    271 _IP0	=	0x00a9
                    00AA    272 _S0RELL	=	0x00aa
                    00AB    273 _RTC2CPT01	=	0x00ab
                    00AC    274 _RTC2CPT10	=	0x00ac
                    00AD    275 _CLKLFCTRL	=	0x00ad
                    00AE    276 _OPMCON	=	0x00ae
                    00AF    277 _WDSV	=	0x00af
                    00B0    278 _P3	=	0x00b0
                    00B1    279 _RSTREAS	=	0x00b1
                    00B2    280 _PWMCON	=	0x00b2
                    00B3    281 _RTC2CON	=	0x00b3
                    00B4    282 _RTC2CMP0	=	0x00b4
                    00B5    283 _RTC2CMP1	=	0x00b5
                    00B6    284 _RTC2CPT00	=	0x00b6
                    00B7    285 _SPISRDSZ	=	0x00b7
                    00B8    286 _IEN1	=	0x00b8
                    00B9    287 _IP1	=	0x00b9
                    00BA    288 _S0RELH	=	0x00ba
                    00BC    289 _SPISCON0	=	0x00bc
                    00BD    290 _SPISCON1	=	0x00bd
                    00BE    291 _SPISSTAT	=	0x00be
                    00BF    292 _SPISDAT	=	0x00bf
                    00C0    293 _IRCON	=	0x00c0
                    00C1    294 _CCEN	=	0x00c1
                    00C2    295 _CCL1	=	0x00c2
                    00C3    296 _CCH1	=	0x00c3
                    00C4    297 _CCL2	=	0x00c4
                    00C5    298 _CCH2	=	0x00c5
                    00C6    299 _CCL3	=	0x00c6
                    00C7    300 _CCH3	=	0x00c7
                    00C8    301 _T2CON	=	0x00c8
                    00C9    302 _MPAGE	=	0x00c9
                    00C9    303 __XPAGE	=	0x00c9
                    00CA    304 _CRCL	=	0x00ca
                    00CB    305 _CRCH	=	0x00cb
                    00CC    306 _TL2	=	0x00cc
                    00CD    307 _TH2	=	0x00cd
                    00CE    308 _WUOPC1	=	0x00ce
                    00CF    309 _WUOPC0	=	0x00cf
                    00D0    310 _PSW	=	0x00d0
                    00D1    311 _ADCCON3	=	0x00d1
                    00D2    312 _ADCCON2	=	0x00d2
                    00D3    313 _ADCCON1	=	0x00d3
                    00D4    314 _ADCDATH	=	0x00d4
                    00D5    315 _ADCDATL	=	0x00d5
                    00D6    316 _RNGCTL	=	0x00d6
                    00D7    317 _RNGDAT	=	0x00d7
                    00D8    318 _ADCON	=	0x00d8
                    00D9    319 _W2SADR	=	0x00d9
                    00DA    320 _W2DAT	=	0x00da
                    00DB    321 _COMPCON	=	0x00db
                    00DC    322 _POFCON	=	0x00dc
                    00DD    323 _CCPDATIA	=	0x00dd
                    00DE    324 _CCPDATIB	=	0x00de
                    00DF    325 _CCPDATO	=	0x00df
                    00E0    326 _ACC	=	0x00e0
                    00E1    327 _W2CON1	=	0x00e1
                    00E2    328 _W2CON0	=	0x00e2
                    00E4    329 _SPIRCON0	=	0x00e4
                    00E5    330 _SPIRCON1	=	0x00e5
                    00E6    331 _SPIRSTAT	=	0x00e6
                    00E7    332 _SPIRDAT	=	0x00e7
                    00E8    333 _RFCON	=	0x00e8
                    00E9    334 _MD0	=	0x00e9
                    00EA    335 _MD1	=	0x00ea
                    00EB    336 _MD2	=	0x00eb
                    00EC    337 _MD3	=	0x00ec
                    00ED    338 _MD4	=	0x00ed
                    00EE    339 _MD5	=	0x00ee
                    00EF    340 _ARCON	=	0x00ef
                    00F0    341 _B	=	0x00f0
                    00F8    342 _FSR	=	0x00f8
                    00F9    343 _FPCR	=	0x00f9
                    00FA    344 _FCR	=	0x00fa
                    00FC    345 _SPIMCON0	=	0x00fc
                    00FD    346 _SPIMCON1	=	0x00fd
                    00FE    347 _SPIMSTAT	=	0x00fe
                    00FF    348 _SPIMDAT	=	0x00ff
                    C3C2    349 _CC1	=	0xc3c2
                    C5C4    350 _CC2	=	0xc5c4
                    C7C6    351 _CC3	=	0xc7c6
                    CBCA    352 _CRC	=	0xcbca
                    8C8A    353 _T0	=	0x8c8a
                    8D8B    354 _T1	=	0x8d8b
                    CDCC    355 _T2	=	0xcdcc
                    BAAA    356 _S0REL	=	0xbaaa
                    D4D5    357 _ADCDAT	=	0xd4d5
                            358 ;--------------------------------------------------------
                            359 ; special function bits
                            360 ;--------------------------------------------------------
                            361 	.area RSEG    (DATA)
                    0080    362 _P0_SB_D0	=	0x0080
                    0081    363 _P0_SB_D1	=	0x0081
                    0082    364 _P0_SB_D2	=	0x0082
                    0083    365 _P0_SB_D3	=	0x0083
                    0084    366 _P0_SB_D4	=	0x0084
                    0085    367 _P0_SB_D5	=	0x0085
                    0086    368 _P0_SB_D6	=	0x0086
                    0087    369 _P0_SB_D7	=	0x0087
                    0088    370 _TCON_SB_IT0	=	0x0088
                    0089    371 _TCON_SB_IE0	=	0x0089
                    008A    372 _TCON_SB_IT1	=	0x008a
                    008B    373 _TCON_SB_IE1	=	0x008b
                    008C    374 _TCON_SB_TR0	=	0x008c
                    008D    375 _TCON_SB_TF0	=	0x008d
                    008E    376 _TCON_SB_TR1	=	0x008e
                    008F    377 _TCON_SB_TF1	=	0x008f
                    0090    378 _P1_SB_D0	=	0x0090
                    0091    379 _P1_SB_D1	=	0x0091
                    0092    380 _P1_SB_D2	=	0x0092
                    0093    381 _P1_SB_D3	=	0x0093
                    0094    382 _P1_SB_D4	=	0x0094
                    0095    383 _P1_SB_D5	=	0x0095
                    0096    384 _P1_SB_D6	=	0x0096
                    0097    385 _P1_SB_D7	=	0x0097
                    0098    386 _S0CON_SB_RI0	=	0x0098
                    0099    387 _S0CON_SB_TI0	=	0x0099
                    009A    388 _S0CON_SB_RB80	=	0x009a
                    009B    389 _S0CON_SB_TB80	=	0x009b
                    009C    390 _S0CON_SB_REN0	=	0x009c
                    009D    391 _S0CON_SB_SM20	=	0x009d
                    009E    392 _S0CON_SB_SM1	=	0x009e
                    009F    393 _S0CON_SB_SM0	=	0x009f
                    00A0    394 _P2_SB_D0	=	0x00a0
                    00A1    395 _P2_SB_D1	=	0x00a1
                    00A2    396 _P2_SB_D2	=	0x00a2
                    00A3    397 _P2_SB_D3	=	0x00a3
                    00A4    398 _P2_SB_D4	=	0x00a4
                    00A5    399 _P2_SB_D5	=	0x00a5
                    00A6    400 _P2_SB_D6	=	0x00a6
                    00A7    401 _P2_SB_D7	=	0x00a7
                    00A8    402 _IEN0_SB_IFP	=	0x00a8
                    00A9    403 _IEN0_SB_T0	=	0x00a9
                    00AA    404 _IEN0_SB_POFIRQ	=	0x00aa
                    00AB    405 _IEN0_SB_T1	=	0x00ab
                    00AC    406 _IEN0_SB_UART	=	0x00ac
                    00AD    407 _IEN0_SB_T2	=	0x00ad
                    00AF    408 _IEN0_SB_GLOBAL	=	0x00af
                    00B0    409 _P3_SB_D0	=	0x00b0
                    00B1    410 _P3_SB_D1	=	0x00b1
                    00B2    411 _P3_SB_D2	=	0x00b2
                    00B3    412 _P3_SB_D3	=	0x00b3
                    00B4    413 _P3_SB_D4	=	0x00b4
                    00B5    414 _P3_SB_D5	=	0x00b5
                    00B6    415 _P3_SB_D6	=	0x00b6
                    00B7    416 _P3_SB_D7	=	0x00b7
                    00B8    417 _IEN1_SB_RFRDY	=	0x00b8
                    00B9    418 _IEN1_SB_RFIRQ	=	0x00b9
                    00BA    419 _IEN1_SB_SPI_2WIRE	=	0x00ba
                    00BB    420 _IEN1_SB_WUOPIRQ	=	0x00bb
                    00BC    421 _IEN1_SB_MISCIRQ	=	0x00bc
                    00BD    422 _IEN1_SB_TICK	=	0x00bd
                    00BF    423 _IEN1_SB_T2EXTRLD	=	0x00bf
                    00C0    424 _IRCON_SB_RFRDY	=	0x00c0
                    00C1    425 _IRCON_SB_RFIRQ	=	0x00c1
                    00C2    426 _IRCON_SB_SPI_2WIRE	=	0x00c2
                    00C3    427 _IRCON_SB_WUOPIRQ	=	0x00c3
                    00C4    428 _IRCON_SB_MISCIRQ	=	0x00c4
                    00C5    429 _IRCON_SB_TICK	=	0x00c5
                    00C6    430 _IRCON_SB_TF2	=	0x00c6
                    00C7    431 _IRCON_SB_EXF2	=	0x00c7
                    00C8    432 _T2CON_SB_T2I0	=	0x00c8
                    00C9    433 _T2CON_SB_T2I1	=	0x00c9
                    00CA    434 _T2CON_SB_T2CM	=	0x00ca
                    00CB    435 _T2CON_SB_T2R0	=	0x00cb
                    00CC    436 _T2CON_SB_T2R1	=	0x00cc
                    00CD    437 _T2CON_SB_I2FR	=	0x00cd
                    00CE    438 _T2CON_SB_I3FR	=	0x00ce
                    00CF    439 _T2CON_SB_T2PS	=	0x00cf
                    00D7    440 _PSW_SB_CY	=	0x00d7
                    00D6    441 _PSW_SB_AC	=	0x00d6
                    00D5    442 _PSW_SB_F0	=	0x00d5
                    00D4    443 _PSW_SB_RS1	=	0x00d4
                    00D3    444 _PSW_SB_RS0	=	0x00d3
                    00D2    445 _PSW_SB_OV	=	0x00d2
                    00D1    446 _PSW_SB_F1	=	0x00d1
                    00D0    447 _PSW_SB_P	=	0x00d0
                    00DF    448 _ADCON_SB_BD	=	0x00df
                    00E8    449 _RFCON_SB_RFCE	=	0x00e8
                    00E9    450 _RFCON_SB_RFCSN	=	0x00e9
                    00EA    451 _RFCON_SB_RFCKEN	=	0x00ea
                    00FA    452 _FSR_SB_RDISMB	=	0x00fa
                    00FB    453 _FSR_SB_INFEN	=	0x00fb
                    00FC    454 _FSR_SB_RDYN	=	0x00fc
                    00FD    455 _FSR_SB_WEN	=	0x00fd
                    00FE    456 _FSR_SB_STP	=	0x00fe
                    00FF    457 _FSR_SB_ENDBG	=	0x00ff
                            458 ;--------------------------------------------------------
                            459 ; overlayable register banks
                            460 ;--------------------------------------------------------
                            461 	.area REG_BANK_0	(REL,OVR,DATA)
   0000                     462 	.ds 8
                            463 ;--------------------------------------------------------
                            464 ; internal ram data
                            465 ;--------------------------------------------------------
                            466 	.area DSEG    (DATA)
                            467 ;--------------------------------------------------------
                            468 ; overlayable items in internal ram 
                            469 ;--------------------------------------------------------
                            470 	.area OSEG    (OVR,DATA)
                            471 ;--------------------------------------------------------
                            472 ; indirectly addressable internal ram data
                            473 ;--------------------------------------------------------
                            474 	.area ISEG    (DATA)
                            475 ;--------------------------------------------------------
                            476 ; absolute internal ram data
                            477 ;--------------------------------------------------------
                            478 	.area IABS    (ABS,DATA)
                            479 	.area IABS    (ABS,DATA)
                            480 ;--------------------------------------------------------
                            481 ; bit data
                            482 ;--------------------------------------------------------
                            483 	.area BSEG    (BIT)
                            484 ;--------------------------------------------------------
                            485 ; paged external ram data
                            486 ;--------------------------------------------------------
                            487 	.area PSEG    (PAG,XDATA)
                            488 ;--------------------------------------------------------
                            489 ; external ram data
                            490 ;--------------------------------------------------------
                            491 	.area XSEG    (XDATA)
   0000                     492 _rf_spi_execute_command_PARM_2:
   0000                     493 	.ds 3
   0003                     494 _rf_spi_execute_command_PARM_3:
   0003                     495 	.ds 2
   0005                     496 _rf_spi_execute_command_PARM_4:
   0005                     497 	.ds 1
   0006                     498 _rf_spi_execute_command_instruction_1_1:
   0006                     499 	.ds 1
   0007                     500 _rf_spi_execute_command_status_1_1:
   0007                     501 	.ds 1
                            502 ;--------------------------------------------------------
                            503 ; absolute external ram data
                            504 ;--------------------------------------------------------
                            505 	.area XABS    (ABS,XDATA)
                            506 ;--------------------------------------------------------
                            507 ; external initialized ram data
                            508 ;--------------------------------------------------------
                            509 	.area XISEG   (XDATA)
                            510 	.area HOME    (CODE)
                            511 	.area GSINIT0 (CODE)
                            512 	.area GSINIT1 (CODE)
                            513 	.area GSINIT2 (CODE)
                            514 	.area GSINIT3 (CODE)
                            515 	.area GSINIT4 (CODE)
                            516 	.area GSINIT5 (CODE)
                            517 	.area GSINIT  (CODE)
                            518 	.area GSFINAL (CODE)
                            519 	.area CSEG    (CODE)
                            520 ;--------------------------------------------------------
                            521 ; global & static initialisations
                            522 ;--------------------------------------------------------
                            523 	.area HOME    (CODE)
                            524 	.area GSINIT  (CODE)
                            525 	.area GSFINAL (CODE)
                            526 	.area GSINIT  (CODE)
                            527 ;--------------------------------------------------------
                            528 ; Home
                            529 ;--------------------------------------------------------
                            530 	.area HOME    (CODE)
                            531 	.area HOME    (CODE)
                            532 ;--------------------------------------------------------
                            533 ; code
                            534 ;--------------------------------------------------------
                            535 	.area CSEG    (CODE)
                            536 ;------------------------------------------------------------
                            537 ;Allocation info for local variables in function 'rf_spi_execute_command'
                            538 ;------------------------------------------------------------
                            539 ;dataptr                   Allocated with name '_rf_spi_execute_command_PARM_2'
                            540 ;len                       Allocated with name '_rf_spi_execute_command_PARM_3'
                            541 ;copydata                  Allocated with name '_rf_spi_execute_command_PARM_4'
                            542 ;instruction               Allocated with name '_rf_spi_execute_command_instruction_1_1'
                            543 ;status                    Allocated with name '_rf_spi_execute_command_status_1_1'
                            544 ;------------------------------------------------------------
                            545 ;	src/rf_spi_execute_command.c:50: uint8_t rf_spi_execute_command(uint8_t instruction, uint8_t * dataptr, uint16_t len, bool copydata)
                            546 ;	-----------------------------------------
                            547 ;	 function rf_spi_execute_command
                            548 ;	-----------------------------------------
   0000                     549 _rf_spi_execute_command:
                    0002    550 	ar2 = 0x02
                    0003    551 	ar3 = 0x03
                    0004    552 	ar4 = 0x04
                    0005    553 	ar5 = 0x05
                    0006    554 	ar6 = 0x06
                    0007    555 	ar7 = 0x07
                    0000    556 	ar0 = 0x00
                    0001    557 	ar1 = 0x01
   0000 E5 82               558 	mov	a,dpl
   0002 90s00r06            559 	mov	dptr,#_rf_spi_execute_command_instruction_1_1
   0005 F0                  560 	movx	@dptr,a
                            561 ;	src/rf_spi_execute_command.c:52: uint8_t status = instruction; //status writes the instruction, then reads the current STATUS value
   0006 90s00r06            562 	mov	dptr,#_rf_spi_execute_command_instruction_1_1
   0009 E0                  563 	movx	a,@dptr
   000A FA                  564 	mov	r2,a
   000B 90s00r07            565 	mov	dptr,#_rf_spi_execute_command_status_1_1
   000E F0                  566 	movx	@dptr,a
                            567 ;	src/rf_spi_execute_command.c:54: rf_clear_csn(); //Clear CSN to start the transaction
   000F C2 E9               568 	 clr _RFCON_SB_RFCSN 
                            569 ;	src/rf_spi_execute_command.c:57: rf_spi_send_read(&status, 1, true);
   0011 90s00r00            570 	mov	dptr,#_rf_spi_send_read_PARM_2
   0014 74 01               571 	mov	a,#0x01
   0016 F0                  572 	movx	@dptr,a
   0017 E4                  573 	clr	a
   0018 A3                  574 	inc	dptr
   0019 F0                  575 	movx	@dptr,a
   001A 90s00r00            576 	mov	dptr,#_rf_spi_send_read_PARM_3
   001D 74 01               577 	mov	a,#0x01
   001F F0                  578 	movx	@dptr,a
   0020 90s00r07            579 	mov	dptr,#_rf_spi_execute_command_status_1_1
   0023 75 F0 00            580 	mov	b,#0x00
   0026 12s00r00            581 	lcall	_rf_spi_send_read
                            582 ;	src/rf_spi_execute_command.c:58: rf_spi_send_read(dataptr, len, copydata);
   0029 90s00r00            583 	mov	dptr,#_rf_spi_execute_command_PARM_2
   002C E0                  584 	movx	a,@dptr
   002D FA                  585 	mov	r2,a
   002E A3                  586 	inc	dptr
   002F E0                  587 	movx	a,@dptr
   0030 FB                  588 	mov	r3,a
   0031 A3                  589 	inc	dptr
   0032 E0                  590 	movx	a,@dptr
   0033 FC                  591 	mov	r4,a
   0034 90s00r03            592 	mov	dptr,#_rf_spi_execute_command_PARM_3
   0037 E0                  593 	movx	a,@dptr
   0038 FD                  594 	mov	r5,a
   0039 A3                  595 	inc	dptr
   003A E0                  596 	movx	a,@dptr
   003B FE                  597 	mov	r6,a
   003C 90s00r05            598 	mov	dptr,#_rf_spi_execute_command_PARM_4
   003F E0                  599 	movx	a,@dptr
   0040 FF                  600 	mov	r7,a
   0041 90s00r00            601 	mov	dptr,#_rf_spi_send_read_PARM_2
   0044 ED                  602 	mov	a,r5
   0045 F0                  603 	movx	@dptr,a
   0046 A3                  604 	inc	dptr
   0047 EE                  605 	mov	a,r6
   0048 F0                  606 	movx	@dptr,a
   0049 90s00r00            607 	mov	dptr,#_rf_spi_send_read_PARM_3
   004C EF                  608 	mov	a,r7
   004D F0                  609 	movx	@dptr,a
   004E 8A 82               610 	mov	dpl,r2
   0050 8B 83               611 	mov	dph,r3
   0052 8C F0               612 	mov	b,r4
   0054 12s00r00            613 	lcall	_rf_spi_send_read
                            614 ;	src/rf_spi_execute_command.c:60: rf_set_csn(); //Set CSN to end the transaction
   0057 D2 E9               615 	 setb _RFCON_SB_RFCSN 
                            616 ;	src/rf_spi_execute_command.c:62: return status; //Return the value of STATUS
   0059 90s00r07            617 	mov	dptr,#_rf_spi_execute_command_status_1_1
   005C E0                  618 	movx	a,@dptr
   005D F5 82               619 	mov	dpl,a
   005F 22                  620 	ret
                            621 	.area CSEG    (CODE)
                            622 	.area CONST   (CODE)
                            623 	.area XINIT   (CODE)
                            624 	.area CABS    (ABS,CODE)
