                              1 ;--------------------------------------------------------
                              2 ; File Created by SDCC : free open source ANSI-C Compiler
                              3 ; Version 3.0.2 #6538 (May 20 2011) (MINGW32)
                              4 ; This file was generated Mon Mar 26 13:48:46 2012
                              5 ;--------------------------------------------------------
                              6 	.module rf_set_as_rx
                              7 	.optsdcc -mmcs51 --model-large
                              8 	
                              9 ;--------------------------------------------------------
                             10 ; Public variables in this module
                             11 ;--------------------------------------------------------
                             12 	.globl _rf_read_register
                             13 	.globl _rf_write_register
                             14 	.globl _delay_us
                             15 	.globl _FSR_SB_ENDBG
                             16 	.globl _FSR_SB_STP
                             17 	.globl _FSR_SB_WEN
                             18 	.globl _FSR_SB_RDYN
                             19 	.globl _FSR_SB_INFEN
                             20 	.globl _FSR_SB_RDISMB
                             21 	.globl _RFCON_SB_RFCKEN
                             22 	.globl _RFCON_SB_RFCSN
                             23 	.globl _RFCON_SB_RFCE
                             24 	.globl _ADCON_SB_BD
                             25 	.globl _PSW_SB_P
                             26 	.globl _PSW_SB_F1
                             27 	.globl _PSW_SB_OV
                             28 	.globl _PSW_SB_RS0
                             29 	.globl _PSW_SB_RS1
                             30 	.globl _PSW_SB_F0
                             31 	.globl _PSW_SB_AC
                             32 	.globl _PSW_SB_CY
                             33 	.globl _T2CON_SB_T2PS
                             34 	.globl _T2CON_SB_I3FR
                             35 	.globl _T2CON_SB_I2FR
                             36 	.globl _T2CON_SB_T2R1
                             37 	.globl _T2CON_SB_T2R0
                             38 	.globl _T2CON_SB_T2CM
                             39 	.globl _T2CON_SB_T2I1
                             40 	.globl _T2CON_SB_T2I0
                             41 	.globl _IRCON_SB_EXF2
                             42 	.globl _IRCON_SB_TF2
                             43 	.globl _IRCON_SB_TICK
                             44 	.globl _IRCON_SB_MISCIRQ
                             45 	.globl _IRCON_SB_WUOPIRQ
                             46 	.globl _IRCON_SB_SPI_2WIRE
                             47 	.globl _IRCON_SB_RFIRQ
                             48 	.globl _IRCON_SB_RFRDY
                             49 	.globl _IEN1_SB_T2EXTRLD
                             50 	.globl _IEN1_SB_TICK
                             51 	.globl _IEN1_SB_MISCIRQ
                             52 	.globl _IEN1_SB_WUOPIRQ
                             53 	.globl _IEN1_SB_SPI_2WIRE
                             54 	.globl _IEN1_SB_RFIRQ
                             55 	.globl _IEN1_SB_RFRDY
                             56 	.globl _P3_SB_D7
                             57 	.globl _P3_SB_D6
                             58 	.globl _P3_SB_D5
                             59 	.globl _P3_SB_D4
                             60 	.globl _P3_SB_D3
                             61 	.globl _P3_SB_D2
                             62 	.globl _P3_SB_D1
                             63 	.globl _P3_SB_D0
                             64 	.globl _IEN0_SB_GLOBAL
                             65 	.globl _IEN0_SB_T2
                             66 	.globl _IEN0_SB_UART
                             67 	.globl _IEN0_SB_T1
                             68 	.globl _IEN0_SB_POFIRQ
                             69 	.globl _IEN0_SB_T0
                             70 	.globl _IEN0_SB_IFP
                             71 	.globl _P2_SB_D7
                             72 	.globl _P2_SB_D6
                             73 	.globl _P2_SB_D5
                             74 	.globl _P2_SB_D4
                             75 	.globl _P2_SB_D3
                             76 	.globl _P2_SB_D2
                             77 	.globl _P2_SB_D1
                             78 	.globl _P2_SB_D0
                             79 	.globl _S0CON_SB_SM0
                             80 	.globl _S0CON_SB_SM1
                             81 	.globl _S0CON_SB_SM20
                             82 	.globl _S0CON_SB_REN0
                             83 	.globl _S0CON_SB_TB80
                             84 	.globl _S0CON_SB_RB80
                             85 	.globl _S0CON_SB_TI0
                             86 	.globl _S0CON_SB_RI0
                             87 	.globl _P1_SB_D7
                             88 	.globl _P1_SB_D6
                             89 	.globl _P1_SB_D5
                             90 	.globl _P1_SB_D4
                             91 	.globl _P1_SB_D3
                             92 	.globl _P1_SB_D2
                             93 	.globl _P1_SB_D1
                             94 	.globl _P1_SB_D0
                             95 	.globl _TCON_SB_TF1
                             96 	.globl _TCON_SB_TR1
                             97 	.globl _TCON_SB_TF0
                             98 	.globl _TCON_SB_TR0
                             99 	.globl _TCON_SB_IE1
                            100 	.globl _TCON_SB_IT1
                            101 	.globl _TCON_SB_IE0
                            102 	.globl _TCON_SB_IT0
                            103 	.globl _P0_SB_D7
                            104 	.globl _P0_SB_D6
                            105 	.globl _P0_SB_D5
                            106 	.globl _P0_SB_D4
                            107 	.globl _P0_SB_D3
                            108 	.globl _P0_SB_D2
                            109 	.globl _P0_SB_D1
                            110 	.globl _P0_SB_D0
                            111 	.globl _ADCDAT
                            112 	.globl _S0REL
                            113 	.globl _T2
                            114 	.globl _T1
                            115 	.globl _T0
                            116 	.globl _CRC
                            117 	.globl _CC3
                            118 	.globl _CC2
                            119 	.globl _CC1
                            120 	.globl _SPIMDAT
                            121 	.globl _SPIMSTAT
                            122 	.globl _SPIMCON1
                            123 	.globl _SPIMCON0
                            124 	.globl _FCR
                            125 	.globl _FPCR
                            126 	.globl _FSR
                            127 	.globl _B
                            128 	.globl _ARCON
                            129 	.globl _MD5
                            130 	.globl _MD4
                            131 	.globl _MD3
                            132 	.globl _MD2
                            133 	.globl _MD1
                            134 	.globl _MD0
                            135 	.globl _RFCON
                            136 	.globl _SPIRDAT
                            137 	.globl _SPIRSTAT
                            138 	.globl _SPIRCON1
                            139 	.globl _SPIRCON0
                            140 	.globl _W2CON0
                            141 	.globl _W2CON1
                            142 	.globl _ACC
                            143 	.globl _CCPDATO
                            144 	.globl _CCPDATIB
                            145 	.globl _CCPDATIA
                            146 	.globl _POFCON
                            147 	.globl _COMPCON
                            148 	.globl _W2DAT
                            149 	.globl _W2SADR
                            150 	.globl _ADCON
                            151 	.globl _RNGDAT
                            152 	.globl _RNGCTL
                            153 	.globl _ADCDATL
                            154 	.globl _ADCDATH
                            155 	.globl _ADCCON1
                            156 	.globl _ADCCON2
                            157 	.globl _ADCCON3
                            158 	.globl _PSW
                            159 	.globl _WUOPC0
                            160 	.globl _WUOPC1
                            161 	.globl _TH2
                            162 	.globl _TL2
                            163 	.globl _CRCH
                            164 	.globl _CRCL
                            165 	.globl __XPAGE
                            166 	.globl _MPAGE
                            167 	.globl _T2CON
                            168 	.globl _CCH3
                            169 	.globl _CCL3
                            170 	.globl _CCH2
                            171 	.globl _CCL2
                            172 	.globl _CCH1
                            173 	.globl _CCL1
                            174 	.globl _CCEN
                            175 	.globl _IRCON
                            176 	.globl _SPISDAT
                            177 	.globl _SPISSTAT
                            178 	.globl _SPISCON1
                            179 	.globl _SPISCON0
                            180 	.globl _S0RELH
                            181 	.globl _IP1
                            182 	.globl _IEN1
                            183 	.globl _SPISRDSZ
                            184 	.globl _RTC2CPT00
                            185 	.globl _RTC2CMP1
                            186 	.globl _RTC2CMP0
                            187 	.globl _RTC2CON
                            188 	.globl _PWMCON
                            189 	.globl _RSTREAS
                            190 	.globl _P3
                            191 	.globl _WDSV
                            192 	.globl _OPMCON
                            193 	.globl _CLKLFCTRL
                            194 	.globl _RTC2CPT10
                            195 	.globl _RTC2CPT01
                            196 	.globl _S0RELL
                            197 	.globl _IP0
                            198 	.globl _IEN0
                            199 	.globl _MEMCON
                            200 	.globl _INTEXP
                            201 	.globl _WUCON
                            202 	.globl _PWRDWN
                            203 	.globl _CLKCTRL
                            204 	.globl _PWMDC1
                            205 	.globl _PWMDC0
                            206 	.globl _P2
                            207 	.globl _P1CON
                            208 	.globl _P0CON
                            209 	.globl _S0BUF
                            210 	.globl _S0CON
                            211 	.globl _P2CON
                            212 	.globl _P3DIR
                            213 	.globl _P2DIR
                            214 	.globl _P1DIR
                            215 	.globl _P0DIR
                            216 	.globl _DPS
                            217 	.globl _P1
                            218 	.globl _P3CON
                            219 	.globl _TH1
                            220 	.globl _TH0
                            221 	.globl _TL1
                            222 	.globl _TL0
                            223 	.globl _TMOD
                            224 	.globl _TCON
                            225 	.globl _PCON
                            226 	.globl _DPH1
                            227 	.globl _DPL1
                            228 	.globl _DPH
                            229 	.globl _DPL
                            230 	.globl _SP
                            231 	.globl _P0
                            232 	.globl _rf_set_as_rx
                            233 ;--------------------------------------------------------
                            234 ; special function registers
                            235 ;--------------------------------------------------------
                            236 	.area RSEG    (ABS,DATA)
   0000                     237 	.org 0x0000
                    0080    238 _P0	=	0x0080
                    0081    239 _SP	=	0x0081
                    0082    240 _DPL	=	0x0082
                    0083    241 _DPH	=	0x0083
                    0084    242 _DPL1	=	0x0084
                    0085    243 _DPH1	=	0x0085
                    0087    244 _PCON	=	0x0087
                    0088    245 _TCON	=	0x0088
                    0089    246 _TMOD	=	0x0089
                    008A    247 _TL0	=	0x008a
                    008B    248 _TL1	=	0x008b
                    008C    249 _TH0	=	0x008c
                    008D    250 _TH1	=	0x008d
                    008F    251 _P3CON	=	0x008f
                    0090    252 _P1	=	0x0090
                    0092    253 _DPS	=	0x0092
                    0093    254 _P0DIR	=	0x0093
                    0094    255 _P1DIR	=	0x0094
                    0095    256 _P2DIR	=	0x0095
                    0096    257 _P3DIR	=	0x0096
                    0097    258 _P2CON	=	0x0097
                    0098    259 _S0CON	=	0x0098
                    0099    260 _S0BUF	=	0x0099
                    009E    261 _P0CON	=	0x009e
                    009F    262 _P1CON	=	0x009f
                    00A0    263 _P2	=	0x00a0
                    00A1    264 _PWMDC0	=	0x00a1
                    00A2    265 _PWMDC1	=	0x00a2
                    00A3    266 _CLKCTRL	=	0x00a3
                    00A4    267 _PWRDWN	=	0x00a4
                    00A5    268 _WUCON	=	0x00a5
                    00A6    269 _INTEXP	=	0x00a6
                    00A7    270 _MEMCON	=	0x00a7
                    00A8    271 _IEN0	=	0x00a8
                    00A9    272 _IP0	=	0x00a9
                    00AA    273 _S0RELL	=	0x00aa
                    00AB    274 _RTC2CPT01	=	0x00ab
                    00AC    275 _RTC2CPT10	=	0x00ac
                    00AD    276 _CLKLFCTRL	=	0x00ad
                    00AE    277 _OPMCON	=	0x00ae
                    00AF    278 _WDSV	=	0x00af
                    00B0    279 _P3	=	0x00b0
                    00B1    280 _RSTREAS	=	0x00b1
                    00B2    281 _PWMCON	=	0x00b2
                    00B3    282 _RTC2CON	=	0x00b3
                    00B4    283 _RTC2CMP0	=	0x00b4
                    00B5    284 _RTC2CMP1	=	0x00b5
                    00B6    285 _RTC2CPT00	=	0x00b6
                    00B7    286 _SPISRDSZ	=	0x00b7
                    00B8    287 _IEN1	=	0x00b8
                    00B9    288 _IP1	=	0x00b9
                    00BA    289 _S0RELH	=	0x00ba
                    00BC    290 _SPISCON0	=	0x00bc
                    00BD    291 _SPISCON1	=	0x00bd
                    00BE    292 _SPISSTAT	=	0x00be
                    00BF    293 _SPISDAT	=	0x00bf
                    00C0    294 _IRCON	=	0x00c0
                    00C1    295 _CCEN	=	0x00c1
                    00C2    296 _CCL1	=	0x00c2
                    00C3    297 _CCH1	=	0x00c3
                    00C4    298 _CCL2	=	0x00c4
                    00C5    299 _CCH2	=	0x00c5
                    00C6    300 _CCL3	=	0x00c6
                    00C7    301 _CCH3	=	0x00c7
                    00C8    302 _T2CON	=	0x00c8
                    00C9    303 _MPAGE	=	0x00c9
                    00C9    304 __XPAGE	=	0x00c9
                    00CA    305 _CRCL	=	0x00ca
                    00CB    306 _CRCH	=	0x00cb
                    00CC    307 _TL2	=	0x00cc
                    00CD    308 _TH2	=	0x00cd
                    00CE    309 _WUOPC1	=	0x00ce
                    00CF    310 _WUOPC0	=	0x00cf
                    00D0    311 _PSW	=	0x00d0
                    00D1    312 _ADCCON3	=	0x00d1
                    00D2    313 _ADCCON2	=	0x00d2
                    00D3    314 _ADCCON1	=	0x00d3
                    00D4    315 _ADCDATH	=	0x00d4
                    00D5    316 _ADCDATL	=	0x00d5
                    00D6    317 _RNGCTL	=	0x00d6
                    00D7    318 _RNGDAT	=	0x00d7
                    00D8    319 _ADCON	=	0x00d8
                    00D9    320 _W2SADR	=	0x00d9
                    00DA    321 _W2DAT	=	0x00da
                    00DB    322 _COMPCON	=	0x00db
                    00DC    323 _POFCON	=	0x00dc
                    00DD    324 _CCPDATIA	=	0x00dd
                    00DE    325 _CCPDATIB	=	0x00de
                    00DF    326 _CCPDATO	=	0x00df
                    00E0    327 _ACC	=	0x00e0
                    00E1    328 _W2CON1	=	0x00e1
                    00E2    329 _W2CON0	=	0x00e2
                    00E4    330 _SPIRCON0	=	0x00e4
                    00E5    331 _SPIRCON1	=	0x00e5
                    00E6    332 _SPIRSTAT	=	0x00e6
                    00E7    333 _SPIRDAT	=	0x00e7
                    00E8    334 _RFCON	=	0x00e8
                    00E9    335 _MD0	=	0x00e9
                    00EA    336 _MD1	=	0x00ea
                    00EB    337 _MD2	=	0x00eb
                    00EC    338 _MD3	=	0x00ec
                    00ED    339 _MD4	=	0x00ed
                    00EE    340 _MD5	=	0x00ee
                    00EF    341 _ARCON	=	0x00ef
                    00F0    342 _B	=	0x00f0
                    00F8    343 _FSR	=	0x00f8
                    00F9    344 _FPCR	=	0x00f9
                    00FA    345 _FCR	=	0x00fa
                    00FC    346 _SPIMCON0	=	0x00fc
                    00FD    347 _SPIMCON1	=	0x00fd
                    00FE    348 _SPIMSTAT	=	0x00fe
                    00FF    349 _SPIMDAT	=	0x00ff
                    C3C2    350 _CC1	=	0xc3c2
                    C5C4    351 _CC2	=	0xc5c4
                    C7C6    352 _CC3	=	0xc7c6
                    CBCA    353 _CRC	=	0xcbca
                    8C8A    354 _T0	=	0x8c8a
                    8D8B    355 _T1	=	0x8d8b
                    CDCC    356 _T2	=	0xcdcc
                    BAAA    357 _S0REL	=	0xbaaa
                    D4D5    358 _ADCDAT	=	0xd4d5
                            359 ;--------------------------------------------------------
                            360 ; special function bits
                            361 ;--------------------------------------------------------
                            362 	.area RSEG    (ABS,DATA)
   0000                     363 	.org 0x0000
                    0080    364 _P0_SB_D0	=	0x0080
                    0081    365 _P0_SB_D1	=	0x0081
                    0082    366 _P0_SB_D2	=	0x0082
                    0083    367 _P0_SB_D3	=	0x0083
                    0084    368 _P0_SB_D4	=	0x0084
                    0085    369 _P0_SB_D5	=	0x0085
                    0086    370 _P0_SB_D6	=	0x0086
                    0087    371 _P0_SB_D7	=	0x0087
                    0088    372 _TCON_SB_IT0	=	0x0088
                    0089    373 _TCON_SB_IE0	=	0x0089
                    008A    374 _TCON_SB_IT1	=	0x008a
                    008B    375 _TCON_SB_IE1	=	0x008b
                    008C    376 _TCON_SB_TR0	=	0x008c
                    008D    377 _TCON_SB_TF0	=	0x008d
                    008E    378 _TCON_SB_TR1	=	0x008e
                    008F    379 _TCON_SB_TF1	=	0x008f
                    0090    380 _P1_SB_D0	=	0x0090
                    0091    381 _P1_SB_D1	=	0x0091
                    0092    382 _P1_SB_D2	=	0x0092
                    0093    383 _P1_SB_D3	=	0x0093
                    0094    384 _P1_SB_D4	=	0x0094
                    0095    385 _P1_SB_D5	=	0x0095
                    0096    386 _P1_SB_D6	=	0x0096
                    0097    387 _P1_SB_D7	=	0x0097
                    0098    388 _S0CON_SB_RI0	=	0x0098
                    0099    389 _S0CON_SB_TI0	=	0x0099
                    009A    390 _S0CON_SB_RB80	=	0x009a
                    009B    391 _S0CON_SB_TB80	=	0x009b
                    009C    392 _S0CON_SB_REN0	=	0x009c
                    009D    393 _S0CON_SB_SM20	=	0x009d
                    009E    394 _S0CON_SB_SM1	=	0x009e
                    009F    395 _S0CON_SB_SM0	=	0x009f
                    00A0    396 _P2_SB_D0	=	0x00a0
                    00A1    397 _P2_SB_D1	=	0x00a1
                    00A2    398 _P2_SB_D2	=	0x00a2
                    00A3    399 _P2_SB_D3	=	0x00a3
                    00A4    400 _P2_SB_D4	=	0x00a4
                    00A5    401 _P2_SB_D5	=	0x00a5
                    00A6    402 _P2_SB_D6	=	0x00a6
                    00A7    403 _P2_SB_D7	=	0x00a7
                    00A8    404 _IEN0_SB_IFP	=	0x00a8
                    00A9    405 _IEN0_SB_T0	=	0x00a9
                    00AA    406 _IEN0_SB_POFIRQ	=	0x00aa
                    00AB    407 _IEN0_SB_T1	=	0x00ab
                    00AC    408 _IEN0_SB_UART	=	0x00ac
                    00AD    409 _IEN0_SB_T2	=	0x00ad
                    00AF    410 _IEN0_SB_GLOBAL	=	0x00af
                    00B0    411 _P3_SB_D0	=	0x00b0
                    00B1    412 _P3_SB_D1	=	0x00b1
                    00B2    413 _P3_SB_D2	=	0x00b2
                    00B3    414 _P3_SB_D3	=	0x00b3
                    00B4    415 _P3_SB_D4	=	0x00b4
                    00B5    416 _P3_SB_D5	=	0x00b5
                    00B6    417 _P3_SB_D6	=	0x00b6
                    00B7    418 _P3_SB_D7	=	0x00b7
                    00B8    419 _IEN1_SB_RFRDY	=	0x00b8
                    00B9    420 _IEN1_SB_RFIRQ	=	0x00b9
                    00BA    421 _IEN1_SB_SPI_2WIRE	=	0x00ba
                    00BB    422 _IEN1_SB_WUOPIRQ	=	0x00bb
                    00BC    423 _IEN1_SB_MISCIRQ	=	0x00bc
                    00BD    424 _IEN1_SB_TICK	=	0x00bd
                    00BF    425 _IEN1_SB_T2EXTRLD	=	0x00bf
                    00C0    426 _IRCON_SB_RFRDY	=	0x00c0
                    00C1    427 _IRCON_SB_RFIRQ	=	0x00c1
                    00C2    428 _IRCON_SB_SPI_2WIRE	=	0x00c2
                    00C3    429 _IRCON_SB_WUOPIRQ	=	0x00c3
                    00C4    430 _IRCON_SB_MISCIRQ	=	0x00c4
                    00C5    431 _IRCON_SB_TICK	=	0x00c5
                    00C6    432 _IRCON_SB_TF2	=	0x00c6
                    00C7    433 _IRCON_SB_EXF2	=	0x00c7
                    00C8    434 _T2CON_SB_T2I0	=	0x00c8
                    00C9    435 _T2CON_SB_T2I1	=	0x00c9
                    00CA    436 _T2CON_SB_T2CM	=	0x00ca
                    00CB    437 _T2CON_SB_T2R0	=	0x00cb
                    00CC    438 _T2CON_SB_T2R1	=	0x00cc
                    00CD    439 _T2CON_SB_I2FR	=	0x00cd
                    00CE    440 _T2CON_SB_I3FR	=	0x00ce
                    00CF    441 _T2CON_SB_T2PS	=	0x00cf
                    00D7    442 _PSW_SB_CY	=	0x00d7
                    00D6    443 _PSW_SB_AC	=	0x00d6
                    00D5    444 _PSW_SB_F0	=	0x00d5
                    00D4    445 _PSW_SB_RS1	=	0x00d4
                    00D3    446 _PSW_SB_RS0	=	0x00d3
                    00D2    447 _PSW_SB_OV	=	0x00d2
                    00D1    448 _PSW_SB_F1	=	0x00d1
                    00D0    449 _PSW_SB_P	=	0x00d0
                    00DF    450 _ADCON_SB_BD	=	0x00df
                    00E8    451 _RFCON_SB_RFCE	=	0x00e8
                    00E9    452 _RFCON_SB_RFCSN	=	0x00e9
                    00EA    453 _RFCON_SB_RFCKEN	=	0x00ea
                    00FA    454 _FSR_SB_RDISMB	=	0x00fa
                    00FB    455 _FSR_SB_INFEN	=	0x00fb
                    00FC    456 _FSR_SB_RDYN	=	0x00fc
                    00FD    457 _FSR_SB_WEN	=	0x00fd
                    00FE    458 _FSR_SB_STP	=	0x00fe
                    00FF    459 _FSR_SB_ENDBG	=	0x00ff
                            460 ;--------------------------------------------------------
                            461 ; overlayable register banks
                            462 ;--------------------------------------------------------
                            463 	.area REG_BANK_0	(REL,OVR,DATA)
   0000                     464 	.ds 8
                            465 ;--------------------------------------------------------
                            466 ; internal ram data
                            467 ;--------------------------------------------------------
                            468 	.area DSEG    (DATA)
                            469 ;--------------------------------------------------------
                            470 ; overlayable items in internal ram 
                            471 ;--------------------------------------------------------
                            472 	.area OSEG    (OVR,DATA)
                            473 ;--------------------------------------------------------
                            474 ; indirectly addressable internal ram data
                            475 ;--------------------------------------------------------
                            476 	.area ISEG    (DATA)
                            477 ;--------------------------------------------------------
                            478 ; absolute internal ram data
                            479 ;--------------------------------------------------------
                            480 	.area IABS    (ABS,DATA)
                            481 	.area IABS    (ABS,DATA)
                            482 ;--------------------------------------------------------
                            483 ; bit data
                            484 ;--------------------------------------------------------
                            485 	.area BSEG    (BIT)
                            486 ;--------------------------------------------------------
                            487 ; paged external ram data
                            488 ;--------------------------------------------------------
                            489 	.area PSEG    (PAG,XDATA)
                            490 ;--------------------------------------------------------
                            491 ; external ram data
                            492 ;--------------------------------------------------------
                            493 	.area XSEG    (XDATA)
   0000                     494 _rf_set_as_rx_rx_active_mode_1_1:
   0000                     495 	.ds 1
   0001                     496 _rf_set_as_rx_config_1_1:
   0001                     497 	.ds 1
                            498 ;--------------------------------------------------------
                            499 ; absolute external ram data
                            500 ;--------------------------------------------------------
                            501 	.area XABS    (ABS,XDATA)
                            502 ;--------------------------------------------------------
                            503 ; external initialized ram data
                            504 ;--------------------------------------------------------
                            505 	.area XISEG   (XDATA)
                            506 	.area HOME    (CODE)
                            507 	.area GSINIT0 (CODE)
                            508 	.area GSINIT1 (CODE)
                            509 	.area GSINIT2 (CODE)
                            510 	.area GSINIT3 (CODE)
                            511 	.area GSINIT4 (CODE)
                            512 	.area GSINIT5 (CODE)
                            513 	.area GSINIT  (CODE)
                            514 	.area GSFINAL (CODE)
                            515 	.area CSEG    (CODE)
                            516 ;--------------------------------------------------------
                            517 ; global & static initialisations
                            518 ;--------------------------------------------------------
                            519 	.area HOME    (CODE)
                            520 	.area GSINIT  (CODE)
                            521 	.area GSFINAL (CODE)
                            522 	.area GSINIT  (CODE)
                            523 ;--------------------------------------------------------
                            524 ; Home
                            525 ;--------------------------------------------------------
                            526 	.area HOME    (CODE)
                            527 	.area HOME    (CODE)
                            528 ;--------------------------------------------------------
                            529 ; code
                            530 ;--------------------------------------------------------
                            531 	.area CSEG    (CODE)
                            532 ;------------------------------------------------------------
                            533 ;Allocation info for local variables in function 'rf_set_as_rx'
                            534 ;------------------------------------------------------------
                            535 ;rx_active_mode            Allocated with name '_rf_set_as_rx_rx_active_mode_1_1'
                            536 ;config                    Allocated with name '_rf_set_as_rx_config_1_1'
                            537 ;------------------------------------------------------------
                            538 ;	src/rf_set_as_rx.c:47: void rf_set_as_rx(bool rx_active_mode)
                            539 ;	-----------------------------------------
                            540 ;	 function rf_set_as_rx
                            541 ;	-----------------------------------------
   0000                     542 _rf_set_as_rx:
                    0007    543 	ar7 = 0x07
                    0006    544 	ar6 = 0x06
                    0005    545 	ar5 = 0x05
                    0004    546 	ar4 = 0x04
                    0003    547 	ar3 = 0x03
                    0002    548 	ar2 = 0x02
                    0001    549 	ar1 = 0x01
                    0000    550 	ar0 = 0x00
   0000 E5 82               551 	mov	a,dpl
   0002 90s00r00            552 	mov	dptr,#_rf_set_as_rx_rx_active_mode_1_1
   0005 F0                  553 	movx	@dptr,a
                            554 ;	src/rf_set_as_rx.c:51: rf_read_register(RF_CONFIG, &config, 1); //Read the current CONFIG value
   0006 90s00r00            555 	mov	dptr,#_rf_read_register_PARM_2
   0009 74r01               556 	mov	a,#_rf_set_as_rx_config_1_1
   000B F0                  557 	movx	@dptr,a
   000C A3                  558 	inc	dptr
   000D 74s00               559 	mov	a,#(_rf_set_as_rx_config_1_1 >> 8)
   000F F0                  560 	movx	@dptr,a
   0010 A3                  561 	inc	dptr
   0011 E4                  562 	clr	a
   0012 F0                  563 	movx	@dptr,a
   0013 90s00r00            564 	mov	dptr,#_rf_read_register_PARM_3
   0016 74 01               565 	mov	a,#0x01
   0018 F0                  566 	movx	@dptr,a
   0019 A3                  567 	inc	dptr
   001A E4                  568 	clr	a
   001B F0                  569 	movx	@dptr,a
   001C 75 82 00            570 	mov	dpl,#0x00
   001F 12s00r00            571 	lcall	_rf_read_register
                            572 ;	src/rf_set_as_rx.c:54: if((config & RF_CONFIG_PRIM_RX) != 0)
   0022 90s00r01            573 	mov	dptr,#_rf_set_as_rx_config_1_1
   0025 E0                  574 	movx	a,@dptr
   0026 FF                  575 	mov	r7,a
   0027 30 E0 01            576 	jnb	acc.0,00102$
                            577 ;	src/rf_set_as_rx.c:56: return;
   002A 22                  578 	ret
   002B                     579 00102$:
                            580 ;	src/rf_set_as_rx.c:60: config |= RF_CONFIG_PRIM_RX;
   002B 90s00r01            581 	mov	dptr,#_rf_set_as_rx_config_1_1
   002E 74 01               582 	mov	a,#0x01
   0030 4F                  583 	orl	a,r7
   0031 F0                  584 	movx	@dptr,a
                            585 ;	src/rf_set_as_rx.c:61: rf_write_register(RF_CONFIG, &config, 1);
   0032 90s00r00            586 	mov	dptr,#_rf_write_register_PARM_2
   0035 74r01               587 	mov	a,#_rf_set_as_rx_config_1_1
   0037 F0                  588 	movx	@dptr,a
   0038 A3                  589 	inc	dptr
   0039 74s00               590 	mov	a,#(_rf_set_as_rx_config_1_1 >> 8)
   003B F0                  591 	movx	@dptr,a
   003C A3                  592 	inc	dptr
   003D E4                  593 	clr	a
   003E F0                  594 	movx	@dptr,a
   003F 90s00r00            595 	mov	dptr,#_rf_write_register_PARM_3
   0042 74 01               596 	mov	a,#0x01
   0044 F0                  597 	movx	@dptr,a
   0045 A3                  598 	inc	dptr
   0046 E4                  599 	clr	a
   0047 F0                  600 	movx	@dptr,a
   0048 75 82 00            601 	mov	dpl,#0x00
   004B 12s00r00            602 	lcall	_rf_write_register
                            603 ;	src/rf_set_as_rx.c:64: if(rx_active_mode != false)
   004E 90s00r00            604 	mov	dptr,#_rf_set_as_rx_rx_active_mode_1_1
   0051 E0                  605 	movx	a,@dptr
   0052 FF                  606 	mov	r7,a
   0053 60 08               607 	jz	00104$
                            608 ;	src/rf_set_as_rx.c:66: rf_set_ce();
   0055 D2 E8               609 	 setb _RFCON_SB_RFCE 
   0057 90 00 04            610 	mov	dptr,#0x0004
   005A 02s00r00            611 	ljmp	_delay_us
   005D                     612 00104$:
                            613 ;	src/rf_set_as_rx.c:70: rf_clear_ce();
   005D C2 E8               614 	 clr _RFCON_SB_RFCE 
   005F 22                  615 	ret
                            616 	.area CSEG    (CODE)
                            617 	.area CONST   (CODE)
                            618 	.area XINIT   (CODE)
                            619 	.area CABS    (ABS,CODE)
