                              1 ;--------------------------------------------------------
                              2 ; File Created by SDCC : free open source ANSI-C Compiler
                              3 ; Version 2.9.0 #5416 (Feb  3 2010) (UNIX)
                              4 ; This file was generated Sat Jun 23 17:46:45 2012
                              5 ;--------------------------------------------------------
                              6 	.module mspi_configure
                              7 	.optsdcc -mmcs51 --model-large
                              8 	
                              9 ;--------------------------------------------------------
                             10 ; Public variables in this module
                             11 ;--------------------------------------------------------
                             12 	.globl _FSR_SB_ENDBG
                             13 	.globl _FSR_SB_STP
                             14 	.globl _FSR_SB_WEN
                             15 	.globl _FSR_SB_RDYN
                             16 	.globl _FSR_SB_INFEN
                             17 	.globl _FSR_SB_RDISMB
                             18 	.globl _RFCON_SB_RFCKEN
                             19 	.globl _RFCON_SB_RFCSN
                             20 	.globl _RFCON_SB_RFCE
                             21 	.globl _ADCON_SB_BD
                             22 	.globl _PSW_SB_P
                             23 	.globl _PSW_SB_F1
                             24 	.globl _PSW_SB_OV
                             25 	.globl _PSW_SB_RS0
                             26 	.globl _PSW_SB_RS1
                             27 	.globl _PSW_SB_F0
                             28 	.globl _PSW_SB_AC
                             29 	.globl _PSW_SB_CY
                             30 	.globl _T2CON_SB_T2PS
                             31 	.globl _T2CON_SB_I3FR
                             32 	.globl _T2CON_SB_I2FR
                             33 	.globl _T2CON_SB_T2R1
                             34 	.globl _T2CON_SB_T2R0
                             35 	.globl _T2CON_SB_T2CM
                             36 	.globl _T2CON_SB_T2I1
                             37 	.globl _T2CON_SB_T2I0
                             38 	.globl _IRCON_SB_EXF2
                             39 	.globl _IRCON_SB_TF2
                             40 	.globl _IRCON_SB_TICK
                             41 	.globl _IRCON_SB_MISCIRQ
                             42 	.globl _IRCON_SB_WUOPIRQ
                             43 	.globl _IRCON_SB_SPI_2WIRE
                             44 	.globl _IRCON_SB_RFIRQ
                             45 	.globl _IRCON_SB_RFRDY
                             46 	.globl _IEN1_SB_T2EXTRLD
                             47 	.globl _IEN1_SB_TICK
                             48 	.globl _IEN1_SB_MISCIRQ
                             49 	.globl _IEN1_SB_WUOPIRQ
                             50 	.globl _IEN1_SB_SPI_2WIRE
                             51 	.globl _IEN1_SB_RFIRQ
                             52 	.globl _IEN1_SB_RFRDY
                             53 	.globl _P3_SB_D7
                             54 	.globl _P3_SB_D6
                             55 	.globl _P3_SB_D5
                             56 	.globl _P3_SB_D4
                             57 	.globl _P3_SB_D3
                             58 	.globl _P3_SB_D2
                             59 	.globl _P3_SB_D1
                             60 	.globl _P3_SB_D0
                             61 	.globl _IEN0_SB_GLOBAL
                             62 	.globl _IEN0_SB_T2
                             63 	.globl _IEN0_SB_UART
                             64 	.globl _IEN0_SB_T1
                             65 	.globl _IEN0_SB_POFIRQ
                             66 	.globl _IEN0_SB_T0
                             67 	.globl _IEN0_SB_IFP
                             68 	.globl _P2_SB_D7
                             69 	.globl _P2_SB_D6
                             70 	.globl _P2_SB_D5
                             71 	.globl _P2_SB_D4
                             72 	.globl _P2_SB_D3
                             73 	.globl _P2_SB_D2
                             74 	.globl _P2_SB_D1
                             75 	.globl _P2_SB_D0
                             76 	.globl _S0CON_SB_SM0
                             77 	.globl _S0CON_SB_SM1
                             78 	.globl _S0CON_SB_SM20
                             79 	.globl _S0CON_SB_REN0
                             80 	.globl _S0CON_SB_TB80
                             81 	.globl _S0CON_SB_RB80
                             82 	.globl _S0CON_SB_TI0
                             83 	.globl _S0CON_SB_RI0
                             84 	.globl _P1_SB_D7
                             85 	.globl _P1_SB_D6
                             86 	.globl _P1_SB_D5
                             87 	.globl _P1_SB_D4
                             88 	.globl _P1_SB_D3
                             89 	.globl _P1_SB_D2
                             90 	.globl _P1_SB_D1
                             91 	.globl _P1_SB_D0
                             92 	.globl _TCON_SB_TF1
                             93 	.globl _TCON_SB_TR1
                             94 	.globl _TCON_SB_TF0
                             95 	.globl _TCON_SB_TR0
                             96 	.globl _TCON_SB_IE1
                             97 	.globl _TCON_SB_IT1
                             98 	.globl _TCON_SB_IE0
                             99 	.globl _TCON_SB_IT0
                            100 	.globl _P0_SB_D7
                            101 	.globl _P0_SB_D6
                            102 	.globl _P0_SB_D5
                            103 	.globl _P0_SB_D4
                            104 	.globl _P0_SB_D3
                            105 	.globl _P0_SB_D2
                            106 	.globl _P0_SB_D1
                            107 	.globl _P0_SB_D0
                            108 	.globl _ADCDAT
                            109 	.globl _S0REL
                            110 	.globl _T2
                            111 	.globl _T1
                            112 	.globl _T0
                            113 	.globl _CRC
                            114 	.globl _CC3
                            115 	.globl _CC2
                            116 	.globl _CC1
                            117 	.globl _SPIMDAT
                            118 	.globl _SPIMSTAT
                            119 	.globl _SPIMCON1
                            120 	.globl _SPIMCON0
                            121 	.globl _FCR
                            122 	.globl _FPCR
                            123 	.globl _FSR
                            124 	.globl _B
                            125 	.globl _ARCON
                            126 	.globl _MD5
                            127 	.globl _MD4
                            128 	.globl _MD3
                            129 	.globl _MD2
                            130 	.globl _MD1
                            131 	.globl _MD0
                            132 	.globl _RFCON
                            133 	.globl _SPIRDAT
                            134 	.globl _SPIRSTAT
                            135 	.globl _SPIRCON1
                            136 	.globl _SPIRCON0
                            137 	.globl _W2CON0
                            138 	.globl _W2CON1
                            139 	.globl _ACC
                            140 	.globl _CCPDATO
                            141 	.globl _CCPDATIB
                            142 	.globl _CCPDATIA
                            143 	.globl _POFCON
                            144 	.globl _COMPCON
                            145 	.globl _W2DAT
                            146 	.globl _W2SADR
                            147 	.globl _ADCON
                            148 	.globl _RNGDAT
                            149 	.globl _RNGCTL
                            150 	.globl _ADCDATL
                            151 	.globl _ADCDATH
                            152 	.globl _ADCCON1
                            153 	.globl _ADCCON2
                            154 	.globl _ADCCON3
                            155 	.globl _PSW
                            156 	.globl _WUOPC0
                            157 	.globl _WUOPC1
                            158 	.globl _TH2
                            159 	.globl _TL2
                            160 	.globl _CRCH
                            161 	.globl _CRCL
                            162 	.globl __XPAGE
                            163 	.globl _MPAGE
                            164 	.globl _T2CON
                            165 	.globl _CCH3
                            166 	.globl _CCL3
                            167 	.globl _CCH2
                            168 	.globl _CCL2
                            169 	.globl _CCH1
                            170 	.globl _CCL1
                            171 	.globl _CCEN
                            172 	.globl _IRCON
                            173 	.globl _SPISDAT
                            174 	.globl _SPISSTAT
                            175 	.globl _SPISCON1
                            176 	.globl _SPISCON0
                            177 	.globl _S0RELH
                            178 	.globl _IP1
                            179 	.globl _IEN1
                            180 	.globl _SPISRDSZ
                            181 	.globl _RTC2CPT00
                            182 	.globl _RTC2CMP1
                            183 	.globl _RTC2CMP0
                            184 	.globl _RTC2CON
                            185 	.globl _PWMCON
                            186 	.globl _RSTREAS
                            187 	.globl _P3
                            188 	.globl _WDSV
                            189 	.globl _OPMCON
                            190 	.globl _CLKLFCTRL
                            191 	.globl _RTC2CPT10
                            192 	.globl _RTC2CPT01
                            193 	.globl _S0RELL
                            194 	.globl _IP0
                            195 	.globl _IEN0
                            196 	.globl _MEMCON
                            197 	.globl _INTEXP
                            198 	.globl _WUCON
                            199 	.globl _PWRDWN
                            200 	.globl _CLKCTRL
                            201 	.globl _PWMDC1
                            202 	.globl _PWMDC0
                            203 	.globl _P2
                            204 	.globl _P1CON
                            205 	.globl _P0CON
                            206 	.globl _S0BUF
                            207 	.globl _S0CON
                            208 	.globl _P2CON
                            209 	.globl _P3DIR
                            210 	.globl _P2DIR
                            211 	.globl _P1DIR
                            212 	.globl _P0DIR
                            213 	.globl _DPS
                            214 	.globl _P1
                            215 	.globl _P3CON
                            216 	.globl _TH1
                            217 	.globl _TH0
                            218 	.globl _TL1
                            219 	.globl _TL0
                            220 	.globl _TMOD
                            221 	.globl _TCON
                            222 	.globl _PCON
                            223 	.globl _DPH1
                            224 	.globl _DPL1
                            225 	.globl _DPH
                            226 	.globl _DPL
                            227 	.globl _SP
                            228 	.globl _P0
                            229 	.globl _mspi_configure
                            230 ;--------------------------------------------------------
                            231 ; special function registers
                            232 ;--------------------------------------------------------
                            233 	.area RSEG    (DATA)
                    0080    234 _P0	=	0x0080
                    0081    235 _SP	=	0x0081
                    0082    236 _DPL	=	0x0082
                    0083    237 _DPH	=	0x0083
                    0084    238 _DPL1	=	0x0084
                    0085    239 _DPH1	=	0x0085
                    0087    240 _PCON	=	0x0087
                    0088    241 _TCON	=	0x0088
                    0089    242 _TMOD	=	0x0089
                    008A    243 _TL0	=	0x008a
                    008B    244 _TL1	=	0x008b
                    008C    245 _TH0	=	0x008c
                    008D    246 _TH1	=	0x008d
                    008F    247 _P3CON	=	0x008f
                    0090    248 _P1	=	0x0090
                    0092    249 _DPS	=	0x0092
                    0093    250 _P0DIR	=	0x0093
                    0094    251 _P1DIR	=	0x0094
                    0095    252 _P2DIR	=	0x0095
                    0096    253 _P3DIR	=	0x0096
                    0097    254 _P2CON	=	0x0097
                    0098    255 _S0CON	=	0x0098
                    0099    256 _S0BUF	=	0x0099
                    009E    257 _P0CON	=	0x009e
                    009F    258 _P1CON	=	0x009f
                    00A0    259 _P2	=	0x00a0
                    00A1    260 _PWMDC0	=	0x00a1
                    00A2    261 _PWMDC1	=	0x00a2
                    00A3    262 _CLKCTRL	=	0x00a3
                    00A4    263 _PWRDWN	=	0x00a4
                    00A5    264 _WUCON	=	0x00a5
                    00A6    265 _INTEXP	=	0x00a6
                    00A7    266 _MEMCON	=	0x00a7
                    00A8    267 _IEN0	=	0x00a8
                    00A9    268 _IP0	=	0x00a9
                    00AA    269 _S0RELL	=	0x00aa
                    00AB    270 _RTC2CPT01	=	0x00ab
                    00AC    271 _RTC2CPT10	=	0x00ac
                    00AD    272 _CLKLFCTRL	=	0x00ad
                    00AE    273 _OPMCON	=	0x00ae
                    00AF    274 _WDSV	=	0x00af
                    00B0    275 _P3	=	0x00b0
                    00B1    276 _RSTREAS	=	0x00b1
                    00B2    277 _PWMCON	=	0x00b2
                    00B3    278 _RTC2CON	=	0x00b3
                    00B4    279 _RTC2CMP0	=	0x00b4
                    00B5    280 _RTC2CMP1	=	0x00b5
                    00B6    281 _RTC2CPT00	=	0x00b6
                    00B7    282 _SPISRDSZ	=	0x00b7
                    00B8    283 _IEN1	=	0x00b8
                    00B9    284 _IP1	=	0x00b9
                    00BA    285 _S0RELH	=	0x00ba
                    00BC    286 _SPISCON0	=	0x00bc
                    00BD    287 _SPISCON1	=	0x00bd
                    00BE    288 _SPISSTAT	=	0x00be
                    00BF    289 _SPISDAT	=	0x00bf
                    00C0    290 _IRCON	=	0x00c0
                    00C1    291 _CCEN	=	0x00c1
                    00C2    292 _CCL1	=	0x00c2
                    00C3    293 _CCH1	=	0x00c3
                    00C4    294 _CCL2	=	0x00c4
                    00C5    295 _CCH2	=	0x00c5
                    00C6    296 _CCL3	=	0x00c6
                    00C7    297 _CCH3	=	0x00c7
                    00C8    298 _T2CON	=	0x00c8
                    00C9    299 _MPAGE	=	0x00c9
                    00C9    300 __XPAGE	=	0x00c9
                    00CA    301 _CRCL	=	0x00ca
                    00CB    302 _CRCH	=	0x00cb
                    00CC    303 _TL2	=	0x00cc
                    00CD    304 _TH2	=	0x00cd
                    00CE    305 _WUOPC1	=	0x00ce
                    00CF    306 _WUOPC0	=	0x00cf
                    00D0    307 _PSW	=	0x00d0
                    00D1    308 _ADCCON3	=	0x00d1
                    00D2    309 _ADCCON2	=	0x00d2
                    00D3    310 _ADCCON1	=	0x00d3
                    00D4    311 _ADCDATH	=	0x00d4
                    00D5    312 _ADCDATL	=	0x00d5
                    00D6    313 _RNGCTL	=	0x00d6
                    00D7    314 _RNGDAT	=	0x00d7
                    00D8    315 _ADCON	=	0x00d8
                    00D9    316 _W2SADR	=	0x00d9
                    00DA    317 _W2DAT	=	0x00da
                    00DB    318 _COMPCON	=	0x00db
                    00DC    319 _POFCON	=	0x00dc
                    00DD    320 _CCPDATIA	=	0x00dd
                    00DE    321 _CCPDATIB	=	0x00de
                    00DF    322 _CCPDATO	=	0x00df
                    00E0    323 _ACC	=	0x00e0
                    00E1    324 _W2CON1	=	0x00e1
                    00E2    325 _W2CON0	=	0x00e2
                    00E4    326 _SPIRCON0	=	0x00e4
                    00E5    327 _SPIRCON1	=	0x00e5
                    00E6    328 _SPIRSTAT	=	0x00e6
                    00E7    329 _SPIRDAT	=	0x00e7
                    00E8    330 _RFCON	=	0x00e8
                    00E9    331 _MD0	=	0x00e9
                    00EA    332 _MD1	=	0x00ea
                    00EB    333 _MD2	=	0x00eb
                    00EC    334 _MD3	=	0x00ec
                    00ED    335 _MD4	=	0x00ed
                    00EE    336 _MD5	=	0x00ee
                    00EF    337 _ARCON	=	0x00ef
                    00F0    338 _B	=	0x00f0
                    00F8    339 _FSR	=	0x00f8
                    00F9    340 _FPCR	=	0x00f9
                    00FA    341 _FCR	=	0x00fa
                    00FC    342 _SPIMCON0	=	0x00fc
                    00FD    343 _SPIMCON1	=	0x00fd
                    00FE    344 _SPIMSTAT	=	0x00fe
                    00FF    345 _SPIMDAT	=	0x00ff
                    C3C2    346 _CC1	=	0xc3c2
                    C5C4    347 _CC2	=	0xc5c4
                    C7C6    348 _CC3	=	0xc7c6
                    CBCA    349 _CRC	=	0xcbca
                    8C8A    350 _T0	=	0x8c8a
                    8D8B    351 _T1	=	0x8d8b
                    CDCC    352 _T2	=	0xcdcc
                    BAAA    353 _S0REL	=	0xbaaa
                    D4D5    354 _ADCDAT	=	0xd4d5
                            355 ;--------------------------------------------------------
                            356 ; special function bits
                            357 ;--------------------------------------------------------
                            358 	.area RSEG    (DATA)
                    0080    359 _P0_SB_D0	=	0x0080
                    0081    360 _P0_SB_D1	=	0x0081
                    0082    361 _P0_SB_D2	=	0x0082
                    0083    362 _P0_SB_D3	=	0x0083
                    0084    363 _P0_SB_D4	=	0x0084
                    0085    364 _P0_SB_D5	=	0x0085
                    0086    365 _P0_SB_D6	=	0x0086
                    0087    366 _P0_SB_D7	=	0x0087
                    0088    367 _TCON_SB_IT0	=	0x0088
                    0089    368 _TCON_SB_IE0	=	0x0089
                    008A    369 _TCON_SB_IT1	=	0x008a
                    008B    370 _TCON_SB_IE1	=	0x008b
                    008C    371 _TCON_SB_TR0	=	0x008c
                    008D    372 _TCON_SB_TF0	=	0x008d
                    008E    373 _TCON_SB_TR1	=	0x008e
                    008F    374 _TCON_SB_TF1	=	0x008f
                    0090    375 _P1_SB_D0	=	0x0090
                    0091    376 _P1_SB_D1	=	0x0091
                    0092    377 _P1_SB_D2	=	0x0092
                    0093    378 _P1_SB_D3	=	0x0093
                    0094    379 _P1_SB_D4	=	0x0094
                    0095    380 _P1_SB_D5	=	0x0095
                    0096    381 _P1_SB_D6	=	0x0096
                    0097    382 _P1_SB_D7	=	0x0097
                    0098    383 _S0CON_SB_RI0	=	0x0098
                    0099    384 _S0CON_SB_TI0	=	0x0099
                    009A    385 _S0CON_SB_RB80	=	0x009a
                    009B    386 _S0CON_SB_TB80	=	0x009b
                    009C    387 _S0CON_SB_REN0	=	0x009c
                    009D    388 _S0CON_SB_SM20	=	0x009d
                    009E    389 _S0CON_SB_SM1	=	0x009e
                    009F    390 _S0CON_SB_SM0	=	0x009f
                    00A0    391 _P2_SB_D0	=	0x00a0
                    00A1    392 _P2_SB_D1	=	0x00a1
                    00A2    393 _P2_SB_D2	=	0x00a2
                    00A3    394 _P2_SB_D3	=	0x00a3
                    00A4    395 _P2_SB_D4	=	0x00a4
                    00A5    396 _P2_SB_D5	=	0x00a5
                    00A6    397 _P2_SB_D6	=	0x00a6
                    00A7    398 _P2_SB_D7	=	0x00a7
                    00A8    399 _IEN0_SB_IFP	=	0x00a8
                    00A9    400 _IEN0_SB_T0	=	0x00a9
                    00AA    401 _IEN0_SB_POFIRQ	=	0x00aa
                    00AB    402 _IEN0_SB_T1	=	0x00ab
                    00AC    403 _IEN0_SB_UART	=	0x00ac
                    00AD    404 _IEN0_SB_T2	=	0x00ad
                    00AF    405 _IEN0_SB_GLOBAL	=	0x00af
                    00B0    406 _P3_SB_D0	=	0x00b0
                    00B1    407 _P3_SB_D1	=	0x00b1
                    00B2    408 _P3_SB_D2	=	0x00b2
                    00B3    409 _P3_SB_D3	=	0x00b3
                    00B4    410 _P3_SB_D4	=	0x00b4
                    00B5    411 _P3_SB_D5	=	0x00b5
                    00B6    412 _P3_SB_D6	=	0x00b6
                    00B7    413 _P3_SB_D7	=	0x00b7
                    00B8    414 _IEN1_SB_RFRDY	=	0x00b8
                    00B9    415 _IEN1_SB_RFIRQ	=	0x00b9
                    00BA    416 _IEN1_SB_SPI_2WIRE	=	0x00ba
                    00BB    417 _IEN1_SB_WUOPIRQ	=	0x00bb
                    00BC    418 _IEN1_SB_MISCIRQ	=	0x00bc
                    00BD    419 _IEN1_SB_TICK	=	0x00bd
                    00BF    420 _IEN1_SB_T2EXTRLD	=	0x00bf
                    00C0    421 _IRCON_SB_RFRDY	=	0x00c0
                    00C1    422 _IRCON_SB_RFIRQ	=	0x00c1
                    00C2    423 _IRCON_SB_SPI_2WIRE	=	0x00c2
                    00C3    424 _IRCON_SB_WUOPIRQ	=	0x00c3
                    00C4    425 _IRCON_SB_MISCIRQ	=	0x00c4
                    00C5    426 _IRCON_SB_TICK	=	0x00c5
                    00C6    427 _IRCON_SB_TF2	=	0x00c6
                    00C7    428 _IRCON_SB_EXF2	=	0x00c7
                    00C8    429 _T2CON_SB_T2I0	=	0x00c8
                    00C9    430 _T2CON_SB_T2I1	=	0x00c9
                    00CA    431 _T2CON_SB_T2CM	=	0x00ca
                    00CB    432 _T2CON_SB_T2R0	=	0x00cb
                    00CC    433 _T2CON_SB_T2R1	=	0x00cc
                    00CD    434 _T2CON_SB_I2FR	=	0x00cd
                    00CE    435 _T2CON_SB_I3FR	=	0x00ce
                    00CF    436 _T2CON_SB_T2PS	=	0x00cf
                    00D7    437 _PSW_SB_CY	=	0x00d7
                    00D6    438 _PSW_SB_AC	=	0x00d6
                    00D5    439 _PSW_SB_F0	=	0x00d5
                    00D4    440 _PSW_SB_RS1	=	0x00d4
                    00D3    441 _PSW_SB_RS0	=	0x00d3
                    00D2    442 _PSW_SB_OV	=	0x00d2
                    00D1    443 _PSW_SB_F1	=	0x00d1
                    00D0    444 _PSW_SB_P	=	0x00d0
                    00DF    445 _ADCON_SB_BD	=	0x00df
                    00E8    446 _RFCON_SB_RFCE	=	0x00e8
                    00E9    447 _RFCON_SB_RFCSN	=	0x00e9
                    00EA    448 _RFCON_SB_RFCKEN	=	0x00ea
                    00FA    449 _FSR_SB_RDISMB	=	0x00fa
                    00FB    450 _FSR_SB_INFEN	=	0x00fb
                    00FC    451 _FSR_SB_RDYN	=	0x00fc
                    00FD    452 _FSR_SB_WEN	=	0x00fd
                    00FE    453 _FSR_SB_STP	=	0x00fe
                    00FF    454 _FSR_SB_ENDBG	=	0x00ff
                            455 ;--------------------------------------------------------
                            456 ; overlayable register banks
                            457 ;--------------------------------------------------------
                            458 	.area REG_BANK_0	(REL,OVR,DATA)
   0000                     459 	.ds 8
                            460 ;--------------------------------------------------------
                            461 ; internal ram data
                            462 ;--------------------------------------------------------
                            463 	.area DSEG    (DATA)
                            464 ;--------------------------------------------------------
                            465 ; overlayable items in internal ram 
                            466 ;--------------------------------------------------------
                            467 	.area OSEG    (OVR,DATA)
                            468 ;--------------------------------------------------------
                            469 ; indirectly addressable internal ram data
                            470 ;--------------------------------------------------------
                            471 	.area ISEG    (DATA)
                            472 ;--------------------------------------------------------
                            473 ; absolute internal ram data
                            474 ;--------------------------------------------------------
                            475 	.area IABS    (ABS,DATA)
                            476 	.area IABS    (ABS,DATA)
                            477 ;--------------------------------------------------------
                            478 ; bit data
                            479 ;--------------------------------------------------------
                            480 	.area BSEG    (BIT)
                            481 ;--------------------------------------------------------
                            482 ; paged external ram data
                            483 ;--------------------------------------------------------
                            484 	.area PSEG    (PAG,XDATA)
                            485 ;--------------------------------------------------------
                            486 ; external ram data
                            487 ;--------------------------------------------------------
                            488 	.area XSEG    (XDATA)
   0000                     489 _mspi_configure_mspi_config_options_1_1:
   0000                     490 	.ds 2
                            491 ;--------------------------------------------------------
                            492 ; absolute external ram data
                            493 ;--------------------------------------------------------
                            494 	.area XABS    (ABS,XDATA)
                            495 ;--------------------------------------------------------
                            496 ; external initialized ram data
                            497 ;--------------------------------------------------------
                            498 	.area XISEG   (XDATA)
                            499 	.area HOME    (CODE)
                            500 	.area GSINIT0 (CODE)
                            501 	.area GSINIT1 (CODE)
                            502 	.area GSINIT2 (CODE)
                            503 	.area GSINIT3 (CODE)
                            504 	.area GSINIT4 (CODE)
                            505 	.area GSINIT5 (CODE)
                            506 	.area GSINIT  (CODE)
                            507 	.area GSFINAL (CODE)
                            508 	.area CSEG    (CODE)
                            509 ;--------------------------------------------------------
                            510 ; global & static initialisations
                            511 ;--------------------------------------------------------
                            512 	.area HOME    (CODE)
                            513 	.area GSINIT  (CODE)
                            514 	.area GSFINAL (CODE)
                            515 	.area GSINIT  (CODE)
                            516 ;--------------------------------------------------------
                            517 ; Home
                            518 ;--------------------------------------------------------
                            519 	.area HOME    (CODE)
                            520 	.area HOME    (CODE)
                            521 ;--------------------------------------------------------
                            522 ; code
                            523 ;--------------------------------------------------------
                            524 	.area CSEG    (CODE)
                            525 ;------------------------------------------------------------
                            526 ;Allocation info for local variables in function 'mspi_configure'
                            527 ;------------------------------------------------------------
                            528 ;mspi_config_options       Allocated with name '_mspi_configure_mspi_config_options_1_1'
                            529 ;------------------------------------------------------------
                            530 ;	src/mspi_configure.c:52: void mspi_configure(uint16_t mspi_config_options)
                            531 ;	-----------------------------------------
                            532 ;	 function mspi_configure
                            533 ;	-----------------------------------------
   0000                     534 _mspi_configure:
                    0002    535 	ar2 = 0x02
                    0003    536 	ar3 = 0x03
                    0004    537 	ar4 = 0x04
                    0005    538 	ar5 = 0x05
                    0006    539 	ar6 = 0x06
                    0007    540 	ar7 = 0x07
                    0000    541 	ar0 = 0x00
                    0001    542 	ar1 = 0x01
   0000 AA 83               543 	mov	r2,dph
   0002 E5 82               544 	mov	a,dpl
   0004 90s00r00            545 	mov	dptr,#_mspi_configure_mspi_config_options_1_1
   0007 F0                  546 	movx	@dptr,a
   0008 A3                  547 	inc	dptr
   0009 EA                  548 	mov	a,r2
   000A F0                  549 	movx	@dptr,a
                            550 ;	src/mspi_configure.c:55: SPIMCON0 = (SPIMCON0 & ~MSPI_CONFIG_OPTION_SPIMCON0_MASK) | (((uint8_t)(mspi_config_options >> MSPI_CONFIG_OPTION_SPIMCON0_OFFSET_SHIFT)) & MSPI_CONFIG_OPTION_SPIMCON0_MASK);
   000B AA FC               551 	mov	r2,_SPIMCON0
   000D 53 02 80            552 	anl	ar2,#0x80
   0010 90s00r00            553 	mov	dptr,#_mspi_configure_mspi_config_options_1_1
   0013 E0                  554 	movx	a,@dptr
   0014 FB                  555 	mov	r3,a
   0015 A3                  556 	inc	dptr
   0016 E0                  557 	movx	a,@dptr
   0017 FC                  558 	mov	r4,a
   0018 8B 05               559 	mov	ar5,r3
   001A 74 7F               560 	mov	a,#0x7F
   001C 5D                  561 	anl	a,r5
   001D 4A                  562 	orl	a,r2
   001E F5 FC               563 	mov	_SPIMCON0,a
                            564 ;	src/mspi_configure.c:56: SPIMCON1 = (SPIMCON1 & ~MSPI_CONFIG_OPTION_SPIMCON1_MASK) | (((uint8_t)(mspi_config_options >> MSPI_CONFIG_OPTION_SPIMCON1_OFFSET_SHIFT)) & MSPI_CONFIG_OPTION_SPIMCON1_MASK);
   0020 AA FD               565 	mov	r2,_SPIMCON1
   0022 53 02 F0            566 	anl	ar2,#0xF0
   0025 8C 03               567 	mov	ar3,r4
   0027 74 0F               568 	mov	a,#0x0F
   0029 5B                  569 	anl	a,r3
   002A 4A                  570 	orl	a,r2
   002B F5 FD               571 	mov	_SPIMCON1,a
   002D 22                  572 	ret
                            573 	.area CSEG    (CODE)
                            574 	.area CONST   (CODE)
                            575 	.area XINIT   (CODE)
                            576 	.area CABS    (ABS,CODE)
