                              1 ;--------------------------------------------------------
                              2 ; File Created by SDCC : free open source ANSI-C Compiler
                              3 ; Version 3.1.0 #7066 (Nov 22 2011) (Linux)
                              4 ; This file was generated Fri Mar 23 15:39:10 2012
                              5 ;--------------------------------------------------------
                              6 	.module pwr_clk_mgmt_cclk_configure
                              7 	.optsdcc -mmcs51 --model-large
                              8 	
                              9 ;--------------------------------------------------------
                             10 ; Public variables in this module
                             11 ;--------------------------------------------------------
                             12 	.globl _FSR_SB_ENDBG
                             13 	.globl _FSR_SB_STP
                             14 	.globl _FSR_SB_WEN
                             15 	.globl _FSR_SB_RDYN
                             16 	.globl _FSR_SB_INFEN
                             17 	.globl _FSR_SB_RDISMB
                             18 	.globl _RFCON_SB_RFCKEN
                             19 	.globl _RFCON_SB_RFCSN
                             20 	.globl _RFCON_SB_RFCE
                             21 	.globl _ADCON_SB_BD
                             22 	.globl _PSW_SB_P
                             23 	.globl _PSW_SB_F1
                             24 	.globl _PSW_SB_OV
                             25 	.globl _PSW_SB_RS0
                             26 	.globl _PSW_SB_RS1
                             27 	.globl _PSW_SB_F0
                             28 	.globl _PSW_SB_AC
                             29 	.globl _PSW_SB_CY
                             30 	.globl _T2CON_SB_T2PS
                             31 	.globl _T2CON_SB_I3FR
                             32 	.globl _T2CON_SB_I2FR
                             33 	.globl _T2CON_SB_T2R1
                             34 	.globl _T2CON_SB_T2R0
                             35 	.globl _T2CON_SB_T2CM
                             36 	.globl _T2CON_SB_T2I1
                             37 	.globl _T2CON_SB_T2I0
                             38 	.globl _IRCON_SB_EXF2
                             39 	.globl _IRCON_SB_TF2
                             40 	.globl _IRCON_SB_TICK
                             41 	.globl _IRCON_SB_MISCIRQ
                             42 	.globl _IRCON_SB_WUOPIRQ
                             43 	.globl _IRCON_SB_SPI_2WIRE
                             44 	.globl _IRCON_SB_RFIRQ
                             45 	.globl _IRCON_SB_RFRDY
                             46 	.globl _IEN1_SB_T2EXTRLD
                             47 	.globl _IEN1_SB_TICK
                             48 	.globl _IEN1_SB_MISCIRQ
                             49 	.globl _IEN1_SB_WUOPIRQ
                             50 	.globl _IEN1_SB_SPI_2WIRE
                             51 	.globl _IEN1_SB_RFIRQ
                             52 	.globl _IEN1_SB_RFRDY
                             53 	.globl _P3_SB_D7
                             54 	.globl _P3_SB_D6
                             55 	.globl _P3_SB_D5
                             56 	.globl _P3_SB_D4
                             57 	.globl _P3_SB_D3
                             58 	.globl _P3_SB_D2
                             59 	.globl _P3_SB_D1
                             60 	.globl _P3_SB_D0
                             61 	.globl _IEN0_SB_GLOBAL
                             62 	.globl _IEN0_SB_T2
                             63 	.globl _IEN0_SB_UART
                             64 	.globl _IEN0_SB_T1
                             65 	.globl _IEN0_SB_POFIRQ
                             66 	.globl _IEN0_SB_T0
                             67 	.globl _IEN0_SB_IFP
                             68 	.globl _P2_SB_D7
                             69 	.globl _P2_SB_D6
                             70 	.globl _P2_SB_D5
                             71 	.globl _P2_SB_D4
                             72 	.globl _P2_SB_D3
                             73 	.globl _P2_SB_D2
                             74 	.globl _P2_SB_D1
                             75 	.globl _P2_SB_D0
                             76 	.globl _S0CON_SB_SM0
                             77 	.globl _S0CON_SB_SM1
                             78 	.globl _S0CON_SB_SM20
                             79 	.globl _S0CON_SB_REN0
                             80 	.globl _S0CON_SB_TB80
                             81 	.globl _S0CON_SB_RB80
                             82 	.globl _S0CON_SB_TI0
                             83 	.globl _S0CON_SB_RI0
                             84 	.globl _P1_SB_D7
                             85 	.globl _P1_SB_D6
                             86 	.globl _P1_SB_D5
                             87 	.globl _P1_SB_D4
                             88 	.globl _P1_SB_D3
                             89 	.globl _P1_SB_D2
                             90 	.globl _P1_SB_D1
                             91 	.globl _P1_SB_D0
                             92 	.globl _TCON_SB_TF1
                             93 	.globl _TCON_SB_TR1
                             94 	.globl _TCON_SB_TF0
                             95 	.globl _TCON_SB_TR0
                             96 	.globl _TCON_SB_IE1
                             97 	.globl _TCON_SB_IT1
                             98 	.globl _TCON_SB_IE0
                             99 	.globl _TCON_SB_IT0
                            100 	.globl _P0_SB_D7
                            101 	.globl _P0_SB_D6
                            102 	.globl _P0_SB_D5
                            103 	.globl _P0_SB_D4
                            104 	.globl _P0_SB_D3
                            105 	.globl _P0_SB_D2
                            106 	.globl _P0_SB_D1
                            107 	.globl _P0_SB_D0
                            108 	.globl _ADCDAT
                            109 	.globl _S0REL
                            110 	.globl _T2
                            111 	.globl _T1
                            112 	.globl _T0
                            113 	.globl _CRC
                            114 	.globl _CC3
                            115 	.globl _CC2
                            116 	.globl _CC1
                            117 	.globl _SPIMDAT
                            118 	.globl _SPIMSTAT
                            119 	.globl _SPIMCON1
                            120 	.globl _SPIMCON0
                            121 	.globl _FCR
                            122 	.globl _FPCR
                            123 	.globl _FSR
                            124 	.globl _B
                            125 	.globl _ARCON
                            126 	.globl _MD5
                            127 	.globl _MD4
                            128 	.globl _MD3
                            129 	.globl _MD2
                            130 	.globl _MD1
                            131 	.globl _MD0
                            132 	.globl _RFCON
                            133 	.globl _SPIRDAT
                            134 	.globl _SPIRSTAT
                            135 	.globl _SPIRCON1
                            136 	.globl _SPIRCON0
                            137 	.globl _W2CON0
                            138 	.globl _W2CON1
                            139 	.globl _ACC
                            140 	.globl _CCPDATO
                            141 	.globl _CCPDATIB
                            142 	.globl _CCPDATIA
                            143 	.globl _POFCON
                            144 	.globl _COMPCON
                            145 	.globl _W2DAT
                            146 	.globl _W2SADR
                            147 	.globl _ADCON
                            148 	.globl _RNGDAT
                            149 	.globl _RNGCTL
                            150 	.globl _ADCDATL
                            151 	.globl _ADCDATH
                            152 	.globl _ADCCON1
                            153 	.globl _ADCCON2
                            154 	.globl _ADCCON3
                            155 	.globl _PSW
                            156 	.globl _WUOPC0
                            157 	.globl _WUOPC1
                            158 	.globl _TH2
                            159 	.globl _TL2
                            160 	.globl _CRCH
                            161 	.globl _CRCL
                            162 	.globl __XPAGE
                            163 	.globl _MPAGE
                            164 	.globl _T2CON
                            165 	.globl _CCH3
                            166 	.globl _CCL3
                            167 	.globl _CCH2
                            168 	.globl _CCL2
                            169 	.globl _CCH1
                            170 	.globl _CCL1
                            171 	.globl _CCEN
                            172 	.globl _IRCON
                            173 	.globl _SPISDAT
                            174 	.globl _SPISSTAT
                            175 	.globl _SPISCON1
                            176 	.globl _SPISCON0
                            177 	.globl _S0RELH
                            178 	.globl _IP1
                            179 	.globl _IEN1
                            180 	.globl _SPISRDSZ
                            181 	.globl _RTC2CPT00
                            182 	.globl _RTC2CMP1
                            183 	.globl _RTC2CMP0
                            184 	.globl _RTC2CON
                            185 	.globl _PWMCON
                            186 	.globl _RSTREAS
                            187 	.globl _P3
                            188 	.globl _WDSV
                            189 	.globl _OPMCON
                            190 	.globl _CLKLFCTRL
                            191 	.globl _RTC2CPT10
                            192 	.globl _RTC2CPT01
                            193 	.globl _S0RELL
                            194 	.globl _IP0
                            195 	.globl _IEN0
                            196 	.globl _MEMCON
                            197 	.globl _INTEXP
                            198 	.globl _WUCON
                            199 	.globl _PWRDWN
                            200 	.globl _CLKCTRL
                            201 	.globl _PWMDC1
                            202 	.globl _PWMDC0
                            203 	.globl _P2
                            204 	.globl _P1CON
                            205 	.globl _P0CON
                            206 	.globl _S0BUF
                            207 	.globl _S0CON
                            208 	.globl _P2CON
                            209 	.globl _P3DIR
                            210 	.globl _P2DIR
                            211 	.globl _P1DIR
                            212 	.globl _P0DIR
                            213 	.globl _DPS
                            214 	.globl _P1
                            215 	.globl _P3CON
                            216 	.globl _TH1
                            217 	.globl _TH0
                            218 	.globl _TL1
                            219 	.globl _TL0
                            220 	.globl _TMOD
                            221 	.globl _TCON
                            222 	.globl _PCON
                            223 	.globl _DPH1
                            224 	.globl _DPL1
                            225 	.globl _DPH
                            226 	.globl _DPL
                            227 	.globl _SP
                            228 	.globl _P0
                            229 	.globl _pwr_clk_mgmt_cclk_configure
                            230 ;--------------------------------------------------------
                            231 ; special function registers
                            232 ;--------------------------------------------------------
                            233 	.area RSEG    (ABS,DATA)
   0000                     234 	.org 0x0000
                    0080    235 _P0	=	0x0080
                    0081    236 _SP	=	0x0081
                    0082    237 _DPL	=	0x0082
                    0083    238 _DPH	=	0x0083
                    0084    239 _DPL1	=	0x0084
                    0085    240 _DPH1	=	0x0085
                    0087    241 _PCON	=	0x0087
                    0088    242 _TCON	=	0x0088
                    0089    243 _TMOD	=	0x0089
                    008A    244 _TL0	=	0x008a
                    008B    245 _TL1	=	0x008b
                    008C    246 _TH0	=	0x008c
                    008D    247 _TH1	=	0x008d
                    008F    248 _P3CON	=	0x008f
                    0090    249 _P1	=	0x0090
                    0092    250 _DPS	=	0x0092
                    0093    251 _P0DIR	=	0x0093
                    0094    252 _P1DIR	=	0x0094
                    0095    253 _P2DIR	=	0x0095
                    0096    254 _P3DIR	=	0x0096
                    0097    255 _P2CON	=	0x0097
                    0098    256 _S0CON	=	0x0098
                    0099    257 _S0BUF	=	0x0099
                    009E    258 _P0CON	=	0x009e
                    009F    259 _P1CON	=	0x009f
                    00A0    260 _P2	=	0x00a0
                    00A1    261 _PWMDC0	=	0x00a1
                    00A2    262 _PWMDC1	=	0x00a2
                    00A3    263 _CLKCTRL	=	0x00a3
                    00A4    264 _PWRDWN	=	0x00a4
                    00A5    265 _WUCON	=	0x00a5
                    00A6    266 _INTEXP	=	0x00a6
                    00A7    267 _MEMCON	=	0x00a7
                    00A8    268 _IEN0	=	0x00a8
                    00A9    269 _IP0	=	0x00a9
                    00AA    270 _S0RELL	=	0x00aa
                    00AB    271 _RTC2CPT01	=	0x00ab
                    00AC    272 _RTC2CPT10	=	0x00ac
                    00AD    273 _CLKLFCTRL	=	0x00ad
                    00AE    274 _OPMCON	=	0x00ae
                    00AF    275 _WDSV	=	0x00af
                    00B0    276 _P3	=	0x00b0
                    00B1    277 _RSTREAS	=	0x00b1
                    00B2    278 _PWMCON	=	0x00b2
                    00B3    279 _RTC2CON	=	0x00b3
                    00B4    280 _RTC2CMP0	=	0x00b4
                    00B5    281 _RTC2CMP1	=	0x00b5
                    00B6    282 _RTC2CPT00	=	0x00b6
                    00B7    283 _SPISRDSZ	=	0x00b7
                    00B8    284 _IEN1	=	0x00b8
                    00B9    285 _IP1	=	0x00b9
                    00BA    286 _S0RELH	=	0x00ba
                    00BC    287 _SPISCON0	=	0x00bc
                    00BD    288 _SPISCON1	=	0x00bd
                    00BE    289 _SPISSTAT	=	0x00be
                    00BF    290 _SPISDAT	=	0x00bf
                    00C0    291 _IRCON	=	0x00c0
                    00C1    292 _CCEN	=	0x00c1
                    00C2    293 _CCL1	=	0x00c2
                    00C3    294 _CCH1	=	0x00c3
                    00C4    295 _CCL2	=	0x00c4
                    00C5    296 _CCH2	=	0x00c5
                    00C6    297 _CCL3	=	0x00c6
                    00C7    298 _CCH3	=	0x00c7
                    00C8    299 _T2CON	=	0x00c8
                    00C9    300 _MPAGE	=	0x00c9
                    00C9    301 __XPAGE	=	0x00c9
                    00CA    302 _CRCL	=	0x00ca
                    00CB    303 _CRCH	=	0x00cb
                    00CC    304 _TL2	=	0x00cc
                    00CD    305 _TH2	=	0x00cd
                    00CE    306 _WUOPC1	=	0x00ce
                    00CF    307 _WUOPC0	=	0x00cf
                    00D0    308 _PSW	=	0x00d0
                    00D1    309 _ADCCON3	=	0x00d1
                    00D2    310 _ADCCON2	=	0x00d2
                    00D3    311 _ADCCON1	=	0x00d3
                    00D4    312 _ADCDATH	=	0x00d4
                    00D5    313 _ADCDATL	=	0x00d5
                    00D6    314 _RNGCTL	=	0x00d6
                    00D7    315 _RNGDAT	=	0x00d7
                    00D8    316 _ADCON	=	0x00d8
                    00D9    317 _W2SADR	=	0x00d9
                    00DA    318 _W2DAT	=	0x00da
                    00DB    319 _COMPCON	=	0x00db
                    00DC    320 _POFCON	=	0x00dc
                    00DD    321 _CCPDATIA	=	0x00dd
                    00DE    322 _CCPDATIB	=	0x00de
                    00DF    323 _CCPDATO	=	0x00df
                    00E0    324 _ACC	=	0x00e0
                    00E1    325 _W2CON1	=	0x00e1
                    00E2    326 _W2CON0	=	0x00e2
                    00E4    327 _SPIRCON0	=	0x00e4
                    00E5    328 _SPIRCON1	=	0x00e5
                    00E6    329 _SPIRSTAT	=	0x00e6
                    00E7    330 _SPIRDAT	=	0x00e7
                    00E8    331 _RFCON	=	0x00e8
                    00E9    332 _MD0	=	0x00e9
                    00EA    333 _MD1	=	0x00ea
                    00EB    334 _MD2	=	0x00eb
                    00EC    335 _MD3	=	0x00ec
                    00ED    336 _MD4	=	0x00ed
                    00EE    337 _MD5	=	0x00ee
                    00EF    338 _ARCON	=	0x00ef
                    00F0    339 _B	=	0x00f0
                    00F8    340 _FSR	=	0x00f8
                    00F9    341 _FPCR	=	0x00f9
                    00FA    342 _FCR	=	0x00fa
                    00FC    343 _SPIMCON0	=	0x00fc
                    00FD    344 _SPIMCON1	=	0x00fd
                    00FE    345 _SPIMSTAT	=	0x00fe
                    00FF    346 _SPIMDAT	=	0x00ff
                    C3C2    347 _CC1	=	0xc3c2
                    C5C4    348 _CC2	=	0xc5c4
                    C7C6    349 _CC3	=	0xc7c6
                    CBCA    350 _CRC	=	0xcbca
                    8C8A    351 _T0	=	0x8c8a
                    8D8B    352 _T1	=	0x8d8b
                    CDCC    353 _T2	=	0xcdcc
                    BAAA    354 _S0REL	=	0xbaaa
                    D4D5    355 _ADCDAT	=	0xd4d5
                            356 ;--------------------------------------------------------
                            357 ; special function bits
                            358 ;--------------------------------------------------------
                            359 	.area RSEG    (ABS,DATA)
   0000                     360 	.org 0x0000
                    0080    361 _P0_SB_D0	=	0x0080
                    0081    362 _P0_SB_D1	=	0x0081
                    0082    363 _P0_SB_D2	=	0x0082
                    0083    364 _P0_SB_D3	=	0x0083
                    0084    365 _P0_SB_D4	=	0x0084
                    0085    366 _P0_SB_D5	=	0x0085
                    0086    367 _P0_SB_D6	=	0x0086
                    0087    368 _P0_SB_D7	=	0x0087
                    0088    369 _TCON_SB_IT0	=	0x0088
                    0089    370 _TCON_SB_IE0	=	0x0089
                    008A    371 _TCON_SB_IT1	=	0x008a
                    008B    372 _TCON_SB_IE1	=	0x008b
                    008C    373 _TCON_SB_TR0	=	0x008c
                    008D    374 _TCON_SB_TF0	=	0x008d
                    008E    375 _TCON_SB_TR1	=	0x008e
                    008F    376 _TCON_SB_TF1	=	0x008f
                    0090    377 _P1_SB_D0	=	0x0090
                    0091    378 _P1_SB_D1	=	0x0091
                    0092    379 _P1_SB_D2	=	0x0092
                    0093    380 _P1_SB_D3	=	0x0093
                    0094    381 _P1_SB_D4	=	0x0094
                    0095    382 _P1_SB_D5	=	0x0095
                    0096    383 _P1_SB_D6	=	0x0096
                    0097    384 _P1_SB_D7	=	0x0097
                    0098    385 _S0CON_SB_RI0	=	0x0098
                    0099    386 _S0CON_SB_TI0	=	0x0099
                    009A    387 _S0CON_SB_RB80	=	0x009a
                    009B    388 _S0CON_SB_TB80	=	0x009b
                    009C    389 _S0CON_SB_REN0	=	0x009c
                    009D    390 _S0CON_SB_SM20	=	0x009d
                    009E    391 _S0CON_SB_SM1	=	0x009e
                    009F    392 _S0CON_SB_SM0	=	0x009f
                    00A0    393 _P2_SB_D0	=	0x00a0
                    00A1    394 _P2_SB_D1	=	0x00a1
                    00A2    395 _P2_SB_D2	=	0x00a2
                    00A3    396 _P2_SB_D3	=	0x00a3
                    00A4    397 _P2_SB_D4	=	0x00a4
                    00A5    398 _P2_SB_D5	=	0x00a5
                    00A6    399 _P2_SB_D6	=	0x00a6
                    00A7    400 _P2_SB_D7	=	0x00a7
                    00A8    401 _IEN0_SB_IFP	=	0x00a8
                    00A9    402 _IEN0_SB_T0	=	0x00a9
                    00AA    403 _IEN0_SB_POFIRQ	=	0x00aa
                    00AB    404 _IEN0_SB_T1	=	0x00ab
                    00AC    405 _IEN0_SB_UART	=	0x00ac
                    00AD    406 _IEN0_SB_T2	=	0x00ad
                    00AF    407 _IEN0_SB_GLOBAL	=	0x00af
                    00B0    408 _P3_SB_D0	=	0x00b0
                    00B1    409 _P3_SB_D1	=	0x00b1
                    00B2    410 _P3_SB_D2	=	0x00b2
                    00B3    411 _P3_SB_D3	=	0x00b3
                    00B4    412 _P3_SB_D4	=	0x00b4
                    00B5    413 _P3_SB_D5	=	0x00b5
                    00B6    414 _P3_SB_D6	=	0x00b6
                    00B7    415 _P3_SB_D7	=	0x00b7
                    00B8    416 _IEN1_SB_RFRDY	=	0x00b8
                    00B9    417 _IEN1_SB_RFIRQ	=	0x00b9
                    00BA    418 _IEN1_SB_SPI_2WIRE	=	0x00ba
                    00BB    419 _IEN1_SB_WUOPIRQ	=	0x00bb
                    00BC    420 _IEN1_SB_MISCIRQ	=	0x00bc
                    00BD    421 _IEN1_SB_TICK	=	0x00bd
                    00BF    422 _IEN1_SB_T2EXTRLD	=	0x00bf
                    00C0    423 _IRCON_SB_RFRDY	=	0x00c0
                    00C1    424 _IRCON_SB_RFIRQ	=	0x00c1
                    00C2    425 _IRCON_SB_SPI_2WIRE	=	0x00c2
                    00C3    426 _IRCON_SB_WUOPIRQ	=	0x00c3
                    00C4    427 _IRCON_SB_MISCIRQ	=	0x00c4
                    00C5    428 _IRCON_SB_TICK	=	0x00c5
                    00C6    429 _IRCON_SB_TF2	=	0x00c6
                    00C7    430 _IRCON_SB_EXF2	=	0x00c7
                    00C8    431 _T2CON_SB_T2I0	=	0x00c8
                    00C9    432 _T2CON_SB_T2I1	=	0x00c9
                    00CA    433 _T2CON_SB_T2CM	=	0x00ca
                    00CB    434 _T2CON_SB_T2R0	=	0x00cb
                    00CC    435 _T2CON_SB_T2R1	=	0x00cc
                    00CD    436 _T2CON_SB_I2FR	=	0x00cd
                    00CE    437 _T2CON_SB_I3FR	=	0x00ce
                    00CF    438 _T2CON_SB_T2PS	=	0x00cf
                    00D7    439 _PSW_SB_CY	=	0x00d7
                    00D6    440 _PSW_SB_AC	=	0x00d6
                    00D5    441 _PSW_SB_F0	=	0x00d5
                    00D4    442 _PSW_SB_RS1	=	0x00d4
                    00D3    443 _PSW_SB_RS0	=	0x00d3
                    00D2    444 _PSW_SB_OV	=	0x00d2
                    00D1    445 _PSW_SB_F1	=	0x00d1
                    00D0    446 _PSW_SB_P	=	0x00d0
                    00DF    447 _ADCON_SB_BD	=	0x00df
                    00E8    448 _RFCON_SB_RFCE	=	0x00e8
                    00E9    449 _RFCON_SB_RFCSN	=	0x00e9
                    00EA    450 _RFCON_SB_RFCKEN	=	0x00ea
                    00FA    451 _FSR_SB_RDISMB	=	0x00fa
                    00FB    452 _FSR_SB_INFEN	=	0x00fb
                    00FC    453 _FSR_SB_RDYN	=	0x00fc
                    00FD    454 _FSR_SB_WEN	=	0x00fd
                    00FE    455 _FSR_SB_STP	=	0x00fe
                    00FF    456 _FSR_SB_ENDBG	=	0x00ff
                            457 ;--------------------------------------------------------
                            458 ; overlayable register banks
                            459 ;--------------------------------------------------------
                            460 	.area REG_BANK_0	(REL,OVR,DATA)
   0000                     461 	.ds 8
                            462 ;--------------------------------------------------------
                            463 ; internal ram data
                            464 ;--------------------------------------------------------
                            465 	.area DSEG    (DATA)
                            466 ;--------------------------------------------------------
                            467 ; overlayable items in internal ram 
                            468 ;--------------------------------------------------------
                            469 	.area OSEG    (OVR,DATA)
                            470 ;--------------------------------------------------------
                            471 ; indirectly addressable internal ram data
                            472 ;--------------------------------------------------------
                            473 	.area ISEG    (DATA)
                            474 ;--------------------------------------------------------
                            475 ; absolute internal ram data
                            476 ;--------------------------------------------------------
                            477 	.area IABS    (ABS,DATA)
                            478 	.area IABS    (ABS,DATA)
                            479 ;--------------------------------------------------------
                            480 ; bit data
                            481 ;--------------------------------------------------------
                            482 	.area BSEG    (BIT)
                            483 ;--------------------------------------------------------
                            484 ; paged external ram data
                            485 ;--------------------------------------------------------
                            486 	.area PSEG    (PAG,XDATA)
                            487 ;--------------------------------------------------------
                            488 ; external ram data
                            489 ;--------------------------------------------------------
                            490 	.area XSEG    (XDATA)
   0000                     491 _pwr_clk_mgmt_cclk_configure_cclk_config_options_1_1:
   0000                     492 	.ds 1
                            493 ;--------------------------------------------------------
                            494 ; absolute external ram data
                            495 ;--------------------------------------------------------
                            496 	.area XABS    (ABS,XDATA)
                            497 ;--------------------------------------------------------
                            498 ; external initialized ram data
                            499 ;--------------------------------------------------------
                            500 	.area XISEG   (XDATA)
                            501 	.area HOME    (CODE)
                            502 	.area GSINIT0 (CODE)
                            503 	.area GSINIT1 (CODE)
                            504 	.area GSINIT2 (CODE)
                            505 	.area GSINIT3 (CODE)
                            506 	.area GSINIT4 (CODE)
                            507 	.area GSINIT5 (CODE)
                            508 	.area GSINIT  (CODE)
                            509 	.area GSFINAL (CODE)
                            510 	.area CSEG    (CODE)
                            511 ;--------------------------------------------------------
                            512 ; global & static initialisations
                            513 ;--------------------------------------------------------
                            514 	.area HOME    (CODE)
                            515 	.area GSINIT  (CODE)
                            516 	.area GSFINAL (CODE)
                            517 	.area GSINIT  (CODE)
                            518 ;--------------------------------------------------------
                            519 ; Home
                            520 ;--------------------------------------------------------
                            521 	.area HOME    (CODE)
                            522 	.area HOME    (CODE)
                            523 ;--------------------------------------------------------
                            524 ; code
                            525 ;--------------------------------------------------------
                            526 	.area CSEG    (CODE)
                            527 ;------------------------------------------------------------
                            528 ;Allocation info for local variables in function 'pwr_clk_mgmt_cclk_configure'
                            529 ;------------------------------------------------------------
                            530 ;cclk_config_options       Allocated with name '_pwr_clk_mgmt_cclk_configure_cclk_config_options_1_1'
                            531 ;------------------------------------------------------------
                            532 ;	src/pwr_clk_mgmt_cclk_configure.c:46: void pwr_clk_mgmt_cclk_configure(uint8_t cclk_config_options)
                            533 ;	-----------------------------------------
                            534 ;	 function pwr_clk_mgmt_cclk_configure
                            535 ;	-----------------------------------------
   0000                     536 _pwr_clk_mgmt_cclk_configure:
                    0007    537 	ar7 = 0x07
                    0006    538 	ar6 = 0x06
                    0005    539 	ar5 = 0x05
                    0004    540 	ar4 = 0x04
                    0003    541 	ar3 = 0x03
                    0002    542 	ar2 = 0x02
                    0001    543 	ar1 = 0x01
                    0000    544 	ar0 = 0x00
   0000 E5 82               545 	mov	a,dpl
                            546 ;	src/pwr_clk_mgmt_cclk_configure.c:49: CLKCTRL = cclk_config_options;
   0002 90s00r00            547 	mov	dptr,#_pwr_clk_mgmt_cclk_configure_cclk_config_options_1_1
   0005 F0                  548 	movx	@dptr,a
   0006 F5 A3               549 	mov	_CLKCTRL,a
   0008 22                  550 	ret
                            551 	.area CSEG    (CODE)
                            552 	.area CONST   (CODE)
                            553 	.area XINIT   (CODE)
                            554 	.area CABS    (ABS,CODE)
