                              1 ;--------------------------------------------------------
                              2 ; File Created by SDCC : free open source ANSI-C Compiler
                              3 ; Version 3.1.0 #7066 (Nov 22 2011) (Linux)
                              4 ; This file was generated Thu Jun 28 21:36:16 2012
                              5 ;--------------------------------------------------------
                              6 	.module w2_master_cur_address_read
                              7 	.optsdcc -mmcs51 --model-large
                              8 	
                              9 ;--------------------------------------------------------
                             10 ; Public variables in this module
                             11 ;--------------------------------------------------------
                             12 	.globl _w2_master_software_reset
                             13 	.globl _w2_master_rx_byte
                             14 	.globl _w2_master_tx_byte
                             15 	.globl _FSR_SB_ENDBG
                             16 	.globl _FSR_SB_STP
                             17 	.globl _FSR_SB_WEN
                             18 	.globl _FSR_SB_RDYN
                             19 	.globl _FSR_SB_INFEN
                             20 	.globl _FSR_SB_RDISMB
                             21 	.globl _RFCON_SB_RFCKEN
                             22 	.globl _RFCON_SB_RFCSN
                             23 	.globl _RFCON_SB_RFCE
                             24 	.globl _ADCON_SB_BD
                             25 	.globl _PSW_SB_P
                             26 	.globl _PSW_SB_F1
                             27 	.globl _PSW_SB_OV
                             28 	.globl _PSW_SB_RS0
                             29 	.globl _PSW_SB_RS1
                             30 	.globl _PSW_SB_F0
                             31 	.globl _PSW_SB_AC
                             32 	.globl _PSW_SB_CY
                             33 	.globl _T2CON_SB_T2PS
                             34 	.globl _T2CON_SB_I3FR
                             35 	.globl _T2CON_SB_I2FR
                             36 	.globl _T2CON_SB_T2R1
                             37 	.globl _T2CON_SB_T2R0
                             38 	.globl _T2CON_SB_T2CM
                             39 	.globl _T2CON_SB_T2I1
                             40 	.globl _T2CON_SB_T2I0
                             41 	.globl _IRCON_SB_EXF2
                             42 	.globl _IRCON_SB_TF2
                             43 	.globl _IRCON_SB_TICK
                             44 	.globl _IRCON_SB_MISCIRQ
                             45 	.globl _IRCON_SB_WUOPIRQ
                             46 	.globl _IRCON_SB_SPI_2WIRE
                             47 	.globl _IRCON_SB_RFIRQ
                             48 	.globl _IRCON_SB_RFRDY
                             49 	.globl _IEN1_SB_T2EXTRLD
                             50 	.globl _IEN1_SB_TICK
                             51 	.globl _IEN1_SB_MISCIRQ
                             52 	.globl _IEN1_SB_WUOPIRQ
                             53 	.globl _IEN1_SB_SPI_2WIRE
                             54 	.globl _IEN1_SB_RFIRQ
                             55 	.globl _IEN1_SB_RFRDY
                             56 	.globl _P3_SB_D7
                             57 	.globl _P3_SB_D6
                             58 	.globl _P3_SB_D5
                             59 	.globl _P3_SB_D4
                             60 	.globl _P3_SB_D3
                             61 	.globl _P3_SB_D2
                             62 	.globl _P3_SB_D1
                             63 	.globl _P3_SB_D0
                             64 	.globl _IEN0_SB_GLOBAL
                             65 	.globl _IEN0_SB_T2
                             66 	.globl _IEN0_SB_UART
                             67 	.globl _IEN0_SB_T1
                             68 	.globl _IEN0_SB_POFIRQ
                             69 	.globl _IEN0_SB_T0
                             70 	.globl _IEN0_SB_IFP
                             71 	.globl _P2_SB_D7
                             72 	.globl _P2_SB_D6
                             73 	.globl _P2_SB_D5
                             74 	.globl _P2_SB_D4
                             75 	.globl _P2_SB_D3
                             76 	.globl _P2_SB_D2
                             77 	.globl _P2_SB_D1
                             78 	.globl _P2_SB_D0
                             79 	.globl _S0CON_SB_SM0
                             80 	.globl _S0CON_SB_SM1
                             81 	.globl _S0CON_SB_SM20
                             82 	.globl _S0CON_SB_REN0
                             83 	.globl _S0CON_SB_TB80
                             84 	.globl _S0CON_SB_RB80
                             85 	.globl _S0CON_SB_TI0
                             86 	.globl _S0CON_SB_RI0
                             87 	.globl _P1_SB_D7
                             88 	.globl _P1_SB_D6
                             89 	.globl _P1_SB_D5
                             90 	.globl _P1_SB_D4
                             91 	.globl _P1_SB_D3
                             92 	.globl _P1_SB_D2
                             93 	.globl _P1_SB_D1
                             94 	.globl _P1_SB_D0
                             95 	.globl _TCON_SB_TF1
                             96 	.globl _TCON_SB_TR1
                             97 	.globl _TCON_SB_TF0
                             98 	.globl _TCON_SB_TR0
                             99 	.globl _TCON_SB_IE1
                            100 	.globl _TCON_SB_IT1
                            101 	.globl _TCON_SB_IE0
                            102 	.globl _TCON_SB_IT0
                            103 	.globl _P0_SB_D7
                            104 	.globl _P0_SB_D6
                            105 	.globl _P0_SB_D5
                            106 	.globl _P0_SB_D4
                            107 	.globl _P0_SB_D3
                            108 	.globl _P0_SB_D2
                            109 	.globl _P0_SB_D1
                            110 	.globl _P0_SB_D0
                            111 	.globl _ADCDAT
                            112 	.globl _S0REL
                            113 	.globl _T2
                            114 	.globl _T1
                            115 	.globl _T0
                            116 	.globl _CRC
                            117 	.globl _CC3
                            118 	.globl _CC2
                            119 	.globl _CC1
                            120 	.globl _SPIMDAT
                            121 	.globl _SPIMSTAT
                            122 	.globl _SPIMCON1
                            123 	.globl _SPIMCON0
                            124 	.globl _FCR
                            125 	.globl _FPCR
                            126 	.globl _FSR
                            127 	.globl _B
                            128 	.globl _ARCON
                            129 	.globl _MD5
                            130 	.globl _MD4
                            131 	.globl _MD3
                            132 	.globl _MD2
                            133 	.globl _MD1
                            134 	.globl _MD0
                            135 	.globl _RFCON
                            136 	.globl _SPIRDAT
                            137 	.globl _SPIRSTAT
                            138 	.globl _SPIRCON1
                            139 	.globl _SPIRCON0
                            140 	.globl _W2CON0
                            141 	.globl _W2CON1
                            142 	.globl _ACC
                            143 	.globl _CCPDATO
                            144 	.globl _CCPDATIB
                            145 	.globl _CCPDATIA
                            146 	.globl _POFCON
                            147 	.globl _COMPCON
                            148 	.globl _W2DAT
                            149 	.globl _W2SADR
                            150 	.globl _ADCON
                            151 	.globl _RNGDAT
                            152 	.globl _RNGCTL
                            153 	.globl _ADCDATL
                            154 	.globl _ADCDATH
                            155 	.globl _ADCCON1
                            156 	.globl _ADCCON2
                            157 	.globl _ADCCON3
                            158 	.globl _PSW
                            159 	.globl _WUOPC0
                            160 	.globl _WUOPC1
                            161 	.globl _TH2
                            162 	.globl _TL2
                            163 	.globl _CRCH
                            164 	.globl _CRCL
                            165 	.globl __XPAGE
                            166 	.globl _MPAGE
                            167 	.globl _T2CON
                            168 	.globl _CCH3
                            169 	.globl _CCL3
                            170 	.globl _CCH2
                            171 	.globl _CCL2
                            172 	.globl _CCH1
                            173 	.globl _CCL1
                            174 	.globl _CCEN
                            175 	.globl _IRCON
                            176 	.globl _SPISDAT
                            177 	.globl _SPISSTAT
                            178 	.globl _SPISCON1
                            179 	.globl _SPISCON0
                            180 	.globl _S0RELH
                            181 	.globl _IP1
                            182 	.globl _IEN1
                            183 	.globl _SPISRDSZ
                            184 	.globl _RTC2CPT00
                            185 	.globl _RTC2CMP1
                            186 	.globl _RTC2CMP0
                            187 	.globl _RTC2CON
                            188 	.globl _PWMCON
                            189 	.globl _RSTREAS
                            190 	.globl _P3
                            191 	.globl _WDSV
                            192 	.globl _OPMCON
                            193 	.globl _CLKLFCTRL
                            194 	.globl _RTC2CPT10
                            195 	.globl _RTC2CPT01
                            196 	.globl _S0RELL
                            197 	.globl _IP0
                            198 	.globl _IEN0
                            199 	.globl _MEMCON
                            200 	.globl _INTEXP
                            201 	.globl _WUCON
                            202 	.globl _PWRDWN
                            203 	.globl _CLKCTRL
                            204 	.globl _PWMDC1
                            205 	.globl _PWMDC0
                            206 	.globl _P2
                            207 	.globl _P1CON
                            208 	.globl _P0CON
                            209 	.globl _S0BUF
                            210 	.globl _S0CON
                            211 	.globl _P2CON
                            212 	.globl _P3DIR
                            213 	.globl _P2DIR
                            214 	.globl _P1DIR
                            215 	.globl _P0DIR
                            216 	.globl _DPS
                            217 	.globl _P1
                            218 	.globl _P3CON
                            219 	.globl _TH1
                            220 	.globl _TH0
                            221 	.globl _TL1
                            222 	.globl _TL0
                            223 	.globl _TMOD
                            224 	.globl _TCON
                            225 	.globl _PCON
                            226 	.globl _DPH1
                            227 	.globl _DPL1
                            228 	.globl _DPH
                            229 	.globl _DPL
                            230 	.globl _SP
                            231 	.globl _P0
                            232 	.globl _w2_master_cur_address_read_PARM_3
                            233 	.globl _w2_master_cur_address_read_PARM_2
                            234 	.globl _w2_master_cur_address_read
                            235 ;--------------------------------------------------------
                            236 ; special function registers
                            237 ;--------------------------------------------------------
                            238 	.area RSEG    (ABS,DATA)
   0000                     239 	.org 0x0000
                    0080    240 _P0	=	0x0080
                    0081    241 _SP	=	0x0081
                    0082    242 _DPL	=	0x0082
                    0083    243 _DPH	=	0x0083
                    0084    244 _DPL1	=	0x0084
                    0085    245 _DPH1	=	0x0085
                    0087    246 _PCON	=	0x0087
                    0088    247 _TCON	=	0x0088
                    0089    248 _TMOD	=	0x0089
                    008A    249 _TL0	=	0x008a
                    008B    250 _TL1	=	0x008b
                    008C    251 _TH0	=	0x008c
                    008D    252 _TH1	=	0x008d
                    008F    253 _P3CON	=	0x008f
                    0090    254 _P1	=	0x0090
                    0092    255 _DPS	=	0x0092
                    0093    256 _P0DIR	=	0x0093
                    0094    257 _P1DIR	=	0x0094
                    0095    258 _P2DIR	=	0x0095
                    0096    259 _P3DIR	=	0x0096
                    0097    260 _P2CON	=	0x0097
                    0098    261 _S0CON	=	0x0098
                    0099    262 _S0BUF	=	0x0099
                    009E    263 _P0CON	=	0x009e
                    009F    264 _P1CON	=	0x009f
                    00A0    265 _P2	=	0x00a0
                    00A1    266 _PWMDC0	=	0x00a1
                    00A2    267 _PWMDC1	=	0x00a2
                    00A3    268 _CLKCTRL	=	0x00a3
                    00A4    269 _PWRDWN	=	0x00a4
                    00A5    270 _WUCON	=	0x00a5
                    00A6    271 _INTEXP	=	0x00a6
                    00A7    272 _MEMCON	=	0x00a7
                    00A8    273 _IEN0	=	0x00a8
                    00A9    274 _IP0	=	0x00a9
                    00AA    275 _S0RELL	=	0x00aa
                    00AB    276 _RTC2CPT01	=	0x00ab
                    00AC    277 _RTC2CPT10	=	0x00ac
                    00AD    278 _CLKLFCTRL	=	0x00ad
                    00AE    279 _OPMCON	=	0x00ae
                    00AF    280 _WDSV	=	0x00af
                    00B0    281 _P3	=	0x00b0
                    00B1    282 _RSTREAS	=	0x00b1
                    00B2    283 _PWMCON	=	0x00b2
                    00B3    284 _RTC2CON	=	0x00b3
                    00B4    285 _RTC2CMP0	=	0x00b4
                    00B5    286 _RTC2CMP1	=	0x00b5
                    00B6    287 _RTC2CPT00	=	0x00b6
                    00B7    288 _SPISRDSZ	=	0x00b7
                    00B8    289 _IEN1	=	0x00b8
                    00B9    290 _IP1	=	0x00b9
                    00BA    291 _S0RELH	=	0x00ba
                    00BC    292 _SPISCON0	=	0x00bc
                    00BD    293 _SPISCON1	=	0x00bd
                    00BE    294 _SPISSTAT	=	0x00be
                    00BF    295 _SPISDAT	=	0x00bf
                    00C0    296 _IRCON	=	0x00c0
                    00C1    297 _CCEN	=	0x00c1
                    00C2    298 _CCL1	=	0x00c2
                    00C3    299 _CCH1	=	0x00c3
                    00C4    300 _CCL2	=	0x00c4
                    00C5    301 _CCH2	=	0x00c5
                    00C6    302 _CCL3	=	0x00c6
                    00C7    303 _CCH3	=	0x00c7
                    00C8    304 _T2CON	=	0x00c8
                    00C9    305 _MPAGE	=	0x00c9
                    00C9    306 __XPAGE	=	0x00c9
                    00CA    307 _CRCL	=	0x00ca
                    00CB    308 _CRCH	=	0x00cb
                    00CC    309 _TL2	=	0x00cc
                    00CD    310 _TH2	=	0x00cd
                    00CE    311 _WUOPC1	=	0x00ce
                    00CF    312 _WUOPC0	=	0x00cf
                    00D0    313 _PSW	=	0x00d0
                    00D1    314 _ADCCON3	=	0x00d1
                    00D2    315 _ADCCON2	=	0x00d2
                    00D3    316 _ADCCON1	=	0x00d3
                    00D4    317 _ADCDATH	=	0x00d4
                    00D5    318 _ADCDATL	=	0x00d5
                    00D6    319 _RNGCTL	=	0x00d6
                    00D7    320 _RNGDAT	=	0x00d7
                    00D8    321 _ADCON	=	0x00d8
                    00D9    322 _W2SADR	=	0x00d9
                    00DA    323 _W2DAT	=	0x00da
                    00DB    324 _COMPCON	=	0x00db
                    00DC    325 _POFCON	=	0x00dc
                    00DD    326 _CCPDATIA	=	0x00dd
                    00DE    327 _CCPDATIB	=	0x00de
                    00DF    328 _CCPDATO	=	0x00df
                    00E0    329 _ACC	=	0x00e0
                    00E1    330 _W2CON1	=	0x00e1
                    00E2    331 _W2CON0	=	0x00e2
                    00E4    332 _SPIRCON0	=	0x00e4
                    00E5    333 _SPIRCON1	=	0x00e5
                    00E6    334 _SPIRSTAT	=	0x00e6
                    00E7    335 _SPIRDAT	=	0x00e7
                    00E8    336 _RFCON	=	0x00e8
                    00E9    337 _MD0	=	0x00e9
                    00EA    338 _MD1	=	0x00ea
                    00EB    339 _MD2	=	0x00eb
                    00EC    340 _MD3	=	0x00ec
                    00ED    341 _MD4	=	0x00ed
                    00EE    342 _MD5	=	0x00ee
                    00EF    343 _ARCON	=	0x00ef
                    00F0    344 _B	=	0x00f0
                    00F8    345 _FSR	=	0x00f8
                    00F9    346 _FPCR	=	0x00f9
                    00FA    347 _FCR	=	0x00fa
                    00FC    348 _SPIMCON0	=	0x00fc
                    00FD    349 _SPIMCON1	=	0x00fd
                    00FE    350 _SPIMSTAT	=	0x00fe
                    00FF    351 _SPIMDAT	=	0x00ff
                    C3C2    352 _CC1	=	0xc3c2
                    C5C4    353 _CC2	=	0xc5c4
                    C7C6    354 _CC3	=	0xc7c6
                    CBCA    355 _CRC	=	0xcbca
                    8C8A    356 _T0	=	0x8c8a
                    8D8B    357 _T1	=	0x8d8b
                    CDCC    358 _T2	=	0xcdcc
                    BAAA    359 _S0REL	=	0xbaaa
                    D4D5    360 _ADCDAT	=	0xd4d5
                            361 ;--------------------------------------------------------
                            362 ; special function bits
                            363 ;--------------------------------------------------------
                            364 	.area RSEG    (ABS,DATA)
   0000                     365 	.org 0x0000
                    0080    366 _P0_SB_D0	=	0x0080
                    0081    367 _P0_SB_D1	=	0x0081
                    0082    368 _P0_SB_D2	=	0x0082
                    0083    369 _P0_SB_D3	=	0x0083
                    0084    370 _P0_SB_D4	=	0x0084
                    0085    371 _P0_SB_D5	=	0x0085
                    0086    372 _P0_SB_D6	=	0x0086
                    0087    373 _P0_SB_D7	=	0x0087
                    0088    374 _TCON_SB_IT0	=	0x0088
                    0089    375 _TCON_SB_IE0	=	0x0089
                    008A    376 _TCON_SB_IT1	=	0x008a
                    008B    377 _TCON_SB_IE1	=	0x008b
                    008C    378 _TCON_SB_TR0	=	0x008c
                    008D    379 _TCON_SB_TF0	=	0x008d
                    008E    380 _TCON_SB_TR1	=	0x008e
                    008F    381 _TCON_SB_TF1	=	0x008f
                    0090    382 _P1_SB_D0	=	0x0090
                    0091    383 _P1_SB_D1	=	0x0091
                    0092    384 _P1_SB_D2	=	0x0092
                    0093    385 _P1_SB_D3	=	0x0093
                    0094    386 _P1_SB_D4	=	0x0094
                    0095    387 _P1_SB_D5	=	0x0095
                    0096    388 _P1_SB_D6	=	0x0096
                    0097    389 _P1_SB_D7	=	0x0097
                    0098    390 _S0CON_SB_RI0	=	0x0098
                    0099    391 _S0CON_SB_TI0	=	0x0099
                    009A    392 _S0CON_SB_RB80	=	0x009a
                    009B    393 _S0CON_SB_TB80	=	0x009b
                    009C    394 _S0CON_SB_REN0	=	0x009c
                    009D    395 _S0CON_SB_SM20	=	0x009d
                    009E    396 _S0CON_SB_SM1	=	0x009e
                    009F    397 _S0CON_SB_SM0	=	0x009f
                    00A0    398 _P2_SB_D0	=	0x00a0
                    00A1    399 _P2_SB_D1	=	0x00a1
                    00A2    400 _P2_SB_D2	=	0x00a2
                    00A3    401 _P2_SB_D3	=	0x00a3
                    00A4    402 _P2_SB_D4	=	0x00a4
                    00A5    403 _P2_SB_D5	=	0x00a5
                    00A6    404 _P2_SB_D6	=	0x00a6
                    00A7    405 _P2_SB_D7	=	0x00a7
                    00A8    406 _IEN0_SB_IFP	=	0x00a8
                    00A9    407 _IEN0_SB_T0	=	0x00a9
                    00AA    408 _IEN0_SB_POFIRQ	=	0x00aa
                    00AB    409 _IEN0_SB_T1	=	0x00ab
                    00AC    410 _IEN0_SB_UART	=	0x00ac
                    00AD    411 _IEN0_SB_T2	=	0x00ad
                    00AF    412 _IEN0_SB_GLOBAL	=	0x00af
                    00B0    413 _P3_SB_D0	=	0x00b0
                    00B1    414 _P3_SB_D1	=	0x00b1
                    00B2    415 _P3_SB_D2	=	0x00b2
                    00B3    416 _P3_SB_D3	=	0x00b3
                    00B4    417 _P3_SB_D4	=	0x00b4
                    00B5    418 _P3_SB_D5	=	0x00b5
                    00B6    419 _P3_SB_D6	=	0x00b6
                    00B7    420 _P3_SB_D7	=	0x00b7
                    00B8    421 _IEN1_SB_RFRDY	=	0x00b8
                    00B9    422 _IEN1_SB_RFIRQ	=	0x00b9
                    00BA    423 _IEN1_SB_SPI_2WIRE	=	0x00ba
                    00BB    424 _IEN1_SB_WUOPIRQ	=	0x00bb
                    00BC    425 _IEN1_SB_MISCIRQ	=	0x00bc
                    00BD    426 _IEN1_SB_TICK	=	0x00bd
                    00BF    427 _IEN1_SB_T2EXTRLD	=	0x00bf
                    00C0    428 _IRCON_SB_RFRDY	=	0x00c0
                    00C1    429 _IRCON_SB_RFIRQ	=	0x00c1
                    00C2    430 _IRCON_SB_SPI_2WIRE	=	0x00c2
                    00C3    431 _IRCON_SB_WUOPIRQ	=	0x00c3
                    00C4    432 _IRCON_SB_MISCIRQ	=	0x00c4
                    00C5    433 _IRCON_SB_TICK	=	0x00c5
                    00C6    434 _IRCON_SB_TF2	=	0x00c6
                    00C7    435 _IRCON_SB_EXF2	=	0x00c7
                    00C8    436 _T2CON_SB_T2I0	=	0x00c8
                    00C9    437 _T2CON_SB_T2I1	=	0x00c9
                    00CA    438 _T2CON_SB_T2CM	=	0x00ca
                    00CB    439 _T2CON_SB_T2R0	=	0x00cb
                    00CC    440 _T2CON_SB_T2R1	=	0x00cc
                    00CD    441 _T2CON_SB_I2FR	=	0x00cd
                    00CE    442 _T2CON_SB_I3FR	=	0x00ce
                    00CF    443 _T2CON_SB_T2PS	=	0x00cf
                    00D7    444 _PSW_SB_CY	=	0x00d7
                    00D6    445 _PSW_SB_AC	=	0x00d6
                    00D5    446 _PSW_SB_F0	=	0x00d5
                    00D4    447 _PSW_SB_RS1	=	0x00d4
                    00D3    448 _PSW_SB_RS0	=	0x00d3
                    00D2    449 _PSW_SB_OV	=	0x00d2
                    00D1    450 _PSW_SB_F1	=	0x00d1
                    00D0    451 _PSW_SB_P	=	0x00d0
                    00DF    452 _ADCON_SB_BD	=	0x00df
                    00E8    453 _RFCON_SB_RFCE	=	0x00e8
                    00E9    454 _RFCON_SB_RFCSN	=	0x00e9
                    00EA    455 _RFCON_SB_RFCKEN	=	0x00ea
                    00FA    456 _FSR_SB_RDISMB	=	0x00fa
                    00FB    457 _FSR_SB_INFEN	=	0x00fb
                    00FC    458 _FSR_SB_RDYN	=	0x00fc
                    00FD    459 _FSR_SB_WEN	=	0x00fd
                    00FE    460 _FSR_SB_STP	=	0x00fe
                    00FF    461 _FSR_SB_ENDBG	=	0x00ff
                            462 ;--------------------------------------------------------
                            463 ; overlayable register banks
                            464 ;--------------------------------------------------------
                            465 	.area REG_BANK_0	(REL,OVR,DATA)
   0000                     466 	.ds 8
                            467 ;--------------------------------------------------------
                            468 ; internal ram data
                            469 ;--------------------------------------------------------
                            470 	.area DSEG    (DATA)
   0000                     471 _w2_master_cur_address_read_sloc0_1_0:
   0000                     472 	.ds 4
                            473 ;--------------------------------------------------------
                            474 ; overlayable items in internal ram 
                            475 ;--------------------------------------------------------
                            476 	.area OSEG    (OVR,DATA)
                            477 ;--------------------------------------------------------
                            478 ; indirectly addressable internal ram data
                            479 ;--------------------------------------------------------
                            480 	.area ISEG    (DATA)
                            481 ;--------------------------------------------------------
                            482 ; absolute internal ram data
                            483 ;--------------------------------------------------------
                            484 	.area IABS    (ABS,DATA)
                            485 	.area IABS    (ABS,DATA)
                            486 ;--------------------------------------------------------
                            487 ; bit data
                            488 ;--------------------------------------------------------
                            489 	.area BSEG    (BIT)
                            490 ;--------------------------------------------------------
                            491 ; paged external ram data
                            492 ;--------------------------------------------------------
                            493 	.area PSEG    (PAG,XDATA)
                            494 ;--------------------------------------------------------
                            495 ; external ram data
                            496 ;--------------------------------------------------------
                            497 	.area XSEG    (XDATA)
   0000                     498 _w2_master_cur_address_read_PARM_2:
   0000                     499 	.ds 3
   0003                     500 _w2_master_cur_address_read_PARM_3:
   0003                     501 	.ds 4
   0007                     502 _w2_master_cur_address_read_slave_address_1_1:
   0007                     503 	.ds 1
   0008                     504 _w2_master_cur_address_read_send_start_stop_conditions_1_1:
   0008                     505 	.ds 1
                            506 ;--------------------------------------------------------
                            507 ; absolute external ram data
                            508 ;--------------------------------------------------------
                            509 	.area XABS    (ABS,XDATA)
                            510 ;--------------------------------------------------------
                            511 ; external initialized ram data
                            512 ;--------------------------------------------------------
                            513 	.area XISEG   (XDATA)
                            514 	.area HOME    (CODE)
                            515 	.area GSINIT0 (CODE)
                            516 	.area GSINIT1 (CODE)
                            517 	.area GSINIT2 (CODE)
                            518 	.area GSINIT3 (CODE)
                            519 	.area GSINIT4 (CODE)
                            520 	.area GSINIT5 (CODE)
                            521 	.area GSINIT  (CODE)
                            522 	.area GSFINAL (CODE)
                            523 	.area CSEG    (CODE)
                            524 ;--------------------------------------------------------
                            525 ; global & static initialisations
                            526 ;--------------------------------------------------------
                            527 	.area HOME    (CODE)
                            528 	.area GSINIT  (CODE)
                            529 	.area GSFINAL (CODE)
                            530 	.area GSINIT  (CODE)
                            531 ;--------------------------------------------------------
                            532 ; Home
                            533 ;--------------------------------------------------------
                            534 	.area HOME    (CODE)
                            535 	.area HOME    (CODE)
                            536 ;--------------------------------------------------------
                            537 ; code
                            538 ;--------------------------------------------------------
                            539 	.area CSEG    (CODE)
                            540 ;------------------------------------------------------------
                            541 ;Allocation info for local variables in function 'w2_master_cur_address_read'
                            542 ;------------------------------------------------------------
                            543 ;sloc0                     Allocated with name '_w2_master_cur_address_read_sloc0_1_0'
                            544 ;data_buf                  Allocated with name '_w2_master_cur_address_read_PARM_2'
                            545 ;data_len                  Allocated with name '_w2_master_cur_address_read_PARM_3'
                            546 ;slave_address             Allocated with name '_w2_master_cur_address_read_slave_address_1_1'
                            547 ;x                         Allocated with name '_w2_master_cur_address_read_x_1_1'
                            548 ;send_start_stop_conditions Allocated with name '_w2_master_cur_address_read_send_start_stop_conditions_1_1'
                            549 ;ack_nack_val              Allocated with name '_w2_master_cur_address_read_ack_nack_val_1_1'
                            550 ;------------------------------------------------------------
                            551 ;	src/w2_master_cur_address_read.c:48: w2_ack_nack_val_t w2_master_cur_address_read(uint8_t slave_address, uint8_t * data_buf, uint32_t data_len)
                            552 ;	-----------------------------------------
                            553 ;	 function w2_master_cur_address_read
                            554 ;	-----------------------------------------
   0000                     555 _w2_master_cur_address_read:
                    0007    556 	ar7 = 0x07
                    0006    557 	ar6 = 0x06
                    0005    558 	ar5 = 0x05
                    0004    559 	ar4 = 0x04
                    0003    560 	ar3 = 0x03
                    0002    561 	ar2 = 0x02
                    0001    562 	ar1 = 0x01
                    0000    563 	ar0 = 0x00
   0000 E5 82               564 	mov	a,dpl
                            565 ;	src/w2_master_cur_address_read.c:55: ack_nack_val = w2_master_tx_byte((((uint8_t)(slave_address << W2DAT_ADDRESS_SHIFT)) & W2DAT_ADDRESS_MASK) | W2_MASTER_READ, W2_SEND_ONLY_START_CONDITION);
   0002 90s00r07            566 	mov	dptr,#_w2_master_cur_address_read_slave_address_1_1
   0005 F0                  567 	movx	@dptr,a
   0006 25 E0               568 	add	a,acc
   0008 FF                  569 	mov	r7,a
   0009 74 FE               570 	mov	a,#0xFE
   000B 5F                  571 	anl	a,r7
   000C 44 01               572 	orl	a,#0x01
   000E FF                  573 	mov	r7,a
   000F 90s00r00            574 	mov	dptr,#_w2_master_tx_byte_PARM_2
   0012 E4                  575 	clr	a
   0013 F0                  576 	movx	@dptr,a
   0014 8F 82               577 	mov	dpl,r7
   0016 12s00r00            578 	lcall	_w2_master_tx_byte
   0019 AF 82               579 	mov	r7,dpl
                            580 ;	src/w2_master_cur_address_read.c:57: if(ack_nack_val == W2_NACK_VAL)
   001B BF 01 07            581 	cjne	r7,#0x01,00118$
                            582 ;	src/w2_master_cur_address_read.c:59: w2_master_software_reset();
   001E 12s00r00            583 	lcall	_w2_master_software_reset
                            584 ;	src/w2_master_cur_address_read.c:60: return W2_NACK_VAL;
   0021 75 82 01            585 	mov	dpl,#0x01
   0024 22                  586 	ret
                            587 ;	src/w2_master_cur_address_read.c:64: for(x = 0; x < data_len; x++)
   0025                     588 00118$:
   0025 90s00r00            589 	mov	dptr,#_w2_master_cur_address_read_PARM_2
   0028 E0                  590 	movx	a,@dptr
   0029 FD                  591 	mov	r5,a
   002A A3                  592 	inc	dptr
   002B E0                  593 	movx	a,@dptr
   002C FE                  594 	mov	r6,a
   002D A3                  595 	inc	dptr
   002E E0                  596 	movx	a,@dptr
   002F FF                  597 	mov	r7,a
   0030 90s00r03            598 	mov	dptr,#_w2_master_cur_address_read_PARM_3
   0033 E0                  599 	movx	a,@dptr
   0034 F9                  600 	mov	r1,a
   0035 A3                  601 	inc	dptr
   0036 E0                  602 	movx	a,@dptr
   0037 FA                  603 	mov	r2,a
   0038 A3                  604 	inc	dptr
   0039 E0                  605 	movx	a,@dptr
   003A FB                  606 	mov	r3,a
   003B A3                  607 	inc	dptr
   003C E0                  608 	movx	a,@dptr
   003D FC                  609 	mov	r4,a
   003E E4                  610 	clr	a
   003F F5*00               611 	mov	_w2_master_cur_address_read_sloc0_1_0,a
   0041 F5*01               612 	mov	(_w2_master_cur_address_read_sloc0_1_0 + 1),a
   0043 F5*02               613 	mov	(_w2_master_cur_address_read_sloc0_1_0 + 2),a
   0045 F5*03               614 	mov	(_w2_master_cur_address_read_sloc0_1_0 + 3),a
   0047                     615 00108$:
   0047 C3                  616 	clr	c
   0048 E5*00               617 	mov	a,_w2_master_cur_address_read_sloc0_1_0
   004A 99                  618 	subb	a,r1
   004B E5*01               619 	mov	a,(_w2_master_cur_address_read_sloc0_1_0 + 1)
   004D 9A                  620 	subb	a,r2
   004E E5*02               621 	mov	a,(_w2_master_cur_address_read_sloc0_1_0 + 2)
   0050 9B                  622 	subb	a,r3
   0051 E5*03               623 	mov	a,(_w2_master_cur_address_read_sloc0_1_0 + 3)
   0053 9C                  624 	subb	a,r4
   0054 40 03               625 	jc	00121$
   0056 02s01r0E            626 	ljmp	00111$
   0059                     627 00121$:
                            628 ;	src/w2_master_cur_address_read.c:67: if(x == (data_len - 1))
   0059 C0 05               629 	push	ar5
   005B C0 06               630 	push	ar6
   005D C0 07               631 	push	ar7
   005F E9                  632 	mov	a,r1
   0060 24 FF               633 	add	a,#0xFF
   0062 F8                  634 	mov	r0,a
   0063 EA                  635 	mov	a,r2
   0064 34 FF               636 	addc	a,#0xFF
   0066 FD                  637 	mov	r5,a
   0067 EB                  638 	mov	a,r3
   0068 34 FF               639 	addc	a,#0xFF
   006A FE                  640 	mov	r6,a
   006B EC                  641 	mov	a,r4
   006C 34 FF               642 	addc	a,#0xFF
   006E FF                  643 	mov	r7,a
   006F E8                  644 	mov	a,r0
   0070 B5*00 0E            645 	cjne	a,_w2_master_cur_address_read_sloc0_1_0,00122$
   0073 ED                  646 	mov	a,r5
   0074 B5*01 0A            647 	cjne	a,(_w2_master_cur_address_read_sloc0_1_0 + 1),00122$
   0077 EE                  648 	mov	a,r6
   0078 B5*02 06            649 	cjne	a,(_w2_master_cur_address_read_sloc0_1_0 + 2),00122$
   007B EF                  650 	mov	a,r7
   007C B5*03 02            651 	cjne	a,(_w2_master_cur_address_read_sloc0_1_0 + 3),00122$
   007F 80 08               652 	sjmp	00123$
   0081                     653 00122$:
   0081 D0 07               654 	pop	ar7
   0083 D0 06               655 	pop	ar6
   0085 D0 05               656 	pop	ar5
   0087 80 0E               657 	sjmp	00104$
   0089                     658 00123$:
   0089 D0 07               659 	pop	ar7
   008B D0 06               660 	pop	ar6
   008D D0 05               661 	pop	ar5
                            662 ;	src/w2_master_cur_address_read.c:69: send_start_stop_conditions = W2_SEND_ONLY_STOP_CONDITION;
   008F 90s00r08            663 	mov	dptr,#_w2_master_cur_address_read_send_start_stop_conditions_1_1
   0092 74 01               664 	mov	a,#0x01
   0094 F0                  665 	movx	@dptr,a
   0095 80 06               666 	sjmp	00105$
   0097                     667 00104$:
                            668 ;	src/w2_master_cur_address_read.c:73: send_start_stop_conditions = W2_DONT_SEND_START_OR_STOP_CONDITIONS;
   0097 90s00r08            669 	mov	dptr,#_w2_master_cur_address_read_send_start_stop_conditions_1_1
   009A 74 03               670 	mov	a,#0x03
   009C F0                  671 	movx	@dptr,a
   009D                     672 00105$:
                            673 ;	src/w2_master_cur_address_read.c:77: ack_nack_val = w2_master_rx_byte(&data_buf[x], send_start_stop_conditions);
   009D C0 01               674 	push	ar1
   009F C0 02               675 	push	ar2
   00A1 C0 03               676 	push	ar3
   00A3 C0 04               677 	push	ar4
   00A5 E5*00               678 	mov	a,_w2_master_cur_address_read_sloc0_1_0
   00A7 2D                  679 	add	a,r5
   00A8 F8                  680 	mov	r0,a
   00A9 E5*01               681 	mov	a,(_w2_master_cur_address_read_sloc0_1_0 + 1)
   00AB 3E                  682 	addc	a,r6
   00AC FB                  683 	mov	r3,a
   00AD 8F 04               684 	mov	ar4,r7
   00AF 90s00r08            685 	mov	dptr,#_w2_master_cur_address_read_send_start_stop_conditions_1_1
   00B2 E0                  686 	movx	a,@dptr
   00B3 FA                  687 	mov	r2,a
   00B4 90s00r00            688 	mov	dptr,#_w2_master_rx_byte_PARM_2
   00B7 F0                  689 	movx	@dptr,a
   00B8 88 82               690 	mov	dpl,r0
   00BA 8B 83               691 	mov	dph,r3
   00BC 8C F0               692 	mov	b,r4
   00BE C0 07               693 	push	ar7
   00C0 C0 06               694 	push	ar6
   00C2 C0 05               695 	push	ar5
   00C4 C0 03               696 	push	ar3
   00C6 C0 02               697 	push	ar2
   00C8 C0 01               698 	push	ar1
   00CA 12s00r00            699 	lcall	_w2_master_rx_byte
   00CD AC 82               700 	mov	r4,dpl
   00CF D0 01               701 	pop	ar1
   00D1 D0 02               702 	pop	ar2
   00D3 D0 03               703 	pop	ar3
   00D5 D0 05               704 	pop	ar5
   00D7 D0 06               705 	pop	ar6
   00D9 D0 07               706 	pop	ar7
                            707 ;	src/w2_master_cur_address_read.c:79: if(ack_nack_val == W2_NACK_VAL)
   00DB BC 01 02            708 	cjne	r4,#0x01,00124$
   00DE 80 0A               709 	sjmp	00125$
   00E0                     710 00124$:
   00E0 D0 04               711 	pop	ar4
   00E2 D0 03               712 	pop	ar3
   00E4 D0 02               713 	pop	ar2
   00E6 D0 01               714 	pop	ar1
   00E8 80 0F               715 	sjmp	00110$
   00EA                     716 00125$:
   00EA D0 04               717 	pop	ar4
   00EC D0 03               718 	pop	ar3
   00EE D0 02               719 	pop	ar2
   00F0 D0 01               720 	pop	ar1
                            721 ;	src/w2_master_cur_address_read.c:81: w2_master_software_reset();
   00F2 12s00r00            722 	lcall	_w2_master_software_reset
                            723 ;	src/w2_master_cur_address_read.c:82: return W2_NACK_VAL;
   00F5 75 82 01            724 	mov	dpl,#0x01
   00F8 22                  725 	ret
   00F9                     726 00110$:
                            727 ;	src/w2_master_cur_address_read.c:64: for(x = 0; x < data_len; x++)
   00F9 05*00               728 	inc	_w2_master_cur_address_read_sloc0_1_0
   00FB E4                  729 	clr	a
   00FC B5*00 0C            730 	cjne	a,_w2_master_cur_address_read_sloc0_1_0,00126$
   00FF 05*01               731 	inc	(_w2_master_cur_address_read_sloc0_1_0 + 1)
   0101 B5*01 07            732 	cjne	a,(_w2_master_cur_address_read_sloc0_1_0 + 1),00126$
   0104 05*02               733 	inc	(_w2_master_cur_address_read_sloc0_1_0 + 2)
   0106 B5*02 02            734 	cjne	a,(_w2_master_cur_address_read_sloc0_1_0 + 2),00126$
   0109 05*03               735 	inc	(_w2_master_cur_address_read_sloc0_1_0 + 3)
   010B                     736 00126$:
   010B 02s00r47            737 	ljmp	00108$
   010E                     738 00111$:
                            739 ;	src/w2_master_cur_address_read.c:86: return W2_ACK_VAL;
   010E 75 82 00            740 	mov	dpl,#0x00
   0111 22                  741 	ret
                            742 	.area CSEG    (CODE)
                            743 	.area CONST   (CODE)
                            744 	.area XINIT   (CODE)
                            745 	.area CABS    (ABS,CODE)
