                              1 ;--------------------------------------------------------
                              2 ; File Created by SDCC : free open source ANSI-C Compiler
                              3 ; Version 3.1.0 #7066 (Nov 22 2011) (Linux)
                              4 ; This file was generated Thu Jun 28 21:36:17 2012
                              5 ;--------------------------------------------------------
                              6 	.module w2_master_write_control_bytes
                              7 	.optsdcc -mmcs51 --model-large
                              8 	
                              9 ;--------------------------------------------------------
                             10 ; Public variables in this module
                             11 ;--------------------------------------------------------
                             12 	.globl _w2_master_tx_byte
                             13 	.globl _FSR_SB_ENDBG
                             14 	.globl _FSR_SB_STP
                             15 	.globl _FSR_SB_WEN
                             16 	.globl _FSR_SB_RDYN
                             17 	.globl _FSR_SB_INFEN
                             18 	.globl _FSR_SB_RDISMB
                             19 	.globl _RFCON_SB_RFCKEN
                             20 	.globl _RFCON_SB_RFCSN
                             21 	.globl _RFCON_SB_RFCE
                             22 	.globl _ADCON_SB_BD
                             23 	.globl _PSW_SB_P
                             24 	.globl _PSW_SB_F1
                             25 	.globl _PSW_SB_OV
                             26 	.globl _PSW_SB_RS0
                             27 	.globl _PSW_SB_RS1
                             28 	.globl _PSW_SB_F0
                             29 	.globl _PSW_SB_AC
                             30 	.globl _PSW_SB_CY
                             31 	.globl _T2CON_SB_T2PS
                             32 	.globl _T2CON_SB_I3FR
                             33 	.globl _T2CON_SB_I2FR
                             34 	.globl _T2CON_SB_T2R1
                             35 	.globl _T2CON_SB_T2R0
                             36 	.globl _T2CON_SB_T2CM
                             37 	.globl _T2CON_SB_T2I1
                             38 	.globl _T2CON_SB_T2I0
                             39 	.globl _IRCON_SB_EXF2
                             40 	.globl _IRCON_SB_TF2
                             41 	.globl _IRCON_SB_TICK
                             42 	.globl _IRCON_SB_MISCIRQ
                             43 	.globl _IRCON_SB_WUOPIRQ
                             44 	.globl _IRCON_SB_SPI_2WIRE
                             45 	.globl _IRCON_SB_RFIRQ
                             46 	.globl _IRCON_SB_RFRDY
                             47 	.globl _IEN1_SB_T2EXTRLD
                             48 	.globl _IEN1_SB_TICK
                             49 	.globl _IEN1_SB_MISCIRQ
                             50 	.globl _IEN1_SB_WUOPIRQ
                             51 	.globl _IEN1_SB_SPI_2WIRE
                             52 	.globl _IEN1_SB_RFIRQ
                             53 	.globl _IEN1_SB_RFRDY
                             54 	.globl _P3_SB_D7
                             55 	.globl _P3_SB_D6
                             56 	.globl _P3_SB_D5
                             57 	.globl _P3_SB_D4
                             58 	.globl _P3_SB_D3
                             59 	.globl _P3_SB_D2
                             60 	.globl _P3_SB_D1
                             61 	.globl _P3_SB_D0
                             62 	.globl _IEN0_SB_GLOBAL
                             63 	.globl _IEN0_SB_T2
                             64 	.globl _IEN0_SB_UART
                             65 	.globl _IEN0_SB_T1
                             66 	.globl _IEN0_SB_POFIRQ
                             67 	.globl _IEN0_SB_T0
                             68 	.globl _IEN0_SB_IFP
                             69 	.globl _P2_SB_D7
                             70 	.globl _P2_SB_D6
                             71 	.globl _P2_SB_D5
                             72 	.globl _P2_SB_D4
                             73 	.globl _P2_SB_D3
                             74 	.globl _P2_SB_D2
                             75 	.globl _P2_SB_D1
                             76 	.globl _P2_SB_D0
                             77 	.globl _S0CON_SB_SM0
                             78 	.globl _S0CON_SB_SM1
                             79 	.globl _S0CON_SB_SM20
                             80 	.globl _S0CON_SB_REN0
                             81 	.globl _S0CON_SB_TB80
                             82 	.globl _S0CON_SB_RB80
                             83 	.globl _S0CON_SB_TI0
                             84 	.globl _S0CON_SB_RI0
                             85 	.globl _P1_SB_D7
                             86 	.globl _P1_SB_D6
                             87 	.globl _P1_SB_D5
                             88 	.globl _P1_SB_D4
                             89 	.globl _P1_SB_D3
                             90 	.globl _P1_SB_D2
                             91 	.globl _P1_SB_D1
                             92 	.globl _P1_SB_D0
                             93 	.globl _TCON_SB_TF1
                             94 	.globl _TCON_SB_TR1
                             95 	.globl _TCON_SB_TF0
                             96 	.globl _TCON_SB_TR0
                             97 	.globl _TCON_SB_IE1
                             98 	.globl _TCON_SB_IT1
                             99 	.globl _TCON_SB_IE0
                            100 	.globl _TCON_SB_IT0
                            101 	.globl _P0_SB_D7
                            102 	.globl _P0_SB_D6
                            103 	.globl _P0_SB_D5
                            104 	.globl _P0_SB_D4
                            105 	.globl _P0_SB_D3
                            106 	.globl _P0_SB_D2
                            107 	.globl _P0_SB_D1
                            108 	.globl _P0_SB_D0
                            109 	.globl _ADCDAT
                            110 	.globl _S0REL
                            111 	.globl _T2
                            112 	.globl _T1
                            113 	.globl _T0
                            114 	.globl _CRC
                            115 	.globl _CC3
                            116 	.globl _CC2
                            117 	.globl _CC1
                            118 	.globl _SPIMDAT
                            119 	.globl _SPIMSTAT
                            120 	.globl _SPIMCON1
                            121 	.globl _SPIMCON0
                            122 	.globl _FCR
                            123 	.globl _FPCR
                            124 	.globl _FSR
                            125 	.globl _B
                            126 	.globl _ARCON
                            127 	.globl _MD5
                            128 	.globl _MD4
                            129 	.globl _MD3
                            130 	.globl _MD2
                            131 	.globl _MD1
                            132 	.globl _MD0
                            133 	.globl _RFCON
                            134 	.globl _SPIRDAT
                            135 	.globl _SPIRSTAT
                            136 	.globl _SPIRCON1
                            137 	.globl _SPIRCON0
                            138 	.globl _W2CON0
                            139 	.globl _W2CON1
                            140 	.globl _ACC
                            141 	.globl _CCPDATO
                            142 	.globl _CCPDATIB
                            143 	.globl _CCPDATIA
                            144 	.globl _POFCON
                            145 	.globl _COMPCON
                            146 	.globl _W2DAT
                            147 	.globl _W2SADR
                            148 	.globl _ADCON
                            149 	.globl _RNGDAT
                            150 	.globl _RNGCTL
                            151 	.globl _ADCDATL
                            152 	.globl _ADCDATH
                            153 	.globl _ADCCON1
                            154 	.globl _ADCCON2
                            155 	.globl _ADCCON3
                            156 	.globl _PSW
                            157 	.globl _WUOPC0
                            158 	.globl _WUOPC1
                            159 	.globl _TH2
                            160 	.globl _TL2
                            161 	.globl _CRCH
                            162 	.globl _CRCL
                            163 	.globl __XPAGE
                            164 	.globl _MPAGE
                            165 	.globl _T2CON
                            166 	.globl _CCH3
                            167 	.globl _CCL3
                            168 	.globl _CCH2
                            169 	.globl _CCL2
                            170 	.globl _CCH1
                            171 	.globl _CCL1
                            172 	.globl _CCEN
                            173 	.globl _IRCON
                            174 	.globl _SPISDAT
                            175 	.globl _SPISSTAT
                            176 	.globl _SPISCON1
                            177 	.globl _SPISCON0
                            178 	.globl _S0RELH
                            179 	.globl _IP1
                            180 	.globl _IEN1
                            181 	.globl _SPISRDSZ
                            182 	.globl _RTC2CPT00
                            183 	.globl _RTC2CMP1
                            184 	.globl _RTC2CMP0
                            185 	.globl _RTC2CON
                            186 	.globl _PWMCON
                            187 	.globl _RSTREAS
                            188 	.globl _P3
                            189 	.globl _WDSV
                            190 	.globl _OPMCON
                            191 	.globl _CLKLFCTRL
                            192 	.globl _RTC2CPT10
                            193 	.globl _RTC2CPT01
                            194 	.globl _S0RELL
                            195 	.globl _IP0
                            196 	.globl _IEN0
                            197 	.globl _MEMCON
                            198 	.globl _INTEXP
                            199 	.globl _WUCON
                            200 	.globl _PWRDWN
                            201 	.globl _CLKCTRL
                            202 	.globl _PWMDC1
                            203 	.globl _PWMDC0
                            204 	.globl _P2
                            205 	.globl _P1CON
                            206 	.globl _P0CON
                            207 	.globl _S0BUF
                            208 	.globl _S0CON
                            209 	.globl _P2CON
                            210 	.globl _P3DIR
                            211 	.globl _P2DIR
                            212 	.globl _P1DIR
                            213 	.globl _P0DIR
                            214 	.globl _DPS
                            215 	.globl _P1
                            216 	.globl _P3CON
                            217 	.globl _TH1
                            218 	.globl _TH0
                            219 	.globl _TL1
                            220 	.globl _TL0
                            221 	.globl _TMOD
                            222 	.globl _TCON
                            223 	.globl _PCON
                            224 	.globl _DPH1
                            225 	.globl _DPL1
                            226 	.globl _DPH
                            227 	.globl _DPL
                            228 	.globl _SP
                            229 	.globl _P0
                            230 	.globl _w2_master_write_control_bytes_PARM_3
                            231 	.globl _w2_master_write_control_bytes_PARM_2
                            232 	.globl _w2_master_write_control_bytes
                            233 ;--------------------------------------------------------
                            234 ; special function registers
                            235 ;--------------------------------------------------------
                            236 	.area RSEG    (ABS,DATA)
   0000                     237 	.org 0x0000
                    0080    238 _P0	=	0x0080
                    0081    239 _SP	=	0x0081
                    0082    240 _DPL	=	0x0082
                    0083    241 _DPH	=	0x0083
                    0084    242 _DPL1	=	0x0084
                    0085    243 _DPH1	=	0x0085
                    0087    244 _PCON	=	0x0087
                    0088    245 _TCON	=	0x0088
                    0089    246 _TMOD	=	0x0089
                    008A    247 _TL0	=	0x008a
                    008B    248 _TL1	=	0x008b
                    008C    249 _TH0	=	0x008c
                    008D    250 _TH1	=	0x008d
                    008F    251 _P3CON	=	0x008f
                    0090    252 _P1	=	0x0090
                    0092    253 _DPS	=	0x0092
                    0093    254 _P0DIR	=	0x0093
                    0094    255 _P1DIR	=	0x0094
                    0095    256 _P2DIR	=	0x0095
                    0096    257 _P3DIR	=	0x0096
                    0097    258 _P2CON	=	0x0097
                    0098    259 _S0CON	=	0x0098
                    0099    260 _S0BUF	=	0x0099
                    009E    261 _P0CON	=	0x009e
                    009F    262 _P1CON	=	0x009f
                    00A0    263 _P2	=	0x00a0
                    00A1    264 _PWMDC0	=	0x00a1
                    00A2    265 _PWMDC1	=	0x00a2
                    00A3    266 _CLKCTRL	=	0x00a3
                    00A4    267 _PWRDWN	=	0x00a4
                    00A5    268 _WUCON	=	0x00a5
                    00A6    269 _INTEXP	=	0x00a6
                    00A7    270 _MEMCON	=	0x00a7
                    00A8    271 _IEN0	=	0x00a8
                    00A9    272 _IP0	=	0x00a9
                    00AA    273 _S0RELL	=	0x00aa
                    00AB    274 _RTC2CPT01	=	0x00ab
                    00AC    275 _RTC2CPT10	=	0x00ac
                    00AD    276 _CLKLFCTRL	=	0x00ad
                    00AE    277 _OPMCON	=	0x00ae
                    00AF    278 _WDSV	=	0x00af
                    00B0    279 _P3	=	0x00b0
                    00B1    280 _RSTREAS	=	0x00b1
                    00B2    281 _PWMCON	=	0x00b2
                    00B3    282 _RTC2CON	=	0x00b3
                    00B4    283 _RTC2CMP0	=	0x00b4
                    00B5    284 _RTC2CMP1	=	0x00b5
                    00B6    285 _RTC2CPT00	=	0x00b6
                    00B7    286 _SPISRDSZ	=	0x00b7
                    00B8    287 _IEN1	=	0x00b8
                    00B9    288 _IP1	=	0x00b9
                    00BA    289 _S0RELH	=	0x00ba
                    00BC    290 _SPISCON0	=	0x00bc
                    00BD    291 _SPISCON1	=	0x00bd
                    00BE    292 _SPISSTAT	=	0x00be
                    00BF    293 _SPISDAT	=	0x00bf
                    00C0    294 _IRCON	=	0x00c0
                    00C1    295 _CCEN	=	0x00c1
                    00C2    296 _CCL1	=	0x00c2
                    00C3    297 _CCH1	=	0x00c3
                    00C4    298 _CCL2	=	0x00c4
                    00C5    299 _CCH2	=	0x00c5
                    00C6    300 _CCL3	=	0x00c6
                    00C7    301 _CCH3	=	0x00c7
                    00C8    302 _T2CON	=	0x00c8
                    00C9    303 _MPAGE	=	0x00c9
                    00C9    304 __XPAGE	=	0x00c9
                    00CA    305 _CRCL	=	0x00ca
                    00CB    306 _CRCH	=	0x00cb
                    00CC    307 _TL2	=	0x00cc
                    00CD    308 _TH2	=	0x00cd
                    00CE    309 _WUOPC1	=	0x00ce
                    00CF    310 _WUOPC0	=	0x00cf
                    00D0    311 _PSW	=	0x00d0
                    00D1    312 _ADCCON3	=	0x00d1
                    00D2    313 _ADCCON2	=	0x00d2
                    00D3    314 _ADCCON1	=	0x00d3
                    00D4    315 _ADCDATH	=	0x00d4
                    00D5    316 _ADCDATL	=	0x00d5
                    00D6    317 _RNGCTL	=	0x00d6
                    00D7    318 _RNGDAT	=	0x00d7
                    00D8    319 _ADCON	=	0x00d8
                    00D9    320 _W2SADR	=	0x00d9
                    00DA    321 _W2DAT	=	0x00da
                    00DB    322 _COMPCON	=	0x00db
                    00DC    323 _POFCON	=	0x00dc
                    00DD    324 _CCPDATIA	=	0x00dd
                    00DE    325 _CCPDATIB	=	0x00de
                    00DF    326 _CCPDATO	=	0x00df
                    00E0    327 _ACC	=	0x00e0
                    00E1    328 _W2CON1	=	0x00e1
                    00E2    329 _W2CON0	=	0x00e2
                    00E4    330 _SPIRCON0	=	0x00e4
                    00E5    331 _SPIRCON1	=	0x00e5
                    00E6    332 _SPIRSTAT	=	0x00e6
                    00E7    333 _SPIRDAT	=	0x00e7
                    00E8    334 _RFCON	=	0x00e8
                    00E9    335 _MD0	=	0x00e9
                    00EA    336 _MD1	=	0x00ea
                    00EB    337 _MD2	=	0x00eb
                    00EC    338 _MD3	=	0x00ec
                    00ED    339 _MD4	=	0x00ed
                    00EE    340 _MD5	=	0x00ee
                    00EF    341 _ARCON	=	0x00ef
                    00F0    342 _B	=	0x00f0
                    00F8    343 _FSR	=	0x00f8
                    00F9    344 _FPCR	=	0x00f9
                    00FA    345 _FCR	=	0x00fa
                    00FC    346 _SPIMCON0	=	0x00fc
                    00FD    347 _SPIMCON1	=	0x00fd
                    00FE    348 _SPIMSTAT	=	0x00fe
                    00FF    349 _SPIMDAT	=	0x00ff
                    C3C2    350 _CC1	=	0xc3c2
                    C5C4    351 _CC2	=	0xc5c4
                    C7C6    352 _CC3	=	0xc7c6
                    CBCA    353 _CRC	=	0xcbca
                    8C8A    354 _T0	=	0x8c8a
                    8D8B    355 _T1	=	0x8d8b
                    CDCC    356 _T2	=	0xcdcc
                    BAAA    357 _S0REL	=	0xbaaa
                    D4D5    358 _ADCDAT	=	0xd4d5
                            359 ;--------------------------------------------------------
                            360 ; special function bits
                            361 ;--------------------------------------------------------
                            362 	.area RSEG    (ABS,DATA)
   0000                     363 	.org 0x0000
                    0080    364 _P0_SB_D0	=	0x0080
                    0081    365 _P0_SB_D1	=	0x0081
                    0082    366 _P0_SB_D2	=	0x0082
                    0083    367 _P0_SB_D3	=	0x0083
                    0084    368 _P0_SB_D4	=	0x0084
                    0085    369 _P0_SB_D5	=	0x0085
                    0086    370 _P0_SB_D6	=	0x0086
                    0087    371 _P0_SB_D7	=	0x0087
                    0088    372 _TCON_SB_IT0	=	0x0088
                    0089    373 _TCON_SB_IE0	=	0x0089
                    008A    374 _TCON_SB_IT1	=	0x008a
                    008B    375 _TCON_SB_IE1	=	0x008b
                    008C    376 _TCON_SB_TR0	=	0x008c
                    008D    377 _TCON_SB_TF0	=	0x008d
                    008E    378 _TCON_SB_TR1	=	0x008e
                    008F    379 _TCON_SB_TF1	=	0x008f
                    0090    380 _P1_SB_D0	=	0x0090
                    0091    381 _P1_SB_D1	=	0x0091
                    0092    382 _P1_SB_D2	=	0x0092
                    0093    383 _P1_SB_D3	=	0x0093
                    0094    384 _P1_SB_D4	=	0x0094
                    0095    385 _P1_SB_D5	=	0x0095
                    0096    386 _P1_SB_D6	=	0x0096
                    0097    387 _P1_SB_D7	=	0x0097
                    0098    388 _S0CON_SB_RI0	=	0x0098
                    0099    389 _S0CON_SB_TI0	=	0x0099
                    009A    390 _S0CON_SB_RB80	=	0x009a
                    009B    391 _S0CON_SB_TB80	=	0x009b
                    009C    392 _S0CON_SB_REN0	=	0x009c
                    009D    393 _S0CON_SB_SM20	=	0x009d
                    009E    394 _S0CON_SB_SM1	=	0x009e
                    009F    395 _S0CON_SB_SM0	=	0x009f
                    00A0    396 _P2_SB_D0	=	0x00a0
                    00A1    397 _P2_SB_D1	=	0x00a1
                    00A2    398 _P2_SB_D2	=	0x00a2
                    00A3    399 _P2_SB_D3	=	0x00a3
                    00A4    400 _P2_SB_D4	=	0x00a4
                    00A5    401 _P2_SB_D5	=	0x00a5
                    00A6    402 _P2_SB_D6	=	0x00a6
                    00A7    403 _P2_SB_D7	=	0x00a7
                    00A8    404 _IEN0_SB_IFP	=	0x00a8
                    00A9    405 _IEN0_SB_T0	=	0x00a9
                    00AA    406 _IEN0_SB_POFIRQ	=	0x00aa
                    00AB    407 _IEN0_SB_T1	=	0x00ab
                    00AC    408 _IEN0_SB_UART	=	0x00ac
                    00AD    409 _IEN0_SB_T2	=	0x00ad
                    00AF    410 _IEN0_SB_GLOBAL	=	0x00af
                    00B0    411 _P3_SB_D0	=	0x00b0
                    00B1    412 _P3_SB_D1	=	0x00b1
                    00B2    413 _P3_SB_D2	=	0x00b2
                    00B3    414 _P3_SB_D3	=	0x00b3
                    00B4    415 _P3_SB_D4	=	0x00b4
                    00B5    416 _P3_SB_D5	=	0x00b5
                    00B6    417 _P3_SB_D6	=	0x00b6
                    00B7    418 _P3_SB_D7	=	0x00b7
                    00B8    419 _IEN1_SB_RFRDY	=	0x00b8
                    00B9    420 _IEN1_SB_RFIRQ	=	0x00b9
                    00BA    421 _IEN1_SB_SPI_2WIRE	=	0x00ba
                    00BB    422 _IEN1_SB_WUOPIRQ	=	0x00bb
                    00BC    423 _IEN1_SB_MISCIRQ	=	0x00bc
                    00BD    424 _IEN1_SB_TICK	=	0x00bd
                    00BF    425 _IEN1_SB_T2EXTRLD	=	0x00bf
                    00C0    426 _IRCON_SB_RFRDY	=	0x00c0
                    00C1    427 _IRCON_SB_RFIRQ	=	0x00c1
                    00C2    428 _IRCON_SB_SPI_2WIRE	=	0x00c2
                    00C3    429 _IRCON_SB_WUOPIRQ	=	0x00c3
                    00C4    430 _IRCON_SB_MISCIRQ	=	0x00c4
                    00C5    431 _IRCON_SB_TICK	=	0x00c5
                    00C6    432 _IRCON_SB_TF2	=	0x00c6
                    00C7    433 _IRCON_SB_EXF2	=	0x00c7
                    00C8    434 _T2CON_SB_T2I0	=	0x00c8
                    00C9    435 _T2CON_SB_T2I1	=	0x00c9
                    00CA    436 _T2CON_SB_T2CM	=	0x00ca
                    00CB    437 _T2CON_SB_T2R0	=	0x00cb
                    00CC    438 _T2CON_SB_T2R1	=	0x00cc
                    00CD    439 _T2CON_SB_I2FR	=	0x00cd
                    00CE    440 _T2CON_SB_I3FR	=	0x00ce
                    00CF    441 _T2CON_SB_T2PS	=	0x00cf
                    00D7    442 _PSW_SB_CY	=	0x00d7
                    00D6    443 _PSW_SB_AC	=	0x00d6
                    00D5    444 _PSW_SB_F0	=	0x00d5
                    00D4    445 _PSW_SB_RS1	=	0x00d4
                    00D3    446 _PSW_SB_RS0	=	0x00d3
                    00D2    447 _PSW_SB_OV	=	0x00d2
                    00D1    448 _PSW_SB_F1	=	0x00d1
                    00D0    449 _PSW_SB_P	=	0x00d0
                    00DF    450 _ADCON_SB_BD	=	0x00df
                    00E8    451 _RFCON_SB_RFCE	=	0x00e8
                    00E9    452 _RFCON_SB_RFCSN	=	0x00e9
                    00EA    453 _RFCON_SB_RFCKEN	=	0x00ea
                    00FA    454 _FSR_SB_RDISMB	=	0x00fa
                    00FB    455 _FSR_SB_INFEN	=	0x00fb
                    00FC    456 _FSR_SB_RDYN	=	0x00fc
                    00FD    457 _FSR_SB_WEN	=	0x00fd
                    00FE    458 _FSR_SB_STP	=	0x00fe
                    00FF    459 _FSR_SB_ENDBG	=	0x00ff
                            460 ;--------------------------------------------------------
                            461 ; overlayable register banks
                            462 ;--------------------------------------------------------
                            463 	.area REG_BANK_0	(REL,OVR,DATA)
   0000                     464 	.ds 8
                            465 ;--------------------------------------------------------
                            466 ; internal ram data
                            467 ;--------------------------------------------------------
                            468 	.area DSEG    (DATA)
                            469 ;--------------------------------------------------------
                            470 ; overlayable items in internal ram 
                            471 ;--------------------------------------------------------
                            472 	.area OSEG    (OVR,DATA)
                            473 ;--------------------------------------------------------
                            474 ; indirectly addressable internal ram data
                            475 ;--------------------------------------------------------
                            476 	.area ISEG    (DATA)
                            477 ;--------------------------------------------------------
                            478 ; absolute internal ram data
                            479 ;--------------------------------------------------------
                            480 	.area IABS    (ABS,DATA)
                            481 	.area IABS    (ABS,DATA)
                            482 ;--------------------------------------------------------
                            483 ; bit data
                            484 ;--------------------------------------------------------
                            485 	.area BSEG    (BIT)
                            486 ;--------------------------------------------------------
                            487 ; paged external ram data
                            488 ;--------------------------------------------------------
                            489 	.area PSEG    (PAG,XDATA)
                            490 ;--------------------------------------------------------
                            491 ; external ram data
                            492 ;--------------------------------------------------------
                            493 	.area XSEG    (XDATA)
   0000                     494 _w2_master_write_control_bytes_PARM_2:
   0000                     495 	.ds 3
   0003                     496 _w2_master_write_control_bytes_PARM_3:
   0003                     497 	.ds 1
   0004                     498 _w2_master_write_control_bytes_slave_address_1_1:
   0004                     499 	.ds 1
                            500 ;--------------------------------------------------------
                            501 ; absolute external ram data
                            502 ;--------------------------------------------------------
                            503 	.area XABS    (ABS,XDATA)
                            504 ;--------------------------------------------------------
                            505 ; external initialized ram data
                            506 ;--------------------------------------------------------
                            507 	.area XISEG   (XDATA)
                            508 	.area HOME    (CODE)
                            509 	.area GSINIT0 (CODE)
                            510 	.area GSINIT1 (CODE)
                            511 	.area GSINIT2 (CODE)
                            512 	.area GSINIT3 (CODE)
                            513 	.area GSINIT4 (CODE)
                            514 	.area GSINIT5 (CODE)
                            515 	.area GSINIT  (CODE)
                            516 	.area GSFINAL (CODE)
                            517 	.area CSEG    (CODE)
                            518 ;--------------------------------------------------------
                            519 ; global & static initialisations
                            520 ;--------------------------------------------------------
                            521 	.area HOME    (CODE)
                            522 	.area GSINIT  (CODE)
                            523 	.area GSFINAL (CODE)
                            524 	.area GSINIT  (CODE)
                            525 ;--------------------------------------------------------
                            526 ; Home
                            527 ;--------------------------------------------------------
                            528 	.area HOME    (CODE)
                            529 	.area HOME    (CODE)
                            530 ;--------------------------------------------------------
                            531 ; code
                            532 ;--------------------------------------------------------
                            533 	.area CSEG    (CODE)
                            534 ;------------------------------------------------------------
                            535 ;Allocation info for local variables in function 'w2_master_write_control_bytes'
                            536 ;------------------------------------------------------------
                            537 ;data_address              Allocated with name '_w2_master_write_control_bytes_PARM_2'
                            538 ;data_address_len          Allocated with name '_w2_master_write_control_bytes_PARM_3'
                            539 ;slave_address             Allocated with name '_w2_master_write_control_bytes_slave_address_1_1'
                            540 ;x                         Allocated with name '_w2_master_write_control_bytes_x_1_1'
                            541 ;ack_nack_val              Allocated with name '_w2_master_write_control_bytes_ack_nack_val_1_1'
                            542 ;------------------------------------------------------------
                            543 ;	src/w2_master_write_control_bytes.c:48: w2_ack_nack_val_t w2_master_write_control_bytes(uint8_t slave_address, uint8_t * data_address, uint8_t data_address_len)
                            544 ;	-----------------------------------------
                            545 ;	 function w2_master_write_control_bytes
                            546 ;	-----------------------------------------
   0000                     547 _w2_master_write_control_bytes:
                    0007    548 	ar7 = 0x07
                    0006    549 	ar6 = 0x06
                    0005    550 	ar5 = 0x05
                    0004    551 	ar4 = 0x04
                    0003    552 	ar3 = 0x03
                    0002    553 	ar2 = 0x02
                    0001    554 	ar1 = 0x01
                    0000    555 	ar0 = 0x00
   0000 E5 82               556 	mov	a,dpl
                            557 ;	src/w2_master_write_control_bytes.c:54: ack_nack_val = w2_master_tx_byte(((uint8_t)(slave_address << W2DAT_ADDRESS_SHIFT) & W2DAT_ADDRESS_MASK) | W2_MASTER_WRITE, W2_SEND_ONLY_START_CONDITION);
   0002 90s00r04            558 	mov	dptr,#_w2_master_write_control_bytes_slave_address_1_1
   0005 F0                  559 	movx	@dptr,a
   0006 25 E0               560 	add	a,acc
   0008 FF                  561 	mov	r7,a
   0009 53 07 FE            562 	anl	ar7,#0xFE
   000C 90s00r00            563 	mov	dptr,#_w2_master_tx_byte_PARM_2
   000F E4                  564 	clr	a
   0010 F0                  565 	movx	@dptr,a
   0011 8F 82               566 	mov	dpl,r7
   0013 12s00r00            567 	lcall	_w2_master_tx_byte
   0016 AF 82               568 	mov	r7,dpl
                            569 ;	src/w2_master_write_control_bytes.c:56: if(ack_nack_val == W2_NACK_VAL)
   0018 BF 01 07            570 	cjne	r7,#0x01,00114$
                            571 ;	src/w2_master_write_control_bytes.c:58: w2_send_stop_condition();
   001B 43 E2 20            572 	orl	_W2CON0,#0x20
                            573 ;	src/w2_master_write_control_bytes.c:59: return W2_NACK_VAL;
   001E 75 82 01            574 	mov	dpl,#0x01
                            575 ;	src/w2_master_write_control_bytes.c:63: for(x = 0; x < data_address_len; x++)
   0021 22                  576 	ret
   0022                     577 00114$:
   0022 90s00r00            578 	mov	dptr,#_w2_master_write_control_bytes_PARM_2
   0025 E0                  579 	movx	a,@dptr
   0026 FD                  580 	mov	r5,a
   0027 A3                  581 	inc	dptr
   0028 E0                  582 	movx	a,@dptr
   0029 FE                  583 	mov	r6,a
   002A A3                  584 	inc	dptr
   002B E0                  585 	movx	a,@dptr
   002C FF                  586 	mov	r7,a
   002D 90s00r03            587 	mov	dptr,#_w2_master_write_control_bytes_PARM_3
   0030 E0                  588 	movx	a,@dptr
   0031 FC                  589 	mov	r4,a
   0032 7B 00               590 	mov	r3,#0x00
   0034                     591 00105$:
   0034 C3                  592 	clr	c
   0035 EB                  593 	mov	a,r3
   0036 9C                  594 	subb	a,r4
   0037 50 40               595 	jnc	00108$
                            596 ;	src/w2_master_write_control_bytes.c:65: ack_nack_val = w2_master_tx_byte(data_address[x], W2_DONT_SEND_START_OR_STOP_CONDITIONS);
   0039 EB                  597 	mov	a,r3
   003A 2D                  598 	add	a,r5
   003B F8                  599 	mov	r0,a
   003C E4                  600 	clr	a
   003D 3E                  601 	addc	a,r6
   003E F9                  602 	mov	r1,a
   003F 8F 02               603 	mov	ar2,r7
   0041 88 82               604 	mov	dpl,r0
   0043 89 83               605 	mov	dph,r1
   0045 8A F0               606 	mov	b,r2
   0047 12s00r00            607 	lcall	__gptrget
   004A F8                  608 	mov	r0,a
   004B 90s00r00            609 	mov	dptr,#_w2_master_tx_byte_PARM_2
   004E 74 03               610 	mov	a,#0x03
   0050 F0                  611 	movx	@dptr,a
   0051 88 82               612 	mov	dpl,r0
   0053 C0 07               613 	push	ar7
   0055 C0 06               614 	push	ar6
   0057 C0 05               615 	push	ar5
   0059 C0 04               616 	push	ar4
   005B C0 03               617 	push	ar3
   005D 12s00r00            618 	lcall	_w2_master_tx_byte
   0060 AA 82               619 	mov	r2,dpl
   0062 D0 03               620 	pop	ar3
   0064 D0 04               621 	pop	ar4
   0066 D0 05               622 	pop	ar5
   0068 D0 06               623 	pop	ar6
   006A D0 07               624 	pop	ar7
                            625 ;	src/w2_master_write_control_bytes.c:67: if(ack_nack_val == W2_NACK_VAL)
   006C BA 01 07            626 	cjne	r2,#0x01,00107$
                            627 ;	src/w2_master_write_control_bytes.c:69: w2_send_stop_condition();
   006F 43 E2 20            628 	orl	_W2CON0,#0x20
                            629 ;	src/w2_master_write_control_bytes.c:70: return W2_NACK_VAL;
   0072 75 82 01            630 	mov	dpl,#0x01
   0075 22                  631 	ret
   0076                     632 00107$:
                            633 ;	src/w2_master_write_control_bytes.c:63: for(x = 0; x < data_address_len; x++)
   0076 0B                  634 	inc	r3
   0077 80 BB               635 	sjmp	00105$
   0079                     636 00108$:
                            637 ;	src/w2_master_write_control_bytes.c:74: return W2_ACK_VAL;
   0079 75 82 00            638 	mov	dpl,#0x00
   007C 22                  639 	ret
                            640 	.area CSEG    (CODE)
                            641 	.area CONST   (CODE)
                            642 	.area XINIT   (CODE)
                            643 	.area CABS    (ABS,CODE)
